This is XeTeX, Version 3.141592653-2.6-0.999996 (TeX Live 2024/Arch Linux) (preloaded format=xelatex 2024.11.12)  18 NOV 2024 18:12
entering extended mode
 restricted \write18 enabled.
 %&-line parsing enabled.
**main.tex
(./main.tex
LaTeX2e <2023-11-01> patch level 1
L3 programming layer <2024-02-20>
(./ArabicClass.cls
Document Class: ArabicClass 2024/02/09 Example LaTeX class
(/usr/share/texmf-dist/tex/latex/extsizes/extreport.cls
Document Class: extreport 1996/10/08 v1.0 Non Standard LaTeX document class
(/usr/share/texmf-dist/tex/latex/extsizes/size14.clo
File: size14.clo 1999/11/11 v1.4a NON-Standard LaTeX file (size option)
)
(/usr/share/texmf-dist/tex/latex/base/exscale.sty
Package: exscale 2018/09/24 v2.1i Standard LaTeX package exscale
LaTeX Font Info:    Redeclaring symbol font `largesymbols' on input line 57.
LaTeX Font Info:    Overwriting symbol font `largesymbols' in version `normal'
(Font)                  OMX/cmex/m/n --> OMX/cmex/m/n on input line 57.
LaTeX Font Info:    Overwriting symbol font `largesymbols' in version `bold'
(Font)                  OMX/cmex/m/n --> OMX/cmex/m/n on input line 57.
\big@size=\dimen140
)
\c@part=\count184
\c@chapter=\count185
\c@section=\count186
\c@subsection=\count187
\c@subsubsection=\count188
\c@paragraph=\count189
\c@subparagraph=\count190
\c@figure=\count191
\c@table=\count192
\abovecaptionskip=\skip48
\belowcaptionskip=\skip49
\bibindent=\dimen141
)
(/usr/share/texmf-dist/tex/latex/tasks/tasks.sty
(/usr/share/texmf-dist/tex/latex/l3kernel/expl3.sty
Package: expl3 2024-02-20 L3 programming layer (loader) 

(/usr/share/texmf-dist/tex/latex/l3backend/l3backend-xetex.def
File: l3backend-xetex.def 2024-02-20 L3 backend support: XeTeX
\g__graphics_track_int=\count193
\l__pdf_internal_box=\box51
\g__pdf_backend_object_int=\count194
\g__pdf_backend_annotation_int=\count195
\g__pdf_backend_link_int=\count196
))
(/usr/share/texmf-dist/tex/latex/l3packages/xparse/xparse.sty
Package: xparse 2024-02-18 L3 Experimental document command parser
)
(/usr/share/texmf-dist/tex/latex/l3packages/xtemplate/xtemplate.sty
(/usr/share/texmf-dist/tex/latex/l3packages/xtemplate/xtemplate-2023-10-10.sty
Package: xtemplate 2023-10-10 L3 Experimental prototype document functions
\l__xtemplate_tmp_dim=\dimen142
\l__xtemplate_tmp_int=\count197
\l__xtemplate_tmp_muskip=\muskip16
\l__xtemplate_tmp_skip=\skip50
))
Package: tasks 2022/01/08 v1.4a lists with columns filled horizontally
\g__tasks_total_items_int=\count198
\l__tasks_columns_int=\count199
\g__tasks_rows_int=\count266
\g__tasks_current_col_num_int=\count267
\g__tasks_current_row_num_int=\count268
\l__tasks_item_columns_int=\count269
\g__tasks_env_int=\count270
\l__tasks_start_int=\count271
\l__tasks_item_indent_dim=\dimen143
\l__tasks_item_default_indent_dim=\dimen144
\l__tasks_item_width_dim=\dimen145
\l__tasks_label_width_dim=\dimen146
\l__tasks_label_default_width_dim=\dimen147
\l__tasks_label_offset_dim=\dimen148
\l__tasks_label_default_offset_dim=\dimen149
\l__tasks_column_sep_dim=\dimen150
\l__tasks_correction_dim=\dimen151
\l__tasks_full_width_dim=\dimen152
\l__tasks_after_item_skip=\skip51
\l__tasks_custom_after_item_skip=\skip52
\l__tasks_before_list_skip=\skip53
\l__tasks_after_list_skip=\skip54
\l__tasks_item_coffin=\box52
\l__tasks_label_coffin=\box53
\c@task=\count272
\l__tasks_tmpa_int=\count273
\l__tasks_tmpb_int=\count274
\l__tasks_tmpa_coffin=\box54
\l__tasks_tmpa_box=\box55

Package xtemplate Info: Declaring object type 'tasks' taking 3 argument(s) on
(xtemplate)             line 450.

 (/usr/share/texmf-dist/tex/latex/tasks/tasks.cfg))
(/usr/share/texmf-dist/tex/latex/enumitem/enumitem.sty
Package: enumitem 2019/06/20 v3.9 Customized lists
\enitkv@toks@=\toks17
\labelindent=\skip55
\enit@outerparindent=\dimen153
\enit@toks=\toks18
\enit@inbox=\box56
\enit@count@id=\count275
\enitdp@description=\count276
)
(/usr/share/texmf-dist/tex/generic/babel/babel.sty
Package: babel 2024/02/07 v24.2 The Babel package
\babel@savecnt=\count277
\U@D=\dimen154
\l@unhyphenated=\language89

(/usr/share/texmf-dist/tex/generic/babel/xebabel.def)
\bbl@readstream=\read2
\bbl@dirlevel=\count278

(/usr/share/texmf-dist/tex/generic/babel-english/english.ldf
Language: english 2017/06/06 v3.3r English support from the babel system
Package babel Info: Hyphen rules for 'canadian' set to \l@english
(babel)             (\language0). Reported on input line 102.
Package babel Info: Hyphen rules for 'australian' set to \l@ukenglish
(babel)             (\language19). Reported on input line 105.
Package babel Info: Hyphen rules for 'newzealand' set to \l@ukenglish
(babel)             (\language19). Reported on input line 108.
))
(/usr/share/texmf-dist/tex/generic/babel/locale/en/babel-english.tex
Package babel Info: Importing font and identification data for english
(babel)             from babel-en.ini. Reported on input line 11.
)
(/usr/share/texmf-dist/tex/latex/geometry/geometry.sty
Package: geometry 2020/01/02 v5.9 Page Geometry

(/usr/share/texmf-dist/tex/latex/graphics/keyval.sty
Package: keyval 2022/05/29 v1.15 key=value parser (DPC)
\KV@toks@=\toks19
)
(/usr/share/texmf-dist/tex/generic/iftex/ifvtex.sty
Package: ifvtex 2019/10/25 v1.7 ifvtex legacy package. Use iftex instead.

(/usr/share/texmf-dist/tex/generic/iftex/iftex.sty
Package: iftex 2022/02/03 v1.0f TeX engine tests
))
\Gm@cnth=\count279
\Gm@cntv=\count280
\c@Gm@tempcnt=\count281
\Gm@bindingoffset=\dimen155
\Gm@wd@mp=\dimen156
\Gm@odd@mp=\dimen157
\Gm@even@mp=\dimen158
\Gm@layoutwidth=\dimen159
\Gm@layoutheight=\dimen160
\Gm@layouthoffset=\dimen161
\Gm@layoutvoffset=\dimen162
\Gm@dimlist=\toks20
)
(/usr/share/texmf-dist/tex/latex/tools/bm.sty
Package: bm 2023/07/08 v1.2f Bold Symbol Support (DPC/FMi)
\symboldoperators=\mathgroup4
\symboldletters=\mathgroup5
\symboldsymbols=\mathgroup6
Package bm Info: No bold for \OMX/cmex/m/n, using \pmb.
LaTeX Font Info:    Redeclaring math alphabet \mathbf on input line 149.
)
(/usr/share/texmf-dist/tex/latex/fixmath/fixmath.sty
Package: fixmath 2022/10/06 v0.9.1 (WaS)
LaTeX Font Info:    Redeclaring math symbol \Gamma on input line 27.
LaTeX Font Info:    Redeclaring math symbol \Delta on input line 28.
LaTeX Font Info:    Redeclaring math symbol \Theta on input line 29.
LaTeX Font Info:    Redeclaring math symbol \Lambda on input line 30.
LaTeX Font Info:    Redeclaring math symbol \Xi on input line 31.
LaTeX Font Info:    Redeclaring math symbol \Pi on input line 32.
LaTeX Font Info:    Redeclaring math symbol \Sigma on input line 33.
LaTeX Font Info:    Redeclaring math symbol \Upsilon on input line 34.
LaTeX Font Info:    Redeclaring math symbol \Phi on input line 35.
LaTeX Font Info:    Redeclaring math symbol \Psi on input line 36.
LaTeX Font Info:    Redeclaring math symbol \Omega on input line 37.
LaTeX Font Info:    Redeclaring math symbol \alpha on input line 38.
LaTeX Font Info:    Redeclaring math symbol \beta on input line 39.
LaTeX Font Info:    Redeclaring math symbol \gamma on input line 40.
LaTeX Font Info:    Redeclaring math symbol \delta on input line 41.
LaTeX Font Info:    Redeclaring math symbol \epsilon on input line 42.
LaTeX Font Info:    Redeclaring math symbol \zeta on input line 43.
LaTeX Font Info:    Redeclaring math symbol \eta on input line 44.
LaTeX Font Info:    Redeclaring math symbol \theta on input line 45.
LaTeX Font Info:    Redeclaring math symbol \iota on input line 46.
LaTeX Font Info:    Redeclaring math symbol \kappa on input line 47.
LaTeX Font Info:    Redeclaring math symbol \lambda on input line 48.
LaTeX Font Info:    Redeclaring math symbol \mu on input line 49.
LaTeX Font Info:    Redeclaring math symbol \nu on input line 50.
LaTeX Font Info:    Redeclaring math symbol \xi on input line 51.
LaTeX Font Info:    Redeclaring math symbol \pi on input line 52.
LaTeX Font Info:    Redeclaring math symbol \rho on input line 53.
LaTeX Font Info:    Redeclaring math symbol \sigma on input line 54.
LaTeX Font Info:    Redeclaring math symbol \tau on input line 55.
LaTeX Font Info:    Redeclaring math symbol \upsilon on input line 56.
LaTeX Font Info:    Redeclaring math symbol \phi on input line 57.
LaTeX Font Info:    Redeclaring math symbol \chi on input line 58.
LaTeX Font Info:    Redeclaring math symbol \psi on input line 59.
LaTeX Font Info:    Redeclaring math symbol \omega on input line 60.
LaTeX Font Info:    Redeclaring math symbol \varepsilon on input line 61.
LaTeX Font Info:    Redeclaring math symbol \vartheta on input line 62.
LaTeX Font Info:    Redeclaring math symbol \varpi on input line 63.
LaTeX Font Info:    Redeclaring math symbol \varphi on input line 64.
LaTeX Font Info:    Redeclaring math symbol \varrho on input line 65.
LaTeX Font Info:    Redeclaring math symbol \varsigma on input line 66.
)
(/usr/share/texmf-dist/tex/latex/amscls/amsthm.sty
Package: amsthm 2020/05/29 v2.20.6
\thm@style=\toks21
\thm@bodyfont=\toks22
\thm@headfont=\toks23
\thm@notefont=\toks24
\thm@headpunct=\toks25
\thm@preskip=\skip56
\thm@postskip=\skip57
\thm@headsep=\skip58
\dth@everypar=\toks26
)
(/usr/share/texmf-dist/tex/latex/amsfonts/amsfonts.sty
Package: amsfonts 2013/01/14 v3.01 Basic AMSFonts support
\@emptytoks=\toks27
\symAMSa=\mathgroup7
\symAMSb=\mathgroup8
LaTeX Font Info:    Redeclaring math symbol \hbar on input line 98.
LaTeX Font Info:    Overwriting math alphabet `\mathfrak' in version `bold'
(Font)                  U/euf/m/n --> U/euf/b/n on input line 106.
)
(/usr/share/texmf-dist/tex/latex/amsmath/amsmath.sty
Package: amsmath 2023/05/13 v2.17o AMS math features
\@mathmargin=\skip59

For additional information on amsmath, use the `?' option.
(/usr/share/texmf-dist/tex/latex/amsmath/amstext.sty
Package: amstext 2021/08/26 v2.01 AMS text

(/usr/share/texmf-dist/tex/latex/amsmath/amsgen.sty
File: amsgen.sty 1999/11/30 v2.0 generic functions
\@emptytoks=\toks28
\ex@=\dimen163
))
(/usr/share/texmf-dist/tex/latex/amsmath/amsbsy.sty
Package: amsbsy 1999/11/29 v1.2d Bold Symbols
LaTeX Info: Redefining \boldsymbol on input line 28.
\pmbraise@=\dimen164
)
(/usr/share/texmf-dist/tex/latex/amsmath/amsopn.sty
Package: amsopn 2022/04/08 v2.04 operator names
)
\inf@bad=\count282
LaTeX Info: Redefining \frac on input line 234.
\uproot@=\count283
\leftroot@=\count284
LaTeX Info: Redefining \overline on input line 399.
LaTeX Info: Redefining \colon on input line 410.
\classnum@=\count285
\DOTSCASE@=\count286
LaTeX Info: Redefining \ldots on input line 496.
LaTeX Info: Redefining \dots on input line 499.
LaTeX Info: Redefining \cdots on input line 620.
\Mathstrutbox@=\box57
\strutbox@=\box58
LaTeX Info: Redefining \big on input line 722.
LaTeX Info: Redefining \Big on input line 723.
LaTeX Info: Redefining \bigg on input line 724.
LaTeX Info: Redefining \Bigg on input line 725.
\big@size=\dimen165
LaTeX Font Info:    Redeclaring font encoding OML on input line 743.
LaTeX Font Info:    Redeclaring font encoding OMS on input line 744.
\macc@depth=\count287
LaTeX Info: Redefining \bmod on input line 905.
LaTeX Info: Redefining \pmod on input line 910.
LaTeX Info: Redefining \smash on input line 940.
LaTeX Info: Redefining \relbar on input line 970.
LaTeX Info: Redefining \Relbar on input line 971.
\c@MaxMatrixCols=\count288
\dotsspace@=\muskip17
\c@parentequation=\count289
\dspbrk@lvl=\count290
\tag@help=\toks29
\row@=\count291
\column@=\count292
\maxfields@=\count293
\andhelp@=\toks30
\eqnshift@=\dimen166
\alignsep@=\dimen167
\tagshift@=\dimen168
\tagwidth@=\dimen169
\totwidth@=\dimen170
\lineht@=\dimen171
\@envbody=\toks31
\multlinegap=\skip60
\multlinetaggap=\skip61
\mathdisplay@stack=\toks32
LaTeX Info: Redefining \[ on input line 2953.
LaTeX Info: Redefining \] on input line 2954.
)
(/usr/share/texmf-dist/tex/latex/amsfonts/amssymb.sty
Package: amssymb 2013/01/14 v3.01 AMS font symbols
)
(/usr/share/texmf-dist/tex/latex/mathtools/mathtools.sty
Package: mathtools 2024/03/11 v1.30 mathematical typesetting tools

(/usr/share/texmf-dist/tex/latex/tools/calc.sty
Package: calc 2023/07/08 v4.3 Infix arithmetic (KKT,FJ)
\calc@Acount=\count294
\calc@Bcount=\count295
\calc@Adimen=\dimen172
\calc@Bdimen=\dimen173
\calc@Askip=\skip62
\calc@Bskip=\skip63
LaTeX Info: Redefining \setlength on input line 80.
LaTeX Info: Redefining \addtolength on input line 81.
\calc@Ccount=\count296
\calc@Cskip=\skip64
)
(/usr/share/texmf-dist/tex/latex/mathtools/mhsetup.sty
Package: mhsetup 2021/03/18 v1.4 programming setup (MH)
)
\g_MT_multlinerow_int=\count297
\l_MT_multwidth_dim=\dimen174
\origjot=\skip65
\l_MT_shortvdotswithinadjustabove_dim=\dimen175
\l_MT_shortvdotswithinadjustbelow_dim=\dimen176
\l_MT_above_intertext_sep=\dimen177
\l_MT_below_intertext_sep=\dimen178
\l_MT_above_shortintertext_sep=\dimen179
\l_MT_below_shortintertext_sep=\dimen180
\xmathstrut@box=\box59
\xmathstrut@dim=\dimen181
)
(/usr/share/texmf-dist/tex/latex/units/nicefrac.sty
Package: nicefrac 1998/08/04 v0.9b Nice fractions
\L@UnitsRaiseDisplaystyle=\skip66
\L@UnitsRaiseTextstyle=\skip67
\L@UnitsRaiseScriptstyle=\skip68

(/usr/share/texmf-dist/tex/latex/base/ifthen.sty
Package: ifthen 2022/04/13 v1.1d Standard LaTeX ifthen package (DPC)
))
(/usr/share/texmf-dist/tex/latex/xfrac/xfrac.sty
(/usr/share/texmf-dist/tex/latex/graphics/graphicx.sty
Package: graphicx 2021/09/16 v1.2d Enhanced LaTeX Graphics (DPC,SPQR)

(/usr/share/texmf-dist/tex/latex/graphics/graphics.sty
Package: graphics 2022/03/10 v1.4e Standard LaTeX Graphics (DPC,SPQR)

(/usr/share/texmf-dist/tex/latex/graphics/trig.sty
Package: trig 2021/08/11 v1.11 sin cos tan (DPC)
)
(/usr/share/texmf-dist/tex/latex/graphics-cfg/graphics.cfg
File: graphics.cfg 2016/06/04 v1.11 sample graphics configuration
)
Package graphics Info: Driver file: xetex.def on input line 107.

(/usr/share/texmf-dist/tex/latex/graphics-def/xetex.def
File: xetex.def 2022/09/22 v5.0n Graphics/color driver for xetex
))
\Gin@req@height=\dimen182
\Gin@req@width=\dimen183
)
Package: xfrac 2024-02-13 Split-level fractions
\l__xfrac_slash_box=\box60
\l__xfrac_tmp_box=\box61
\l__xfrac_denominator_bot_sep_dim=\dimen184
\l__xfrac_numerator_bot_sep_dim=\dimen185
\l__xfrac_numerator_top_sep_dim=\dimen186
\l__xfrac_slash_left_sep_dim=\dimen187
\l__xfrac_slash_right_sep_dim=\dimen188
\l__xfrac_slash_left_muskip=\muskip18
\l__xfrac_slash_right_muskip=\muskip19

Package xtemplate Info: Declaring object type 'xfrac' taking 3 argument(s) on
(xtemplate)             line 98.

)
(/usr/share/texmf-dist/tex/latex/siunitx/siunitx.sty
Package: siunitx 2024-02-15 v3.3.12 A comprehensive (SI) units package
\l__siunitx_number_uncert_offset_int=\count298
\l__siunitx_number_exponent_fixed_int=\count299
\l__siunitx_number_min_decimal_int=\count300
\l__siunitx_number_min_integer_int=\count301
\l__siunitx_number_round_precision_int=\count302
\l__siunitx_number_lower_threshold_int=\count303
\l__siunitx_number_upper_threshold_int=\count304
\l__siunitx_number_group_first_int=\count305
\l__siunitx_number_group_size_int=\count306
\l__siunitx_number_group_minimum_int=\count307
\l__siunitx_angle_tmp_dim=\dimen189
\l__siunitx_angle_marker_box=\box62
\l__siunitx_angle_unit_box=\box63
\l__siunitx_compound_count_int=\count308

(/usr/share/texmf-dist/tex/latex/translations/translations.sty
Package: translations 2022/02/05 v1.12 internationalization of LaTeX2e packages
 (CN)

(/usr/share/texmf-dist/tex/latex/etoolbox/etoolbox.sty
Package: etoolbox 2020/10/05 v2.5k e-TeX tools for LaTeX (JAW)
\etb@tempcnta=\count309
)
(/usr/share/texmf-dist/tex/generic/pdftexcmds/pdftexcmds.sty
Package: pdftexcmds 2020-06-27 v0.33 Utility functions of pdfTeX for LuaTeX (HO
)

(/usr/share/texmf-dist/tex/generic/infwarerr/infwarerr.sty
Package: infwarerr 2019/12/03 v1.5 Providing info/warning/error messages (HO)
)
(/usr/share/texmf-dist/tex/generic/ltxcmds/ltxcmds.sty
Package: ltxcmds 2023-12-04 v1.26 LaTeX kernel commands for general use (HO)
)
Package pdftexcmds Info: \pdf@primitive is available.
Package pdftexcmds Info: \pdf@ifprimitive is available.
Package pdftexcmds Info: \pdfdraftmode not found.
))
\l__siunitx_table_tmp_box=\box64
\l__siunitx_table_tmp_dim=\dimen190
\l__siunitx_table_column_width_dim=\dimen191
\l__siunitx_table_integer_box=\box65
\l__siunitx_table_decimal_box=\box66
\l__siunitx_table_uncert_box=\box67
\l__siunitx_table_before_box=\box68
\l__siunitx_table_after_box=\box69
\l__siunitx_table_before_dim=\dimen192
\l__siunitx_table_carry_dim=\dimen193
\l__siunitx_unit_tmp_int=\count310
\l__siunitx_unit_position_int=\count311
\l__siunitx_unit_total_int=\count312

(/usr/share/texmf-dist/tex/latex/tools/array.sty
Package: array 2023/10/16 v2.5g Tabular extension package (FMi)
\col@sep=\dimen194
\ar@mcellbox=\box70
\extrarowheight=\dimen195
\NC@list=\toks33
\extratabsurround=\skip69
\backup@length=\skip70
\ar@cellbox=\box71
))
(/usr/share/texmf-dist/tex/latex/ncctools/nccmath.sty
Package: nccmath 2006/01/20 v1.3 Additional Math Commands (NCC)
\NCC@fracrulewidth=\dimen196
)
(/usr/share/texmf-dist/tex/latex/titlesec/titletoc.sty
Package: titletoc 2023/10/27 v2.16 TOC entries
\ttl@leftsep=\dimen197
)
(/usr/share/texmf-dist/tex/latex/titlesec/titlesec.sty
Package: titlesec 2023/10/27 v2.16 Sectioning titles
\ttl@box=\box72
\beforetitleunit=\skip71
\aftertitleunit=\skip72
\ttl@plus=\dimen198
\ttl@minus=\dimen199
\ttl@toksa=\toks34
\titlewidth=\dimen256
\titlewidthlast=\dimen257
\titlewidthfirst=\dimen258
)
(/usr/share/texmf-dist/tex/latex/fmtcount/fmtcount.sty
Invalid UTF-8 byte or sequence at line 10 replaced by U+FFFD.
Invalid UTF-8 byte or sequence at line 22 replaced by U+FFFD.
Package: fmtcount 2020/01/30 v3.07

(/usr/share/texmf-dist/tex/latex/xkeyval/xkeyval.sty
Package: xkeyval 2022/06/16 v2.9 package option processing (HA)

(/usr/share/texmf-dist/tex/generic/xkeyval/xkeyval.tex
(/usr/share/texmf-dist/tex/generic/xkeyval/xkvutils.tex
\XKV@toks=\toks35
\XKV@tempa@toks=\toks36
)
\XKV@depth=\count313
File: xkeyval.tex 2014/12/03 v2.7a key=value parser (HA)
))
(/usr/share/texmf-dist/tex/latex/fmtcount/fcprefix.sty
Invalid UTF-8 byte or sequence at line 10 replaced by U+FFFD.
Invalid UTF-8 byte or sequence at line 22 replaced by U+FFFD.
Package: fcprefix 2012/09/28

(/usr/share/texmf-dist/tex/latex/fmtcount/fcnumparser.sty
Invalid UTF-8 byte or sequence at line 10 replaced by U+FFFD.
Invalid UTF-8 byte or sequence at line 22 replaced by U+FFFD.
Package: fcnumparser 2017/06/15
\fc@digit@counter=\count314
))
\c@padzeroesN=\count315
\fc@tmpcatcode=\count316

(/usr/share/texmf-dist/tex/latex/fmtcount/fc-english.def
Invalid UTF-8 byte or sequence at line 10 replaced by U+FFFD.
Invalid UTF-8 byte or sequence at line 22 replaced by U+FFFD.
File: fc-english.def 2016/01/12
)
\@DT@modctr=\count317
\@ordinalctr=\count318
\@orgargctr=\count319
\@strctr=\count320
\@tmpstrctr=\count321
\@DT@loopN=\count322
\@DT@X=\count323
)
(/usr/share/texmf-dist/tex/latex/setspace/setspace.sty
Package: setspace 2022/12/04 v6.7b set line spacing
)
(/usr/share/texmf-dist/tex/latex/xcolor/xcolor.sty
Package: xcolor 2023/11/15 v3.01 LaTeX color extensions (UK)

(/usr/share/texmf-dist/tex/latex/graphics-cfg/color.cfg
File: color.cfg 2016/01/02 v1.6 sample color configuration
)
Package xcolor Info: Driver file: xetex.def on input line 274.

(/usr/share/texmf-dist/tex/latex/graphics/mathcolor.ltx)
Package xcolor Info: Model `cmy' substituted by `cmy0' on input line 1350.
Package xcolor Info: Model `RGB' extended on input line 1366.
Package xcolor Info: Model `HTML' substituted by `rgb' on input line 1368.
Package xcolor Info: Model `Hsb' substituted by `hsb' on input line 1369.
Package xcolor Info: Model `tHsb' substituted by `hsb' on input line 1370.
Package xcolor Info: Model `HSB' substituted by `hsb' on input line 1371.
Package xcolor Info: Model `Gray' substituted by `gray' on input line 1372.
Package xcolor Info: Model `wave' substituted by `hsb' on input line 1373.
)
(/usr/share/texmf-dist/tex/latex/hyperref/hyperref.sty
Package: hyperref 2024-01-20 v7.01h Hypertext links for LaTeX

(/usr/share/texmf-dist/tex/latex/kvsetkeys/kvsetkeys.sty
Package: kvsetkeys 2022-10-05 v1.19 Key value parser (HO)
)
(/usr/share/texmf-dist/tex/generic/kvdefinekeys/kvdefinekeys.sty
Package: kvdefinekeys 2019-12-19 v1.6 Define keys (HO)
)
(/usr/share/texmf-dist/tex/generic/pdfescape/pdfescape.sty
Package: pdfescape 2019/12/09 v1.15 Implements pdfTeX's escape features (HO)
)
(/usr/share/texmf-dist/tex/latex/hycolor/hycolor.sty
Package: hycolor 2020-01-27 v1.10 Color options for hyperref/bookmark (HO)
)
(/usr/share/texmf-dist/tex/latex/auxhook/auxhook.sty
Package: auxhook 2019-12-17 v1.6 Hooks for auxiliary files (HO)
)
(/usr/share/texmf-dist/tex/latex/hyperref/nameref.sty
Package: nameref 2023-11-26 v2.56 Cross-referencing by name of section

(/usr/share/texmf-dist/tex/latex/refcount/refcount.sty
Package: refcount 2019/12/15 v3.6 Data extraction from label references (HO)
)
(/usr/share/texmf-dist/tex/generic/gettitlestring/gettitlestring.sty
Package: gettitlestring 2019/12/15 v1.6 Cleanup title references (HO)

(/usr/share/texmf-dist/tex/latex/kvoptions/kvoptions.sty
Package: kvoptions 2022-06-15 v3.15 Key value format for package options (HO)
))
\c@section@level=\count324
)
\@linkdim=\dimen259
\Hy@linkcounter=\count325
\Hy@pagecounter=\count326

(/usr/share/texmf-dist/tex/latex/hyperref/pd1enc.def
File: pd1enc.def 2024-01-20 v7.01h Hyperref: PDFDocEncoding definition (HO)
)
(/usr/share/texmf-dist/tex/generic/intcalc/intcalc.sty
Package: intcalc 2019/12/15 v1.3 Expandable calculations with integers (HO)
)
\Hy@SavedSpaceFactor=\count327

(/usr/share/texmf-dist/tex/latex/hyperref/puenc.def
File: puenc.def 2024-01-20 v7.01h Hyperref: PDF Unicode definition (HO)
)
Package hyperref Info: Hyper figures OFF on input line 4179.
Package hyperref Info: Link nesting OFF on input line 4184.
Package hyperref Info: Hyper index ON on input line 4187.
Package hyperref Info: Plain pages OFF on input line 4194.
Package hyperref Info: Backreferencing OFF on input line 4199.
Package hyperref Info: Implicit mode ON; LaTeX internals redefined.
Package hyperref Info: Bookmarks ON on input line 4446.
\c@Hy@tempcnt=\count328

(/usr/share/texmf-dist/tex/latex/url/url.sty
\Urlmuskip=\muskip20
Package: url 2013/09/16  ver 3.4  Verb mode for urls, etc.
)
LaTeX Info: Redefining \url on input line 4784.
\XeTeXLinkMargin=\dimen260

(/usr/share/texmf-dist/tex/generic/bitset/bitset.sty
Package: bitset 2019/12/09 v1.3 Handle bit-vector datatype (HO)

(/usr/share/texmf-dist/tex/generic/bigintcalc/bigintcalc.sty
Package: bigintcalc 2019/12/15 v1.5 Expandable calculations on big integers (HO
)
))
\Fld@menulength=\count329
\Field@Width=\dimen261
\Fld@charsize=\dimen262
Package hyperref Info: Hyper figures OFF on input line 6063.
Package hyperref Info: Link nesting OFF on input line 6068.
Package hyperref Info: Hyper index ON on input line 6071.
Package hyperref Info: backreferencing OFF on input line 6078.
Package hyperref Info: Link coloring OFF on input line 6083.
Package hyperref Info: Link coloring with OCG OFF on input line 6088.
Package hyperref Info: PDF/A mode OFF on input line 6093.

(/usr/share/texmf-dist/tex/latex/base/atbegshi-ltx.sty
Package: atbegshi-ltx 2021/01/10 v1.0c Emulation of the original atbegshi
package with kernel methods
)
\Hy@abspage=\count330
\c@Item=\count331
\c@Hfootnote=\count332
)
Package hyperref Info: Driver (autodetected): hxetex.

(/usr/share/texmf-dist/tex/latex/hyperref/hxetex.def
File: hxetex.def 2024-01-20 v7.01h Hyperref driver for XeTeX

(/usr/share/texmf-dist/tex/generic/stringenc/stringenc.sty
Package: stringenc 2019/11/29 v1.12 Convert strings between diff. encodings (HO
)
)
\pdfm@box=\box73
\c@Hy@AnnotLevel=\count333
\HyField@AnnotCount=\count334
\Fld@listcount=\count335
\c@bookmark@seq@number=\count336

(/usr/share/texmf-dist/tex/latex/rerunfilecheck/rerunfilecheck.sty
Package: rerunfilecheck 2022-07-10 v1.10 Rerun checks for auxiliary files (HO)

(/usr/share/texmf-dist/tex/latex/base/atveryend-ltx.sty
Package: atveryend-ltx 2020/08/19 v1.0a Emulation of the original atveryend pac
kage
with kernel methods
)
(/usr/share/texmf-dist/tex/generic/uniquecounter/uniquecounter.sty
Package: uniquecounter 2019/12/15 v1.4 Provide unlimited unique counter (HO)
)
Package uniquecounter Info: New unique counter `rerunfilecheck' on input line 2
85.
)
\Hy@SectionHShift=\skip73
)
(/usr/share/texmf-dist/tex/latex/float/float.sty
Package: float 2001/11/08 v1.3d Float enhancements (AL)
\c@float@type=\count337
\float@exts=\toks37
\float@box=\box74
\@float@everytoks=\toks38
\@floatcapt=\box75
)
(/usr/share/texmf-dist/tex/latex/tcolorbox/tcolorbox.sty
Package: tcolorbox 2024/01/10 version 6.2.0 text color boxes

(/usr/share/texmf-dist/tex/latex/pgf/basiclayer/pgf.sty
(/usr/share/texmf-dist/tex/latex/pgf/utilities/pgfrcs.sty
(/usr/share/texmf-dist/tex/generic/pgf/utilities/pgfutil-common.tex
\pgfutil@everybye=\toks39
\pgfutil@tempdima=\dimen263
\pgfutil@tempdimb=\dimen264
)
(/usr/share/texmf-dist/tex/generic/pgf/utilities/pgfutil-latex.def
\pgfutil@abb=\box76
)
(/usr/share/texmf-dist/tex/generic/pgf/utilities/pgfrcs.code.tex
(/usr/share/texmf-dist/tex/generic/pgf/pgf.revision.tex)
Package: pgfrcs 2023-01-15 v3.1.10 (3.1.10)
))
Package: pgf 2023-01-15 v3.1.10 (3.1.10)

(/usr/share/texmf-dist/tex/latex/pgf/basiclayer/pgfcore.sty
(/usr/share/texmf-dist/tex/latex/pgf/systemlayer/pgfsys.sty
(/usr/share/texmf-dist/tex/generic/pgf/systemlayer/pgfsys.code.tex
Package: pgfsys 2023-01-15 v3.1.10 (3.1.10)

(/usr/share/texmf-dist/tex/generic/pgf/utilities/pgfkeys.code.tex
\pgfkeys@pathtoks=\toks40
\pgfkeys@temptoks=\toks41

(/usr/share/texmf-dist/tex/generic/pgf/utilities/pgfkeyslibraryfiltered.code.te
x
\pgfkeys@tmptoks=\toks42
))
\pgf@x=\dimen265
\pgf@y=\dimen266
\pgf@xa=\dimen267
\pgf@ya=\dimen268
\pgf@xb=\dimen269
\pgf@yb=\dimen270
\pgf@xc=\dimen271
\pgf@yc=\dimen272
\pgf@xd=\dimen273
\pgf@yd=\dimen274
\w@pgf@writea=\write3
\r@pgf@reada=\read3
\c@pgf@counta=\count338
\c@pgf@countb=\count339
\c@pgf@countc=\count340
\c@pgf@countd=\count341
\t@pgf@toka=\toks43
\t@pgf@tokb=\toks44
\t@pgf@tokc=\toks45
\pgf@sys@id@count=\count342
 (/usr/share/texmf-dist/tex/generic/pgf/systemlayer/pgf.cfg
File: pgf.cfg 2023-01-15 v3.1.10 (3.1.10)
)
Driver file for pgf: pgfsys-xetex.def

(/usr/share/texmf-dist/tex/generic/pgf/systemlayer/pgfsys-xetex.def
File: pgfsys-xetex.def 2023-01-15 v3.1.10 (3.1.10)

(/usr/share/texmf-dist/tex/generic/pgf/systemlayer/pgfsys-dvipdfmx.def
File: pgfsys-dvipdfmx.def 2023-01-15 v3.1.10 (3.1.10)

(/usr/share/texmf-dist/tex/generic/pgf/systemlayer/pgfsys-common-pdf.def
File: pgfsys-common-pdf.def 2023-01-15 v3.1.10 (3.1.10)
)
\pgfsys@objnum=\count343
)))
(/usr/share/texmf-dist/tex/generic/pgf/systemlayer/pgfsyssoftpath.code.tex
File: pgfsyssoftpath.code.tex 2023-01-15 v3.1.10 (3.1.10)
\pgfsyssoftpath@smallbuffer@items=\count344
\pgfsyssoftpath@bigbuffer@items=\count345
)
(/usr/share/texmf-dist/tex/generic/pgf/systemlayer/pgfsysprotocol.code.tex
File: pgfsysprotocol.code.tex 2023-01-15 v3.1.10 (3.1.10)
))
(/usr/share/texmf-dist/tex/generic/pgf/basiclayer/pgfcore.code.tex
Package: pgfcore 2023-01-15 v3.1.10 (3.1.10)

(/usr/share/texmf-dist/tex/generic/pgf/math/pgfmath.code.tex
(/usr/share/texmf-dist/tex/generic/pgf/math/pgfmathutil.code.tex)
(/usr/share/texmf-dist/tex/generic/pgf/math/pgfmathparser.code.tex
\pgfmath@dimen=\dimen275
\pgfmath@count=\count346
\pgfmath@box=\box77
\pgfmath@toks=\toks46
\pgfmath@stack@operand=\toks47
\pgfmath@stack@operation=\toks48
)
(/usr/share/texmf-dist/tex/generic/pgf/math/pgfmathfunctions.code.tex)
(/usr/share/texmf-dist/tex/generic/pgf/math/pgfmathfunctions.basic.code.tex)
(/usr/share/texmf-dist/tex/generic/pgf/math/pgfmathfunctions.trigonometric.code
.tex)
(/usr/share/texmf-dist/tex/generic/pgf/math/pgfmathfunctions.random.code.tex)
(/usr/share/texmf-dist/tex/generic/pgf/math/pgfmathfunctions.comparison.code.te
x) (/usr/share/texmf-dist/tex/generic/pgf/math/pgfmathfunctions.base.code.tex)
(/usr/share/texmf-dist/tex/generic/pgf/math/pgfmathfunctions.round.code.tex)
(/usr/share/texmf-dist/tex/generic/pgf/math/pgfmathfunctions.misc.code.tex)
(/usr/share/texmf-dist/tex/generic/pgf/math/pgfmathfunctions.integerarithmetics
.code.tex) (/usr/share/texmf-dist/tex/generic/pgf/math/pgfmathcalc.code.tex)
(/usr/share/texmf-dist/tex/generic/pgf/math/pgfmathfloat.code.tex
\c@pgfmathroundto@lastzeros=\count347
))
(/usr/share/texmf-dist/tex/generic/pgf/math/pgfint.code.tex)
(/usr/share/texmf-dist/tex/generic/pgf/basiclayer/pgfcorepoints.code.tex
File: pgfcorepoints.code.tex 2023-01-15 v3.1.10 (3.1.10)
\pgf@picminx=\dimen276
\pgf@picmaxx=\dimen277
\pgf@picminy=\dimen278
\pgf@picmaxy=\dimen279
\pgf@pathminx=\dimen280
\pgf@pathmaxx=\dimen281
\pgf@pathminy=\dimen282
\pgf@pathmaxy=\dimen283
\pgf@xx=\dimen284
\pgf@xy=\dimen285
\pgf@yx=\dimen286
\pgf@yy=\dimen287
\pgf@zx=\dimen288
\pgf@zy=\dimen289
)
(/usr/share/texmf-dist/tex/generic/pgf/basiclayer/pgfcorepathconstruct.code.tex
File: pgfcorepathconstruct.code.tex 2023-01-15 v3.1.10 (3.1.10)
\pgf@path@lastx=\dimen290
\pgf@path@lasty=\dimen291
) (/usr/share/texmf-dist/tex/generic/pgf/basiclayer/pgfcorepathusage.code.tex
File: pgfcorepathusage.code.tex 2023-01-15 v3.1.10 (3.1.10)
\pgf@shorten@end@additional=\dimen292
\pgf@shorten@start@additional=\dimen293
)
(/usr/share/texmf-dist/tex/generic/pgf/basiclayer/pgfcorescopes.code.tex
File: pgfcorescopes.code.tex 2023-01-15 v3.1.10 (3.1.10)
\pgfpic=\box78
\pgf@hbox=\box79
\pgf@layerbox@main=\box80
\pgf@picture@serial@count=\count348
)
(/usr/share/texmf-dist/tex/generic/pgf/basiclayer/pgfcoregraphicstate.code.tex
File: pgfcoregraphicstate.code.tex 2023-01-15 v3.1.10 (3.1.10)
\pgflinewidth=\dimen294
)
(/usr/share/texmf-dist/tex/generic/pgf/basiclayer/pgfcoretransformations.code.t
ex
File: pgfcoretransformations.code.tex 2023-01-15 v3.1.10 (3.1.10)
\pgf@pt@x=\dimen295
\pgf@pt@y=\dimen296
\pgf@pt@temp=\dimen297
) (/usr/share/texmf-dist/tex/generic/pgf/basiclayer/pgfcorequick.code.tex
File: pgfcorequick.code.tex 2023-01-15 v3.1.10 (3.1.10)
)
(/usr/share/texmf-dist/tex/generic/pgf/basiclayer/pgfcoreobjects.code.tex
File: pgfcoreobjects.code.tex 2023-01-15 v3.1.10 (3.1.10)
)
(/usr/share/texmf-dist/tex/generic/pgf/basiclayer/pgfcorepathprocessing.code.te
x
File: pgfcorepathprocessing.code.tex 2023-01-15 v3.1.10 (3.1.10)
) (/usr/share/texmf-dist/tex/generic/pgf/basiclayer/pgfcorearrows.code.tex
File: pgfcorearrows.code.tex 2023-01-15 v3.1.10 (3.1.10)
\pgfarrowsep=\dimen298
)
(/usr/share/texmf-dist/tex/generic/pgf/basiclayer/pgfcoreshade.code.tex
File: pgfcoreshade.code.tex 2023-01-15 v3.1.10 (3.1.10)
\pgf@max=\dimen299
\pgf@sys@shading@range@num=\count349
\pgf@shadingcount=\count350
)
(/usr/share/texmf-dist/tex/generic/pgf/basiclayer/pgfcoreimage.code.tex
File: pgfcoreimage.code.tex 2023-01-15 v3.1.10 (3.1.10)
)
(/usr/share/texmf-dist/tex/generic/pgf/basiclayer/pgfcoreexternal.code.tex
File: pgfcoreexternal.code.tex 2023-01-15 v3.1.10 (3.1.10)
\pgfexternal@startupbox=\box81
)
(/usr/share/texmf-dist/tex/generic/pgf/basiclayer/pgfcorelayers.code.tex
File: pgfcorelayers.code.tex 2023-01-15 v3.1.10 (3.1.10)
)
(/usr/share/texmf-dist/tex/generic/pgf/basiclayer/pgfcoretransparency.code.tex
File: pgfcoretransparency.code.tex 2023-01-15 v3.1.10 (3.1.10)
) (/usr/share/texmf-dist/tex/generic/pgf/basiclayer/pgfcorepatterns.code.tex
File: pgfcorepatterns.code.tex 2023-01-15 v3.1.10 (3.1.10)
)
(/usr/share/texmf-dist/tex/generic/pgf/basiclayer/pgfcorerdf.code.tex
File: pgfcorerdf.code.tex 2023-01-15 v3.1.10 (3.1.10)
)))
(/usr/share/texmf-dist/tex/generic/pgf/modules/pgfmoduleshapes.code.tex
File: pgfmoduleshapes.code.tex 2023-01-15 v3.1.10 (3.1.10)
\pgfnodeparttextbox=\box82
)
(/usr/share/texmf-dist/tex/generic/pgf/modules/pgfmoduleplot.code.tex
File: pgfmoduleplot.code.tex 2023-01-15 v3.1.10 (3.1.10)
)
(/usr/share/texmf-dist/tex/latex/pgf/compatibility/pgfcomp-version-0-65.sty
Package: pgfcomp-version-0-65 2023-01-15 v3.1.10 (3.1.10)
\pgf@nodesepstart=\dimen300
\pgf@nodesepend=\dimen301
)
(/usr/share/texmf-dist/tex/latex/pgf/compatibility/pgfcomp-version-1-18.sty
Package: pgfcomp-version-1-18 2023-01-15 v3.1.10 (3.1.10)
))
(/usr/share/texmf-dist/tex/latex/tools/verbatim.sty
Package: verbatim 2023-11-06 v1.5v LaTeX2e package for verbatim enhancements
\every@verbatim=\toks49
\verbatim@line=\toks50
\verbatim@in@stream=\read4
)
(/usr/share/texmf-dist/tex/latex/environ/environ.sty
Package: environ 2014/05/04 v0.3 A new way to define environments

(/usr/share/texmf-dist/tex/latex/trimspaces/trimspaces.sty
Package: trimspaces 2009/09/17 v1.1 Trim spaces around a token list
))
\tcb@titlebox=\box83
\tcb@upperbox=\box84
\tcb@lowerbox=\box85
\tcb@phantombox=\box86
\c@tcbbreakpart=\count351
\c@tcblayer=\count352
\c@tcolorbox@number=\count353
\l__tcobox_tmpa_box=\box87
\l__tcobox_tmpa_dim=\dimen302
\tcb@temp=\box88
\tcb@temp=\box89
\tcb@temp=\box90
\tcb@temp=\box91
)
(/usr/share/texmf-dist/tex/latex/pgfplots/pgfplots.sty
(/usr/share/texmf-dist/tex/generic/pgfplots/pgfplots.revision.tex)
Package: pgfplots 2021/05/15 v1.18.1 Data Visualization (1.18.1)

(/usr/share/texmf-dist/tex/latex/pgf/frontendlayer/tikz.sty
(/usr/share/texmf-dist/tex/latex/pgf/utilities/pgffor.sty
(/usr/share/texmf-dist/tex/latex/pgf/utilities/pgfkeys.sty
(/usr/share/texmf-dist/tex/generic/pgf/utilities/pgfkeys.code.tex))
(/usr/share/texmf-dist/tex/latex/pgf/math/pgfmath.sty
(/usr/share/texmf-dist/tex/generic/pgf/math/pgfmath.code.tex))
(/usr/share/texmf-dist/tex/generic/pgf/utilities/pgffor.code.tex
Package: pgffor 2023-01-15 v3.1.10 (3.1.10)
\pgffor@iter=\dimen303
\pgffor@skip=\dimen304
\pgffor@stack=\toks51
\pgffor@toks=\toks52
))
(/usr/share/texmf-dist/tex/generic/pgf/frontendlayer/tikz/tikz.code.tex
Package: tikz 2023-01-15 v3.1.10 (3.1.10)

(/usr/share/texmf-dist/tex/generic/pgf/libraries/pgflibraryplothandlers.code.te
x
File: pgflibraryplothandlers.code.tex 2023-01-15 v3.1.10 (3.1.10)
\pgf@plot@mark@count=\count354
\pgfplotmarksize=\dimen305
)
\tikz@lastx=\dimen306
\tikz@lasty=\dimen307
\tikz@lastxsaved=\dimen308
\tikz@lastysaved=\dimen309
\tikz@lastmovetox=\dimen310
\tikz@lastmovetoy=\dimen311
\tikzleveldistance=\dimen312
\tikzsiblingdistance=\dimen313
\tikz@figbox=\box92
\tikz@figbox@bg=\box93
\tikz@tempbox=\box94
\tikz@tempbox@bg=\box95
\tikztreelevel=\count355
\tikznumberofchildren=\count356
\tikznumberofcurrentchild=\count357
\tikz@fig@count=\count358
 (/usr/share/texmf-dist/tex/generic/pgf/modules/pgfmodulematrix.code.tex
File: pgfmodulematrix.code.tex 2023-01-15 v3.1.10 (3.1.10)
\pgfmatrixcurrentrow=\count359
\pgfmatrixcurrentcolumn=\count360
\pgf@matrix@numberofcolumns=\count361
)
\tikz@expandcount=\count362

(/usr/share/texmf-dist/tex/generic/pgf/frontendlayer/tikz/libraries/tikzlibrary
topaths.code.tex
File: tikzlibrarytopaths.code.tex 2023-01-15 v3.1.10 (3.1.10)
)))
(/usr/share/texmf-dist/tex/generic/pgfplots/pgfplots.code.tex
(/usr/share/texmf-dist/tex/generic/pgfplots/pgfplotscore.code.tex
\t@pgfplots@toka=\toks53
\t@pgfplots@tokb=\toks54
\t@pgfplots@tokc=\toks55
\pgfplots@tmpa=\dimen314
\c@pgfplots@coordindex=\count363
\c@pgfplots@scanlineindex=\count364

(/usr/share/texmf-dist/tex/generic/pgfplots/sys/pgfplotssysgeneric.code.tex))
(/usr/share/texmf-dist/tex/generic/pgfplots/libs/pgfplotslibrary.code.tex)
(/usr/share/texmf-dist/tex/generic/pgfplots/oldpgfcompatib/pgfplotsoldpgfsupp_l
oader.code.tex
(/usr/share/texmf-dist/tex/generic/pgf/libraries/pgflibraryfpu.code.tex)
Package pgfplots: loading complementary utilities for your pgf version...
\t@pgf@toka=\toks56
\t@pgf@tokb=\toks57
\t@pgf@tokc=\toks58

(/usr/share/texmf-dist/tex/generic/pgfplots/oldpgfcompatib/pgfplotsoldpgfsupp_p
gfutil-common-lists.tex))
(/usr/share/texmf-dist/tex/generic/pgfplots/util/pgfplotsutil.code.tex
(/usr/share/texmf-dist/tex/generic/pgfplots/liststructure/pgfplotsliststructure
.code.tex)
(/usr/share/texmf-dist/tex/generic/pgfplots/liststructure/pgfplotsliststructure
ext.code.tex)
(/usr/share/texmf-dist/tex/generic/pgfplots/liststructure/pgfplotsarray.code.te
x
\c@pgfplotsarray@tmp=\count365
)
(/usr/share/texmf-dist/tex/generic/pgfplots/liststructure/pgfplotsmatrix.code.t
ex)
(/usr/share/texmf-dist/tex/generic/pgfplots/numtable/pgfplotstableshared.code.t
ex
\c@pgfplotstable@counta=\count366
\t@pgfplotstable@a=\toks59
)
(/usr/share/texmf-dist/tex/generic/pgfplots/liststructure/pgfplotsdeque.code.te
x) (/usr/share/texmf-dist/tex/generic/pgfplots/util/pgfplotsbinary.code.tex
(/usr/share/texmf-dist/tex/generic/pgfplots/util/pgfplotsbinary.data.code.tex))
(/usr/share/texmf-dist/tex/generic/pgfplots/util/pgfplotsutil.verb.code.tex)
(/usr/share/texmf-dist/tex/generic/pgfplots/libs/pgflibrarypgfplots.surfshading
.code.tex
\c@pgfplotslibrarysurf@no=\count367

(/usr/share/texmf-dist/tex/generic/pgfplots/sys/pgflibrarypgfplots.surfshading.
pgfsys-xetex.def
(/usr/share/texmf-dist/tex/generic/pgfplots/sys/pgflibrarypgfplots.surfshading.
pgfsys-dvipdfmx.def
\c@pgfplotslibrarysurf@streamlen=\count368
))))
(/usr/share/texmf-dist/tex/generic/pgfplots/util/pgfplotscolormap.code.tex
(/usr/share/texmf-dist/tex/generic/pgfplots/util/pgfplotscolor.code.tex))
(/usr/share/texmf-dist/tex/generic/pgfplots/pgfplotsstackedplots.code.tex)
(/usr/share/texmf-dist/tex/generic/pgfplots/pgfplotsplothandlers.code.tex
(/usr/share/texmf-dist/tex/generic/pgfplots/pgfplotsmeshplothandler.code.tex
(/usr/share/texmf-dist/tex/generic/pgfplots/pgfplotsmeshplotimage.code.tex)))
(/usr/share/texmf-dist/tex/generic/pgfplots/pgfplots.scaling.code.tex)
(/usr/share/texmf-dist/tex/generic/pgfplots/pgfplotscoordprocessing.code.tex)
(/usr/share/texmf-dist/tex/generic/pgfplots/pgfplots.errorbars.code.tex)
(/usr/share/texmf-dist/tex/generic/pgfplots/pgfplots.markers.code.tex)
(/usr/share/texmf-dist/tex/generic/pgfplots/pgfplotsticks.code.tex)
(/usr/share/texmf-dist/tex/generic/pgfplots/pgfplots.paths.code.tex)
(/usr/share/texmf-dist/tex/generic/pgf/frontendlayer/tikz/libraries/tikzlibrary
decorations.code.tex
(/usr/share/texmf-dist/tex/generic/pgf/modules/pgfmoduledecorations.code.tex
\pgfdecoratedcompleteddistance=\dimen315
\pgfdecoratedremainingdistance=\dimen316
\pgfdecoratedinputsegmentcompleteddistance=\dimen317
\pgfdecoratedinputsegmentremainingdistance=\dimen318
\pgf@decorate@distancetomove=\dimen319
\pgf@decorate@repeatstate=\count369
\pgfdecorationsegmentamplitude=\dimen320
\pgfdecorationsegmentlength=\dimen321
)
\tikz@lib@dec@box=\box96
)
(/usr/share/texmf-dist/tex/generic/pgf/frontendlayer/tikz/libraries/tikzlibrary
decorations.pathmorphing.code.tex
(/usr/share/texmf-dist/tex/generic/pgf/libraries/decorations/pgflibrarydecorati
ons.pathmorphing.code.tex))
(/usr/share/texmf-dist/tex/generic/pgf/frontendlayer/tikz/libraries/tikzlibrary
decorations.pathreplacing.code.tex
(/usr/share/texmf-dist/tex/generic/pgf/libraries/decorations/pgflibrarydecorati
ons.pathreplacing.code.tex))
(/usr/share/texmf-dist/tex/generic/pgfplots/libs/tikzlibrarypgfplots.contourlua
.code.tex)
\pgfplots@numplots=\count370
\pgfplots@xmin@reg=\dimen322
\pgfplots@xmax@reg=\dimen323
\pgfplots@ymin@reg=\dimen324
\pgfplots@ymax@reg=\dimen325
\pgfplots@zmin@reg=\dimen326
\pgfplots@zmax@reg=\dimen327
)
(/usr/share/texmf-dist/tex/generic/pgf/frontendlayer/tikz/libraries/tikzlibrary
plotmarks.code.tex
File: tikzlibraryplotmarks.code.tex 2023-01-15 v3.1.10 (3.1.10)

(/usr/share/texmf-dist/tex/generic/pgf/libraries/pgflibraryplotmarks.code.tex
File: pgflibraryplotmarks.code.tex 2023-01-15 v3.1.10 (3.1.10)
))) (/usr/share/texmf-dist/tex/latex/titling/titling.sty
Package: titling 2009/09/04 v2.1d maketitle typesetting
\thanksmarkwidth=\skip74
\thanksmargin=\skip75
\droptitle=\skip76
)
(/usr/share/texmf-dist/tex/latex/preprint/authblk.sty
Package: authblk 2001/02/27 1.3 (PWD)
\affilsep=\skip77
\@affilsep=\skip78
\c@Maxaffil=\count371
\c@authors=\count372
\c@affil=\count373
)
(/usr/share/texmf-dist/tex/latex/chngcntr/chngcntr.sty
Package: chngcntr 2018/04/09 v1.1a change counter resetting
Package chngcntr Info: \counterwithout already defined.
(chngcntr)             Quitting chngcntr on input line 21.
)
(/usr/share/texmf-dist/tex/latex/caption/subcaption.sty
Package: subcaption 2023/07/28 v1.6b Sub-captions (AR)

(/usr/share/texmf-dist/tex/latex/caption/caption.sty
Package: caption 2023/08/05 v3.6o Customizing captions (AR)

(/usr/share/texmf-dist/tex/latex/caption/caption3.sty
Package: caption3 2023/07/31 v2.4d caption3 kernel (AR)
\caption@tempdima=\dimen328
\captionmargin=\dimen329
\caption@leftmargin=\dimen330
\caption@rightmargin=\dimen331
\caption@width=\dimen332
\caption@indent=\dimen333
\caption@parindent=\dimen334
\caption@hangindent=\dimen335
Package caption Info: Standard document class detected.
)
\c@caption@flags=\count374
\c@continuedfloat=\count375
Package caption Info: float package is loaded.
Package caption Info: hyperref package is loaded.
)
Package caption Info: New subtype `subfigure' on input line 238.
\c@subfigure=\count376
Package caption Info: New subtype `subtable' on input line 238.
\c@subtable=\count377
)
(/usr/share/texmf-dist/tex/latex/fancyhdr/fancyhdr.sty
Package: fancyhdr 2022/11/09 v4.1 Extensive control of page headers and footers

\f@nch@headwidth=\skip79
\f@nch@O@elh=\skip80
\f@nch@O@erh=\skip81
\f@nch@O@olh=\skip82
\f@nch@O@orh=\skip83
\f@nch@O@elf=\skip84
\f@nch@O@erf=\skip85
\f@nch@O@olf=\skip86
\f@nch@O@orf=\skip87
)
(/usr/share/texmf-dist/tex/latex/polyglossia/polyglossia.sty
Package: polyglossia 2024/03/07 v2.1 Modern multilingual typesetting with XeLaT
eX and LuaLaTeX

(/usr/share/texmf-dist/tex/latex/fontspec/fontspec.sty
Package: fontspec 2024/02/13 v2.9a Font selection for XeLaTeX and LuaLaTeX

(/usr/share/texmf-dist/tex/latex/fontspec/fontspec-xetex.sty
Package: fontspec-xetex 2024/02/13 v2.9a Font selection for XeLaTeX and LuaLaTe
X
\l__fontspec_script_int=\count378
\l__fontspec_language_int=\count379
\l__fontspec_strnum_int=\count380
\l__fontspec_tmp_int=\count381
\l__fontspec_tmpa_int=\count382
\l__fontspec_tmpb_int=\count383
\l__fontspec_tmpc_int=\count384
\l__fontspec_em_int=\count385
\l__fontspec_emdef_int=\count386
\l__fontspec_strong_int=\count387
\l__fontspec_strongdef_int=\count388
\l__fontspec_tmpa_dim=\dimen336
\l__fontspec_tmpb_dim=\dimen337
\l__fontspec_tmpc_dim=\dimen338

(/usr/share/texmf-dist/tex/latex/base/fontenc.sty
Package: fontenc 2021/04/29 v2.0v Standard LaTeX package
)
(/usr/share/texmf-dist/tex/latex/fontspec/fontspec.cfg)))
(/usr/share/texmf-dist/tex/latex/polyglossia/gloss-latex.ldf
File: gloss-latex.ldf polyglossia: module for default language
)
Package polyglossia Info: Default language is latex.
)
(/usr/share/texmf-dist/tex/latex/polyglossia/gloss-arabic.ldf
File: gloss-arabic.ldf polyglossia: module for Arabic

(/usr/share/texmf-dist/tex/xelatex/bidi/bidi.sty
Package: bidi 2023/08/02 v39.8 (Release Donald Ervin Knuth) Bidirectional types
etting in plain TeX and LaTeX

****************************************************
* 
* bidi package (Bidirectional typesetting in
* plain TeX and LaTeX, using XeTeX engine)
* 
* Description: A convenient interface for
* typesetting bidirectional texts in plain TeX
* and LaTeX. The package includes adaptations
* for use with many other commonly-used packages.
* 
* Copyright (c) 2007--2023 Vafa Khalighi
* Copyright (c) 2018--2020 bidi-tex GitHub organization
* 
* v39.8 (Release Donald Ervin Knuth), 2023/08/02
* 
* License: LaTeX Project Public License, version
* 1.3c or higher (your choice)
* 
* Location on CTAN: /macros/xetex/latex/bidi
* 
* Issue tracker: https://github.com/kvafa/bidi/issues
* 
* Discussions: https://github.com/kvafa/bidi/discussions
* 
* Primary author of bidi package: Vafa Khalighi.
* 
****************************************************
(/usr/share/texmf-dist/tex/xelatex/bidi/biditools.sty
Package: biditools 2022/06/15 v2.3 Programming tools for bidi package
\@bidi@envbody=\toks60
\@bidi@emptytoks=\toks61
\bidi@poscount=\count389
\bidi@tempcountb=\count390
\bidi@temptoksa=\toks62
\bidi@temptoksb=\toks63
\bidi@dummies=\count391
\bidi@are@these@correct=\toks64
\bidi@toks@lista=\toks65
\bidi@toks@listb=\toks66
\bidi@stack@length=\count392
\bidi@empty@stack=\toks67
\bidi@looprepeat@depth=\count393
)
(/usr/share/texmf-dist/tex/latex/zref/zref-abspage.sty
Package: zref-abspage 2023-09-14 v2.35 Module abspage for zref (HO)

(/usr/share/texmf-dist/tex/latex/zref/zref-base.sty
Package: zref-base 2023-09-14 v2.35 Module base for zref (HO)

(/usr/share/texmf-dist/tex/generic/etexcmds/etexcmds.sty
Package: etexcmds 2019/12/15 v1.7 Avoid name clashes with e-TeX commands (HO)
)
Package zref Info: New property list: main on input line 767.
Package zref Info: New property: default on input line 768.
Package zref Info: New property: page on input line 769.
)
\c@abspage=\count394
Package zref Info: New property: abspage on input line 67.
)
\@bidi@copyins@=\insert252

(/usr/share/texmf-dist/tex/xelatex/bidi/latex-xetex-bidi.def
File: latex-xetex-bidi.def 2022/07/04 v1.4.9 bidi adaptations for `latex.ltx' f
or XeTeX engine
\bidi@n@everypar=\toks68
\bidi@column@check@number=\count395

(/usr/share/texmf-dist/tex/xelatex/bidi/footnote-xetex-bidi.def
File: footnote-xetex-bidi.def 2023/01/18 v1.2 bidi footnote macros for XeTeX en
gine
\c@footdir@label=\count396
\footdir@toks=\toks69
)
(/usr/share/texmf-dist/tex/xelatex/bidi/extreport-xetex-bidi.def
File: extreport-xetex-bidi.def 2017/06/09 v0.3 bidi adaptations for extreport c
lass for XeTeX engine
)
(/usr/share/texmf-dist/tex/xelatex/bidi/mathtools-xetex-bidi.def
File: mathtools-xetex-bidi.def 2018/01/07 v0.1 bidi adaptations for mathtools p
ackage for XeTeX engine
)
(/usr/share/texmf-dist/tex/xelatex/bidi/amsmath-xetex-bidi.def
File: amsmath-xetex-bidi.def 2020/05/16 v1.2 bidi adaptations for amsmath packa
ge for XeTeX engine
)
(/usr/share/texmf-dist/tex/xelatex/bidi/amstext-xetex-bidi.def
File: amstext-xetex-bidi.def 2016/09/12 v0.2 bidi adaptations for amstext packa
ge for XeTeX engine
)
(/usr/share/texmf-dist/tex/xelatex/bidi/amsthm-xetex-bidi.def
File: amsthm-xetex-bidi.def 2010/07/25 v0.1 bidi adaptations for amsthm package
 for XeTeX engine
)
(/usr/share/texmf-dist/tex/xelatex/bidi/caption-xetex-bidi.def
File: caption-xetex-bidi.def 2010/07/25 v0.1 bidi adaptations for caption packa
ge for XeTeX engine
)
(/usr/share/texmf-dist/tex/xelatex/bidi/caption3-xetex-bidi.def
File: caption3-xetex-bidi.def 2013/04/01 v0.1 bidi adaptations for caption3 pac
kage for XeTeX engine
)
(/usr/share/texmf-dist/tex/xelatex/bidi/color-xetex-bidi.def
File: color-xetex-bidi.def 2013/04/08 v0.2 bidi adaptations for color package f
or XeTeX engine
LaTeX Info: Redefining \color on input line 49.
)
(/usr/share/texmf-dist/tex/xelatex/bidi/xcolor-xetex-bidi.def
File: xcolor-xetex-bidi.def 2022/06/13 v0.3 bidi adaptations for xcolor package
 for XeTeX engine
LaTeX Info: Redefining \color on input line 48.
LaTeX Info: Redefining \bidicolor on input line 91.
)
(/usr/share/texmf-dist/tex/xelatex/bidi/float-xetex-bidi.def
File: float-xetex-bidi.def 2013/04/04 v0.2 bidi adaptations for float package f
or XeTeX engine
)
(/usr/share/texmf-dist/tex/xelatex/bidi/graphicx-xetex-bidi.def
File: graphicx-xetex-bidi.def 2017/06/17 v0.5 bidi adaptations for graphicx pac
kage for XeTeX engine
)
(/usr/share/texmf-dist/tex/xelatex/bidi/geometry-xetex-bidi.def
File: geometry-xetex-bidi.def 2017/01/14 v0.2 bidi adaptations for geometry pac
kage for XeTeX engine
)
(/usr/share/texmf-dist/tex/xelatex/bidi/hyperref-xetex-bidi.def
File: hyperref-xetex-bidi.def 2018/11/11 v1.1 bidi adaptations for hyperref pac
kage for XeTeX engine
)
(/usr/share/texmf-dist/tex/xelatex/bidi/fancyhdr-xetex-bidi.def
File: fancyhdr-xetex-bidi.def 2018/02/15 v0.7 bidi adaptations for fancyhdr pac
kage for XeTeX engine
)
(/usr/share/texmf-dist/tex/xelatex/bidi/pgfcorescopes.code-xetex-bidi.def
File: pgfcorescopes.code-xetex-bidi.def 2015/11/14 v0.1 bidi adaptations for pg
f package for XeTeX engine
)
(/usr/share/texmf-dist/tex/xelatex/bidi/titlesec-xetex-bidi.def
File: titlesec-xetex-bidi.def 2010/07/25 v0.1 bidi adaptations for titlesec pac
kage for XeTeX engine
)
(/usr/share/texmf-dist/tex/xelatex/bidi/titletoc-xetex-bidi.def
File: titletoc-xetex-bidi.def 2013/04/10 v0.2 bidi adaptations for titletoc pac
kage for XeTeX engine
)
(/usr/share/texmf-dist/tex/xelatex/bidi/array-xetex-bidi.def
File: array-xetex-bidi.def 2015/11/07 v0.3 bidi adaptations for array package f
or XeTeX engine
)
(/usr/share/texmf-dist/tex/xelatex/bidi/pgfsys.code-xetex-bidi.def
File: pgfsys.code-xetex-bidi.def 2022/06/01 v0.1 bidi adaptations for pgfsys.co
de.tex file for XeTeX engine
)
(/usr/share/texmf-dist/tex/xelatex/bidi/tcolorbox-xetex-bidi.def
File: tcolorbox-xetex-bidi.def 2018/11/11 v0.2 bidi adaptations for tcolorbox p
ackage for XeTeX engine
))
(/usr/share/texmf-dist/tex/xelatex/bidi/loadingorder-xetex-bidi.def
File: loadingorder-xetex-bidi.def 2017/12/29 v0.97 making sure that bidi is the
 last package loaded
)
\bidi@digits=\count397
\bidi@digits@charclass=\XeTeXcharclass4
\bidi@sepmark@charclass=\XeTeXcharclass5
)
(/usr/share/texmf-dist/tex/latex/polyglossia/arabicnumbers.sty
Package: arabicnumbers 2010/03/18 v0.2 Formatting of Arabic and Farsi digits an
d of Arabic abjad numerals
)
(/usr/share/texmf-dist/tex/latex/polyglossia/hijrical.sty
Package: hijrical 2010/07/12 v0.2 Islamic calendar

(/usr/share/texmf-dist/tex/latex/polyglossia/cal-util.def
\c@tmpA=\count398
\c@tmpB=\count399
\c@tmpC=\count400
\c@tmpD=\count401
\c@tmpE=\count402
\c@tmpF=\count403
)
\c@Hijriday=\count404
\c@Hijrimonth=\count405
\c@Hijriyear=\count406
)
Package polyglossia Info: Option: arabic, locale=default.
Package polyglossia Info: Option: Arabic, calendar=gregorian.
Package polyglossia Info: Option: Arabic, numerals=mashriq.
)
Package polyglossia Info: Option: Arabic, numerals=maghrib.
Package polyglossia Info: Option: Arabic, numerals=maghrib.
Package polyglossia Info: Default language is arabic.
Package polyglossia Info: Option: Arabic, numerals=maghrib.

(/usr/share/texmf-dist/tex/latex/polyglossia/gloss-english.ldf
File: gloss-english.ldf polyglossia: module for English
Package polyglossia Info: Option: English, variant=american.
)

Package fontspec Info: Font family 'TimesNewRoman(0)' created for font 'Times
(fontspec)             New Roman' with options [Script=Arabic].
(fontspec)              
(fontspec)              This font family consists of the following NFSS
(fontspec)             series/shapes:
(fontspec)              
(fontspec)             - 'normal' (m/n) with NFSS spec.: <->"Times New
(fontspec)             Roman/OT:script=arab;language=dflt;"
(fontspec)             - 'small caps'  (m/sc) with NFSS spec.: 
(fontspec)             - 'bold' (b/n) with NFSS spec.: <->"Times New
(fontspec)             Roman/B/OT:script=arab;language=dflt;"
(fontspec)             - 'bold small caps'  (b/sc) with NFSS spec.: 
(fontspec)             - 'italic' (m/it) with NFSS spec.: <->"Times New
(fontspec)             Roman/I/OT:script=arab;language=dflt;"
(fontspec)             - 'italic small caps'  (m/scit) with NFSS spec.: 
(fontspec)             - 'bold italic' (b/it) with NFSS spec.: <->"Times New
(fontspec)             Roman/BI/OT:script=arab;language=dflt;"
(fontspec)             - 'bold italic small caps'  (b/scit) with NFSS spec.: 


(/usr/share/texmf-dist/tex/latex/base/fontenc.sty
Package: fontenc 2021/04/29 v2.0v Standard LaTeX package
LaTeX Font Info:    Trying to load font information for T1+lmr on input line 11
2.

(/usr/share/texmf-dist/tex/latex/lm/t1lmr.fd
File: t1lmr.fd 2015/05/01 v1.6.1 Font defs for Latin Modern
))
(/usr/share/texmf-dist/tex/latex/psnfss/times.sty
Package: times 2020/03/25 PSNFSS-v9.3 (SPQR) 
)
(/usr/local/share/texmf/tex/latex/mtpro2/mtpro2.sty
Package: mtpro2 2009/4/27 v2.3 MathTimePro II - added arc accents MathTimePro I
I - fixed rbrace problem with straightbraces and morphedbraces options MathTime
Pro II - fix bug with z = \backslash widetilde{\backslash sum_{x }}MathTimePro 
II v2 font support (PCTeX/WaS)MathTimePro II v2.1a Allowed alternate form of I 
in Math Script Fonts (MS)
LaTeX Font Info:    Trying to load font information for T1+ptm on input line 86
.

(/usr/share/texmf-dist/tex/latex/psnfss/t1ptm.fd
File: t1ptm.fd 2001/06/04 font definitions for T1/ptm.
)
LaTeX Font Info:    Redeclaring symbol font `operators' on input line 110.
LaTeX Font Info:    Encoding `OT1' has changed to `T1' for symbol font
(Font)              `operators' in the math version `normal' on input line 110.

LaTeX Font Info:    Overwriting symbol font `operators' in version `normal'
(Font)                  OT1/cmr/m/n --> T1/ptm/m/n on input line 110.
LaTeX Font Info:    Encoding `OT1' has changed to `T1' for symbol font
(Font)              `operators' in the math version `bold' on input line 110.
LaTeX Font Info:    Overwriting symbol font `operators' in version `bold'
(Font)                  OT1/cmr/bx/n --> T1/ptm/m/n on input line 110.
LaTeX Font Info:    Redeclaring symbol font `letters' on input line 111.
LaTeX Font Info:    Encoding `OML' has changed to `LMP1' for symbol font
(Font)              `letters' in the math version `normal' on input line 111.
LaTeX Font Info:    Overwriting symbol font `letters' in version `normal'
(Font)                  OML/cmm/m/it --> LMP1/mtt/m/it on input line 111.
LaTeX Font Info:    Encoding `OML' has changed to `LMP1' for symbol font
(Font)              `letters' in the math version `bold' on input line 111.
LaTeX Font Info:    Overwriting symbol font `letters' in version `bold'
(Font)                  OML/cmm/b/it --> LMP1/mtt/m/it on input line 111.
LaTeX Font Info:    Redeclaring symbol font `symbols' on input line 112.
LaTeX Font Info:    Encoding `OMS' has changed to `LMP2' for symbol font
(Font)              `symbols' in the math version `normal' on input line 112.
LaTeX Font Info:    Overwriting symbol font `symbols' in version `normal'
(Font)                  OMS/cmsy/m/n --> LMP2/mtt/m/n on input line 112.
LaTeX Font Info:    Encoding `OMS' has changed to `LMP2' for symbol font
(Font)              `symbols' in the math version `bold' on input line 112.
LaTeX Font Info:    Overwriting symbol font `symbols' in version `bold'
(Font)                  OMS/cmsy/b/n --> LMP2/mtt/m/n on input line 112.
LaTeX Font Info:    Redeclaring symbol font `largesymbols' on input line 113.
LaTeX Font Info:    Encoding `OMX' has changed to `LMP3' for symbol font
(Font)              `largesymbols' in the math version `normal' on input line 1
13.
LaTeX Font Info:    Overwriting symbol font `largesymbols' in version `normal'
(Font)                  OMX/cmex/m/n --> LMP3/mtt/m/n on input line 113.
LaTeX Font Info:    Encoding `OMX' has changed to `LMP3' for symbol font
(Font)              `largesymbols' in the math version `bold' on input line 113
.
LaTeX Font Info:    Overwriting symbol font `largesymbols' in version `bold'
(Font)                  OMX/cmex/m/n --> LMP3/mtt/m/n on input line 113.
\pointcount@=\count407
LaTeX Font Info:    Redeclaring math alphabet \mathbf on input line 140.
LaTeX Font Info:    Redeclaring math alphabet \mathit on input line 141.
LaTeX Font Info:    Overwriting math alphabet `\mathit' in version `normal'
(Font)                  OT1/cmr/m/it --> T1/ptm/m/it on input line 141.
LaTeX Font Info:    Overwriting math alphabet `\mathit' in version `bold'
(Font)                  OT1/cmr/bx/it --> T1/ptm/m/it on input line 141.
LaTeX Font Info:    Redeclaring math alphabet \mathsf on input line 142.
LaTeX Font Info:    Overwriting math alphabet `\mathsf' in version `normal'
(Font)                  OT1/cmss/m/n --> T1/phv/m/n on input line 142.
LaTeX Font Info:    Overwriting math alphabet `\mathsf' in version `bold'
(Font)                  OT1/cmss/bx/n --> T1/phv/m/n on input line 142.
LaTeX Font Info:    Redeclaring math alphabet \mathtt on input line 143.
LaTeX Font Info:    Overwriting math alphabet `\mathtt' in version `normal'
(Font)                  OT1/cmtt/m/n --> T1/pcr/m/n on input line 143.
LaTeX Font Info:    Overwriting math alphabet `\mathtt' in version `bold'
(Font)                  OT1/cmtt/m/n --> T1/pcr/m/n on input line 143.
LaTeX Font Info:    Overwriting math alphabet `\mathit' in version `bold'
(Font)                  T1/ptm/m/it --> T1/ptm/b/it on input line 144.
LaTeX Font Info:    Overwriting math alphabet `\mathsf' in version `bold'
(Font)                  T1/phv/m/n --> T1/phv/b/n on input line 145.
LaTeX Font Info:    Overwriting math alphabet `\mathtt' in version `bold'
(Font)                  T1/pcr/m/n --> T1/pcr/b/n on input line 146.
LaTeX Font Info:    Redeclaring math alphabet \mathbold on input line 148.
LaTeX Font Info:    Overwriting math alphabet `\mathbold' in version `normal'
(Font)                  OML/cmm/b/it --> LMP1/mtt/b/it on input line 148.
LaTeX Font Info:    Overwriting math alphabet `\mathbold' in version `bold'
(Font)                  OML/cmm/b/it --> LMP1/mtt/b/it on input line 148.
LaTeX Font Info:    Overwriting math alphabet `\mathcal' in version `bold'
(Font)                  OMS/cmsy/m/n --> OMS/cmsy/b/n on input line 190.
LaTeX Font Info:    Redeclaring math symbol \alpha on input line 344.
LaTeX Font Info:    Redeclaring math symbol \beta on input line 345.
LaTeX Font Info:    Redeclaring math symbol \gamma on input line 346.
LaTeX Font Info:    Redeclaring math symbol \delta on input line 347.
LaTeX Font Info:    Redeclaring math symbol \epsilon on input line 348.
LaTeX Font Info:    Redeclaring math symbol \zeta on input line 349.
LaTeX Font Info:    Redeclaring math symbol \eta on input line 350.
LaTeX Font Info:    Redeclaring math symbol \theta on input line 351.
LaTeX Font Info:    Redeclaring math symbol \iota on input line 352.
LaTeX Font Info:    Redeclaring math symbol \kappa on input line 353.
LaTeX Font Info:    Redeclaring math symbol \lambda on input line 354.
LaTeX Font Info:    Redeclaring math symbol \mu on input line 355.
LaTeX Font Info:    Redeclaring math symbol \nu on input line 356.
LaTeX Font Info:    Redeclaring math symbol \xi on input line 357.
LaTeX Font Info:    Redeclaring math symbol \pi on input line 358.
LaTeX Font Info:    Redeclaring math symbol \rho on input line 359.
LaTeX Font Info:    Redeclaring math symbol \sigma on input line 360.
LaTeX Font Info:    Redeclaring math symbol \tau on input line 361.
LaTeX Font Info:    Redeclaring math symbol \upsilon on input line 362.
LaTeX Font Info:    Redeclaring math symbol \phi on input line 363.
LaTeX Font Info:    Redeclaring math symbol \chi on input line 364.
LaTeX Font Info:    Redeclaring math symbol \psi on input line 365.
LaTeX Font Info:    Redeclaring math symbol \omega on input line 366.
LaTeX Font Info:    Redeclaring math symbol \varepsilon on input line 367.
LaTeX Font Info:    Redeclaring math symbol \vartheta on input line 368.
LaTeX Font Info:    Redeclaring math symbol \varpi on input line 369.
LaTeX Font Info:    Redeclaring math symbol \varrho on input line 370.
LaTeX Font Info:    Redeclaring math symbol \varsigma on input line 371.
LaTeX Font Info:    Redeclaring math symbol \varphi on input line 372.
LaTeX Font Info:    Redeclaring math symbol \varkappa on input line 373.
LaTeX Font Info:    Redeclaring math symbol \Delta on input line 397.
LaTeX Font Info:    Redeclaring math symbol \Theta on input line 398.
LaTeX Font Info:    Redeclaring math symbol \Lambda on input line 399.
LaTeX Font Info:    Redeclaring math symbol \Xi on input line 400.
LaTeX Font Info:    Redeclaring math symbol \Pi on input line 401.
LaTeX Font Info:    Redeclaring math symbol \Sigma on input line 402.
LaTeX Font Info:    Redeclaring math symbol \Upsilon on input line 403.
LaTeX Font Info:    Redeclaring math symbol \Phi on input line 404.
LaTeX Font Info:    Redeclaring math symbol \Psi on input line 405.
LaTeX Font Info:    Redeclaring math symbol \Omega on input line 406.
LaTeX Font Info:    Redeclaring math symbol \upDelta on input line 409.
LaTeX Font Info:    Redeclaring math symbol \upOmega on input line 418.
LaTeX Font Info:    Redeclaring math symbol \triangleleft on input line 451.
LaTeX Font Info:    Redeclaring math symbol \triangleright on input line 452.
LaTeX Font Info:    Redeclaring math symbol \ddagger on input line 453.
LaTeX Font Info:    Redeclaring math symbol \dagger on input line 454.
LaTeX Font Info:    Redeclaring math symbol \ldotp on input line 457.
LaTeX Font Info:    Redeclaring math accent \vec on input line 468.
LaTeX Font Info:    Redeclaring math accent \grave on input line 469.
LaTeX Font Info:    Redeclaring math accent \acute on input line 470.
LaTeX Font Info:    Redeclaring math accent \check on input line 471.
LaTeX Font Info:    Redeclaring math accent \breve on input line 472.
LaTeX Font Info:    Redeclaring math accent \bar on input line 473.
LaTeX Font Info:    Redeclaring math accent \hat on input line 474.
LaTeX Font Info:    Redeclaring math accent \dot on input line 475.
LaTeX Font Info:    Redeclaring math accent \tilde on input line 476.
LaTeX Font Info:    Redeclaring math accent \ddot on input line 477.
LaTeX Font Info:    Redeclaring math accent \mathring on input line 478.
LaTeX Font Info:    Redeclaring math symbol \braceld on input line 479.
LaTeX Font Info:    Redeclaring math symbol \bracerd on input line 480.
LaTeX Font Info:    Redeclaring math symbol \bracelu on input line 481.
LaTeX Font Info:    Redeclaring math symbol \braceru on input line 482.
LaTeX Font Info:    Redeclaring math symbol \mathparagraph on input line 483.
LaTeX Font Info:    Redeclaring math symbol \mathsection on input line 484.
LaTeX Font Info:    Redeclaring math symbol \hslash on input line 511.
LaTeX Font Info:    Redeclaring math symbol \digamma on input line 512.
LaTeX Font Info:    Redeclaring math symbol \hbar on input line 544.
\prePbox@=\box97
\Pbox@=\box98
\LRbox@=\box99
\HATbox@=\box100
\TDbox@=\box101
\CHbox@=\box102
\ARCbox@=\box103
\preSbox@=\box104
\Sbox@=\box105
\SQcount@=\count408
\SQRTbox@=\box106
\UPROOT@=\count409
\LEFTROOT@=\count410
\limtype@=\count411
\xlfont@=\count412
\xlposition@=\count413
\xlposition@ii=\count414
\optype@=\count415
\x@count=\count416
\maxXLscripts@=\dimen339
LaTeX Font Info:    Redeclaring math symbol \mathsterling on input line 1615.
)
(/usr/share/texmf-dist/tex/latex/biblatex/biblatex.sty
Package: biblatex 2023/03/05 v3.19 programmable bibliographies (PK/MW)

(/usr/share/texmf-dist/tex/latex/logreq/logreq.sty
Package: logreq 2010/08/04 v1.0 xml request logger
\lrq@indent=\count417

(/usr/share/texmf-dist/tex/latex/logreq/logreq.def
File: logreq.def 2010/08/04 v1.0 logreq spec v1.0
))
\c@tabx@nest=\count418
\c@listtotal=\count419
\c@listcount=\count420
\c@liststart=\count421
\c@liststop=\count422
\c@citecount=\count423
\c@citetotal=\count424
\c@multicitecount=\count425
\c@multicitetotal=\count426
\c@instcount=\count427
\c@maxnames=\count428
\c@minnames=\count429
\c@maxitems=\count430
\c@minitems=\count431
\c@citecounter=\count432
\c@maxcitecounter=\count433
\c@savedcitecounter=\count434
\c@uniquelist=\count435
\c@uniquename=\count436
\c@refsection=\count437
\c@refsegment=\count438
\c@maxextratitle=\count439
\c@maxextratitleyear=\count440
\c@maxextraname=\count441
\c@maxextradate=\count442
\c@maxextraalpha=\count443
\c@abbrvpenalty=\count444
\c@highnamepenalty=\count445
\c@lownamepenalty=\count446
\c@maxparens=\count447
\c@parenlevel=\count448
\blx@tempcnta=\count449
\blx@tempcntb=\count450
\blx@tempcntc=\count451
\c@blx@maxsection=\count452
\blx@maxsegment@0=\count453
\blx@notetype=\count454
\blx@parenlevel@text=\count455
\blx@parenlevel@foot=\count456
\blx@sectionciteorder@0=\count457
\blx@sectionciteorderinternal@0=\count458
\blx@entrysetcounter=\count459
\blx@biblioinstance=\count460
\labelnumberwidth=\skip88
\labelalphawidth=\skip89
\biblabelsep=\skip90
\bibitemsep=\skip91
\bibnamesep=\skip92
\bibinitsep=\skip93
\bibparsep=\skip94
\bibhang=\skip95
\blx@bcfin=\read5
\blx@bcfout=\write4
\blx@langwohyphens=\language90
\c@mincomprange=\count461
\c@maxcomprange=\count462
\c@mincompwidth=\count463
Package biblatex Info: Trying to load biblatex default data model...
Package biblatex Info: ... file 'blx-dm.def' found.

(/usr/share/texmf-dist/tex/latex/biblatex/blx-dm.def
File: blx-dm.def 2023/03/05 v3.19 biblatex localization (PK/MW)
)
Package biblatex Info: Trying to load biblatex custom data model...
Package biblatex Info: ... file 'biblatex-dm.cfg' not found.
\c@afterword=\count464
\c@savedafterword=\count465
\c@annotator=\count466
\c@savedannotator=\count467
\c@author=\count468
\c@savedauthor=\count469
\c@bookauthor=\count470
\c@savedbookauthor=\count471
\c@commentator=\count472
\c@savedcommentator=\count473
\c@editor=\count474
\c@savededitor=\count475
\c@editora=\count476
\c@savededitora=\count477
\c@editorb=\count478
\c@savededitorb=\count479
\c@editorc=\count480
\c@savededitorc=\count481
\c@foreword=\count482
\c@savedforeword=\count483
\c@holder=\count484
\c@savedholder=\count485
\c@introduction=\count486
\c@savedintroduction=\count487
\c@namea=\count488
\c@savednamea=\count489
\c@nameb=\count490
\c@savednameb=\count491
\c@namec=\count492
\c@savednamec=\count493
\c@translator=\count494
\c@savedtranslator=\count495
\c@shortauthor=\count496
\c@savedshortauthor=\count497
\c@shorteditor=\count498
\c@savedshorteditor=\count499
\c@labelname=\count500
\c@savedlabelname=\count501
\c@institution=\count502
\c@savedinstitution=\count503
\c@lista=\count504
\c@savedlista=\count505
\c@listb=\count506
\c@savedlistb=\count507
\c@listc=\count508
\c@savedlistc=\count509
\c@listd=\count510
\c@savedlistd=\count511
\c@liste=\count512
\c@savedliste=\count513
\c@listf=\count514
\c@savedlistf=\count515
\c@location=\count516
\c@savedlocation=\count517
\c@organization=\count518
\c@savedorganization=\count519
\c@origlocation=\count520
\c@savedoriglocation=\count521
\c@origpublisher=\count522
\c@savedorigpublisher=\count523
\c@publisher=\count524
\c@savedpublisher=\count525
\c@language=\count526
\c@savedlanguage=\count527
\c@origlanguage=\count528
\c@savedoriglanguage=\count529
\c@pageref=\count530
\c@savedpageref=\count531
\shorthandwidth=\skip96
\shortjournalwidth=\skip97
\shortserieswidth=\skip98
\shorttitlewidth=\skip99
\shortauthorwidth=\skip100
\shorteditorwidth=\skip101
\locallabelnumberwidth=\skip102
\locallabelalphawidth=\skip103
\localshorthandwidth=\skip104
\localshortjournalwidth=\skip105
\localshortserieswidth=\skip106
\localshorttitlewidth=\skip107
\localshortauthorwidth=\skip108
\localshorteditorwidth=\skip109
Package biblatex Info: Trying to load enhanced support for Unicode engines...
Package biblatex Info: ... file 'blx-unicode.def' found.

(/usr/share/texmf-dist/tex/latex/biblatex/blx-unicode.def)
Package biblatex Info: Trying to load compatibility code...
Package biblatex Info: ... file 'blx-compat.def' found.

(/usr/share/texmf-dist/tex/latex/biblatex/blx-compat.def
File: blx-compat.def 2023/03/05 v3.19 biblatex compatibility (PK/MW)
)
Package biblatex Info: Trying to load generic definitions...
Package biblatex Info: ... file 'biblatex.def' found.

(/usr/share/texmf-dist/tex/latex/biblatex/biblatex.def
File: biblatex.def 2023/03/05 v3.19 biblatex compatibility (PK/MW)
\c@textcitecount=\count532
\c@textcitetotal=\count533
\c@textcitemaxnames=\count534
\c@biburlbigbreakpenalty=\count535
\c@biburlbreakpenalty=\count536
\c@biburlnumpenalty=\count537
\c@biburlucpenalty=\count538
\c@biburllcpenalty=\count539
\biburlbigskip=\muskip21
\biburlnumskip=\muskip22
\biburlucskip=\muskip23
\biburllcskip=\muskip24
\c@smartand=\count540
)
Package biblatex Info: Trying to load bibliography style 'numeric'...
Package biblatex Info: ... file 'numeric.bbx' found.

(/usr/share/texmf-dist/tex/latex/biblatex/bbx/numeric.bbx
File: numeric.bbx 2023/03/05 v3.19 biblatex bibliography style (PK/MW)
Package biblatex Info: Trying to load bibliography style 'standard'...
Package biblatex Info: ... file 'standard.bbx' found.

(/usr/share/texmf-dist/tex/latex/biblatex/bbx/standard.bbx
File: standard.bbx 2023/03/05 v3.19 biblatex bibliography style (PK/MW)
\c@bbx:relatedcount=\count541
\c@bbx:relatedtotal=\count542
))
Package biblatex Info: Trying to load citation style 'numeric'...
Package biblatex Info: ... file 'numeric.cbx' found.

(/usr/share/texmf-dist/tex/latex/biblatex/cbx/numeric.cbx
File: numeric.cbx 2023/03/05 v3.19 biblatex citation style (PK/MW)
Package biblatex Info: Redefining '\cite'.
Package biblatex Info: Redefining '\parencite'.
Package biblatex Info: Redefining '\footcite'.
Package biblatex Info: Redefining '\footcitetext'.
Package biblatex Info: Redefining '\smartcite'.
Package biblatex Info: Redefining '\supercite'.
Package biblatex Info: Redefining '\textcite'.
Package biblatex Info: Redefining '\textcites'.
Package biblatex Info: Redefining '\cites'.
Package biblatex Info: Redefining '\parencites'.
Package biblatex Info: Redefining '\smartcites'.
)
Package biblatex Info: Trying to load configuration file...
Package biblatex Info: ... file 'biblatex.cfg' found.

(/usr/share/texmf-dist/tex/latex/biblatex/biblatex.cfg
File: biblatex.cfg 
)
Package biblatex Info: XeTeX detected.
(biblatex)             Assuming input encoding 'utf8'.
Package biblatex Info: Document encoding is UTF8 ....
Package biblatex Info: ... and expl3
(biblatex)             2024-02-20 L3 programming layer (loader) 
(biblatex)             is new enough (at least 2020/04/06),
(biblatex)             setting 'casechanger=expl3'.

(/usr/share/texmf-dist/tex/latex/biblatex/blx-case-expl3.sty
Package: blx-case-expl3 2023/03/05 v3.19 expl3 case changing code for biblatex
))
\c@subchapter=\count543
Package hyperref Info: Option `colorlinks' set `true' on input line 117.
\c@definition=\count544
)
(/usr/share/texmf-dist/tex/latex/csquotes/csquotes.sty
Package: csquotes 2022-09-14 v5.2n context-sensitive quotations (JAW)
\csq@reset=\count545
\csq@gtype=\count546
\csq@glevel=\count547
\csq@qlevel=\count548
\csq@maxlvl=\count549
\csq@tshold=\count550
\csq@ltx@everypar=\toks70

(/usr/share/texmf-dist/tex/latex/csquotes/csquotes.def
File: csquotes.def 2022-09-14 v5.2n csquotes generic definitions (JAW)
)
Package csquotes Info: Trying to load configuration file 'csquotes.cfg'...
Package csquotes Info: ... configuration file loaded successfully.

(/usr/share/texmf-dist/tex/latex/csquotes/csquotes.cfg
File: csquotes.cfg 
))
Package csquotes Info: Checking for multilingual support...
Package csquotes Info: ... found 'polyglossia' package.
Package csquotes Info: Adjusting default style.


Package csquotes Warning: No style for language 'arabic'.
(csquotes)                Using fallback style on input line 20.

Package csquotes Info: Redefining alias 'default' -> 'fallback'.
(./main.aux)
\openout1 = `main.aux'.

LaTeX Font Info:    Checking defaults for OML/cmm/m/it on input line 20.
LaTeX Font Info:    ... okay on input line 20.
LaTeX Font Info:    Checking defaults for OMS/cmsy/m/n on input line 20.
LaTeX Font Info:    ... okay on input line 20.
LaTeX Font Info:    Checking defaults for OT1/cmr/m/n on input line 20.
LaTeX Font Info:    ... okay on input line 20.
LaTeX Font Info:    Checking defaults for T1/cmr/m/n on input line 20.
LaTeX Font Info:    ... okay on input line 20.
LaTeX Font Info:    Checking defaults for TS1/cmr/m/n on input line 20.
LaTeX Font Info:    Trying to load font information for TS1+cmr on input line 2
0.
 (/usr/share/texmf-dist/tex/latex/base/ts1cmr.fd
File: ts1cmr.fd 2023/04/13 v2.5m Standard LaTeX font definitions
)
LaTeX Font Info:    ... okay on input line 20.
LaTeX Font Info:    Checking defaults for TU/lmr/m/n on input line 20.
LaTeX Font Info:    ... okay on input line 20.
LaTeX Font Info:    Checking defaults for OMX/cmex/m/n on input line 20.
LaTeX Font Info:    ... okay on input line 20.
LaTeX Font Info:    Checking defaults for U/cmr/m/n on input line 20.
LaTeX Font Info:    ... okay on input line 20.
LaTeX Font Info:    Checking defaults for PD1/pdf/m/n on input line 20.
LaTeX Font Info:    ... okay on input line 20.
LaTeX Font Info:    Checking defaults for PU/pdf/m/n on input line 20.
LaTeX Font Info:    ... okay on input line 20.
LaTeX Font Info:    Checking defaults for LMP1/mtt/m/it on input line 20.
LaTeX Font Info:    ... okay on input line 20.
LaTeX Font Info:    Checking defaults for LMP2/mtt/m/n on input line 20.
LaTeX Font Info:    ... okay on input line 20.
LaTeX Font Info:    Checking defaults for LMP3/mtt/m/n on input line 20.
LaTeX Font Info:    ... okay on input line 20.

*geometry* driver: auto-detecting
*geometry* detected driver: xetex
*geometry* verbose mode - [ preamble ] result:
* driver: xetex
* paper: a4paper
* layout: <same size as paper>
* layoutoffset:(h,v)=(0.0pt,0.0pt)
* modes: 
* h-part:(L,W,R)=(85.35826pt, 426.79134pt, 85.35828pt)
* v-part:(T,H,B)=(99.58464pt, 645.87756pt, 99.58464pt)
* \paperwidth=597.50787pt
* \paperheight=845.04684pt
* \textwidth=426.79134pt
* \textheight=645.87756pt
* \oddsidemargin=13.08827pt
* \evensidemargin=13.08827pt
* \topmargin=-11.68535pt
* \headheight=16.7pt
* \headsep=25.0pt
* \topskip=14.0pt
* \footskip=30.0pt
* \marginparwidth=24.0pt
* \marginparsep=10.0pt
* \columnsep=10.0pt
* \skip\footins=12.0pt plus 4.0pt minus 2.0pt
* \hoffset=0.0pt
* \voffset=0.0pt
* \mag=1000
* \@twocolumnfalse
* \@twosidefalse
* \@mparswitchfalse
* \@reversemarginfalse
* (1in=72.27pt=25.4mm, 1cm=28.453pt)


(/usr/share/texmf-dist/tex/latex/translations/translations-basic-dictionary-eng
lish.trsl
File: translations-basic-dictionary-english.trsl (english translation file `tra
nslations-basic-dictionary')
)
Package translations Info: no dictionary file `translations-basic-dictionary-ar
abic.trsl' found. on input line 20.
Package hyperref Info: Link coloring ON on input line 20.
 (./main.out) (./main.out)
\@outlinefile=\write5
\openout5 = `main.out'.


Package pgfplots notification 'compat/show suggested version=true': document ha
s been generated with the most recent feature set (\pgfplotsset{compat=1.18}).

Package caption Info: Begin \AtBeginDocument code.
Package caption Info: End \AtBeginDocument code.
LaTeX Info: Command `\dddot' is already robust on input line 20.
LaTeX Info: Command `\ddddot' is already robust on input line 20.
Package biblatex Info: Trying to load language 'american'...
Package biblatex Info: ... file 'american.lbx' found.
(/usr/share/texmf-dist/tex/latex/biblatex/lbx/american.lbx
File: american.lbx 2023/03/05 v3.19 biblatex localization (PK/MW)
Package biblatex Info: Trying to load language 'english'...
Package biblatex Info: ... file 'english.lbx' found.

(/usr/share/texmf-dist/tex/latex/biblatex/lbx/english.lbx
File: english.lbx 2023/03/05 v3.19 biblatex localization (PK/MW)
)
Package biblatex Info: Trying to load language 'english'...
Package biblatex Info: ... file 'english.lbx' found.

(/usr/share/texmf-dist/tex/latex/biblatex/lbx/english.lbx
File: english.lbx 2023/03/05 v3.19 biblatex localization (PK/MW)
))
Package biblatex Info: Trying to load language 'arabic'...
Package biblatex Info: ... file 'arabic.lbx' not found.


Package biblatex Warning: Language 'arabic' not supported.
(biblatex)                Using dummy definitions on input line 20.

Package biblatex Info: XeTeX detected.
(biblatex)             Assuming input encoding 'utf8'.
Package biblatex Info: Automatic encoding selection.
(biblatex)             Assuming data encoding 'utf8'.
\openout4 = `main.bcf'.

Package biblatex Info: Trying to load bibliographic data...
Package biblatex Info: ... file 'main.bbl' found.
(./main.bbl)
Package biblatex Info: Reference section=0 on input line 20.
Package biblatex Info: Reference segment=0 on input line 20.
Package polyglossia Info: Option: Arabic, numerals=maghrib.
Package polyglossia Info: Option: Arabic, numerals=maghrib.
Package polyglossia Info: Option: Arabic, numerals=maghrib.
Package polyglossia Info: Option: Arabic, numerals=maghrib.
 (./Title Page/title.tex
File: Title Page/20231126094730!_.png Graphic file (type bmp)
<Title Page/20231126094730!_.png>

Overfull \hbox (19.43268pt too wide) in paragraph at lines 4--5
 [][][][][][]
 []

LaTeX Font Info:    Trying to load font information for U+msa on input line 5.
(/usr/share/texmf-dist/tex/latex/amsfonts/umsa.fd
File: umsa.fd 2013/01/14 v3.01 AMS symbols A
)
LaTeX Font Info:    Trying to load font information for U+msb on input line 5.

(/usr/share/texmf-dist/tex/latex/amsfonts/umsb.fd
File: umsb.fd 2013/01/14 v3.01 AMS symbols B
)
File: Title Page/img_1_1700235785069.png Graphic file (type bmp)
<Title Page/img_1_1700235785069.png>

Overfull \hbox (29.47438pt too wide) in paragraph at lines 17--18
[][][][][][] 
 []

LaTeX Info: Redefining \rmfamily on input line 26.
LaTeX Info: Redefining \sffamily on input line 26.
LaTeX Info: Redefining \ttfamily on input line 26.
[1

]) (./gift.tex) (./thanks.tex
Underfull \hbox (badness 10000) in paragraph at lines 2--1
[][]
 []


Underfull \hbox (badness 10000) in paragraph at lines 2--1
[][]
 []


Underfull \hbox (badness 10000) in paragraph at lines 2--1
[][]
 []

[1

])
Underfull \hbox (badness 10000) in paragraph at lines 2--26
[][]
 []

[2

] (./main.toc
Package polyglossia Info: Option: Arabic, numerals=maghrib.
Package polyglossia Info: Option: Arabic, numerals=maghrib.
Package polyglossia Info: Option: Arabic, numerals=maghrib.
Package polyglossia Info: Option: Arabic, numerals=maghrib.


Package titletoc Warning: Unknown TOC type chapter*. I'll set it for you with
(titletoc)                level -1000. on input line 3.

LaTeX Info: Redefining \rmfamily on input line 14.
LaTeX Info: Redefining \sffamily on input line 14.
LaTeX Info: Redefining \ttfamily on input line 14.
Package polyglossia Info: Option: arabic, locale=default.
Package polyglossia Info: Option: Arabic, calendar=gregorian.
Package polyglossia Info: Option: Arabic, numerals=maghrib.
Package polyglossia Info: Option: arabic, locale=default.
Package polyglossia Info: Option: Arabic, calendar=gregorian.
Package polyglossia Info: Option: Arabic, numerals=maghrib.
Package polyglossia Info: Option: arabic, locale=default.
Package polyglossia Info: Option: Arabic, calendar=gregorian.
Package polyglossia Info: Option: Arabic, numerals=maghrib.
Package polyglossia Info: Option: arabic, locale=default.
Package polyglossia Info: Option: Arabic, calendar=gregorian.
Package polyglossia Info: Option: Arabic, numerals=maghrib.
Package polyglossia Info: Option: Arabic, numerals=maghrib.
Package polyglossia Info: Option: Arabic, numerals=maghrib.
Package polyglossia Info: Option: Arabic, numerals=maghrib.
Package polyglossia Info: Option: Arabic, numerals=maghrib.
)
\tf@toc=\write6
\openout6 = `main.toc'.

 [3] (./introduction.tex

Package hyperref Warning: bookmark level for unknown chapter* defaults to 0.

) (./Chapter1.tex [1


]
   .
[2

]

Package fancyhdr Warning: \headheight is too small (16.7pt): 
(fancyhdr)                Make it at least 17.0pt, for example:
(fancyhdr)                \setlength{\headheight}{17.0pt}.
(fancyhdr)                You might also make \topmargin smaller to compensate:

(fancyhdr)                \addtolength{\topmargin}{-0.3pt}.

[3]

Package fancyhdr Warning: \headheight is too small (16.7pt): 
(fancyhdr)                Make it at least 17.0pt, for example:
(fancyhdr)                \setlength{\headheight}{17.0pt}.
(fancyhdr)                You might also make \topmargin smaller to compensate:

(fancyhdr)                \addtolength{\topmargin}{-0.3pt}.

[4]

Package fancyhdr Warning: \headheight is too small (16.7pt): 
(fancyhdr)                Make it at least 17.0pt, for example:
(fancyhdr)                \setlength{\headheight}{17.0pt}.
(fancyhdr)                You might also make \topmargin smaller to compensate:

(fancyhdr)                \addtolength{\topmargin}{-0.3pt}.

[5]

Package fancyhdr Warning: \headheight is too small (16.7pt): 
(fancyhdr)                Make it at least 17.0pt, for example:
(fancyhdr)                \setlength{\headheight}{17.0pt}.
(fancyhdr)                You might also make \topmargin smaller to compensate:

(fancyhdr)                \addtolength{\topmargin}{-0.3pt}.

[6]

Package fancyhdr Warning: \headheight is too small (16.7pt): 
(fancyhdr)                Make it at least 17.0pt, for example:
(fancyhdr)                \setlength{\headheight}{17.0pt}.
(fancyhdr)                You might also make \topmargin smaller to compensate:

(fancyhdr)                \addtolength{\topmargin}{-0.3pt}.

[7]) (./Chapter2.tex

Package fancyhdr Warning: \headheight is too small (16.7pt): 
(fancyhdr)                Make it at least 17.0pt, for example:
(fancyhdr)                \setlength{\headheight}{17.0pt}.
(fancyhdr)                You might also make \topmargin smaller to compensate:

(fancyhdr)                \addtolength{\topmargin}{-0.3pt}.

[8]
   .

Package hyperref Warning: Token not allowed in a PDF string (Unicode):
(hyperref)                removing `math shift' on input line 1.


Package hyperref Warning: Token not allowed in a PDF string (Unicode):
(hyperref)                removing `superscript' on input line 1.


Package hyperref Warning: Token not allowed in a PDF string (Unicode):
(hyperref)                removing `math shift' on input line 1.

LaTeX Font Info:    Calculating math sizes for size <35.83> on input line 1.
LaTeX Font Warning: Font shape `OT1/cmr/bx/n' in size <19.7066> not available
(Font)              size <20.74> substituted on input line 1.
LaTeX Font Warning: Font shape `OML/cmm/b/it' in size <35.83> not available
(Font)              size <24.88> substituted on input line 1.
LaTeX Font Warning: Font shape `OML/cmm/b/it' in size <19.7066> not available
(Font)              size <20.74> substituted on input line 1.
LaTeX Font Warning: Font shape `OMS/cmsy/b/n' in size <35.83> not available
(Font)              size <24.88> substituted on input line 1.
LaTeX Font Warning: Font shape `OMS/cmsy/b/n' in size <19.7066> not available
(Font)              size <20.74> substituted on input line 1.
[9

]

Package fancyhdr Warning: \headheight is too small (16.7pt): 
(fancyhdr)                Make it at least 17.0pt, for example:
(fancyhdr)                \setlength{\headheight}{17.0pt}.
(fancyhdr)                You might also make \topmargin smaller to compensate:

(fancyhdr)                \addtolength{\topmargin}{-0.3pt}.

[10]

Package hyperref Warning: Token not allowed in a PDF string (Unicode):
(hyperref)                removing `math shift' on input line 29.


Package hyperref Warning: Token not allowed in a PDF string (Unicode):
(hyperref)                removing `superscript' on input line 29.


Package hyperref Warning: Token not allowed in a PDF string (Unicode):
(hyperref)                removing `\infty' on input line 29.


Package hyperref Warning: Token not allowed in a PDF string (Unicode):
(hyperref)                removing `math shift' on input line 29.


Package fancyhdr Warning: \headheight is too small (16.7pt): 
(fancyhdr)                Make it at least 17.0pt, for example:
(fancyhdr)                \setlength{\headheight}{17.0pt}.
(fancyhdr)                You might also make \topmargin smaller to compensate:

(fancyhdr)                \addtolength{\topmargin}{-0.3pt}.

[11]

Package fancyhdr Warning: \headheight is too small (16.7pt): 
(fancyhdr)                Make it at least 17.0pt, for example:
(fancyhdr)                \setlength{\headheight}{17.0pt}.
(fancyhdr)                You might also make \topmargin smaller to compensate:

(fancyhdr)                \addtolength{\topmargin}{-0.3pt}.

[12]
Overfull \hbox (3.19319pt too wide) in paragraph at lines 102--102
[]|$\LMP1/mtt/m/it/14.4 f.x; y/ \LMP2/mtt/m/n/14.4 D []\LMP1/mtt/m/it/14.4 .xy/
$| []
 []


Overfull \hbox (6.751pt too wide) in paragraph at lines 102--102
[]|$\LMP1/mtt/m/it/14.4 f.x; y/ \LMP2/mtt/m/n/14.4 D []$| []
 []


Package fancyhdr Warning: \headheight is too small (16.7pt): 
(fancyhdr)                Make it at least 17.0pt, for example:
(fancyhdr)                \setlength{\headheight}{17.0pt}.
(fancyhdr)                You might also make \topmargin smaller to compensate:

(fancyhdr)                \addtolength{\topmargin}{-0.3pt}.

[13]

Package fancyhdr Warning: \headheight is too small (16.7pt): 
(fancyhdr)                Make it at least 17.0pt, for example:
(fancyhdr)                \setlength{\headheight}{17.0pt}.
(fancyhdr)                You might also make \topmargin smaller to compensate:

(fancyhdr)                \addtolength{\topmargin}{-0.3pt}.

[14]

Package hyperref Warning: Token not allowed in a PDF string (Unicode):
(hyperref)                removing `math shift' on input line 172.


Package hyperref Warning: Token not allowed in a PDF string (Unicode):
(hyperref)                removing `superscript' on input line 172.


Package hyperref Warning: Token not allowed in a PDF string (Unicode):
(hyperref)                removing `math shift' on input line 172.


Overfull \hbox (0.60156pt too wide) in paragraph at lines 184--184
[]\TU/TimesNewRoman(0)/m/n/14.4 .ii[]
 []


Package fancyhdr Warning: \headheight is too small (16.7pt): 
(fancyhdr)                Make it at least 17.0pt, for example:
(fancyhdr)                \setlength{\headheight}{17.0pt}.
(fancyhdr)                You might also make \topmargin smaller to compensate:

(fancyhdr)                \addtolength{\topmargin}{-0.3pt}.

[15]

Package fancyhdr Warning: \headheight is too small (16.7pt): 
(fancyhdr)                Make it at least 17.0pt, for example:
(fancyhdr)                \setlength{\headheight}{17.0pt}.
(fancyhdr)                You might also make \topmargin smaller to compensate:

(fancyhdr)                \addtolength{\topmargin}{-0.3pt}.

[16]

Package fancyhdr Warning: \headheight is too small (16.7pt): 
(fancyhdr)                Make it at least 17.0pt, for example:
(fancyhdr)                \setlength{\headheight}{17.0pt}.
(fancyhdr)                You might also make \topmargin smaller to compensate:

(fancyhdr)                \addtolength{\topmargin}{-0.3pt}.

[17]
Overfull \hbox (1.79688pt too wide) in paragraph at lines 278--278
[]\TU/TimesNewRoman(0)/m/n/14.4 (ii[]
 []


Package fancyhdr Warning: \headheight is too small (16.7pt): 
(fancyhdr)                Make it at least 17.0pt, for example:
(fancyhdr)                \setlength{\headheight}{17.0pt}.
(fancyhdr)                You might also make \topmargin smaller to compensate:

(fancyhdr)                \addtolength{\topmargin}{-0.3pt}.

[18]
Overfull \hbox (14.12102pt too wide) detected at line 294
[]
 []


Package fancyhdr Warning: \headheight is too small (16.7pt): 
(fancyhdr)                Make it at least 17.0pt, for example:
(fancyhdr)                \setlength{\headheight}{17.0pt}.
(fancyhdr)                You might also make \topmargin smaller to compensate:

(fancyhdr)                \addtolength{\topmargin}{-0.3pt}.

[19]
Missing character: There is no  (U+0655) in font Times New Roman/OT:script=ara
b;language=dflt;!

Package fancyhdr Warning: \headheight is too small (16.7pt): 
(fancyhdr)                Make it at least 17.0pt, for example:
(fancyhdr)                \setlength{\headheight}{17.0pt}.
(fancyhdr)                You might also make \topmargin smaller to compensate:

(fancyhdr)                \addtolength{\topmargin}{-0.3pt}.

[20]
File: plots/function4.png Graphic file (type bmp)
<plots/function4.png>


Package fancyhdr Warning: \headheight is too small (16.7pt): 
(fancyhdr)                Make it at least 17.0pt, for example:
(fancyhdr)                \setlength{\headheight}{17.0pt}.
(fancyhdr)                You might also make \topmargin smaller to compensate:

(fancyhdr)                \addtolength{\topmargin}{-0.3pt}.

[21]

LaTeX Warning: Command \textbackslash invalid in math mode on input line 376.


Package fancyhdr Warning: \headheight is too small (16.7pt): 
(fancyhdr)                Make it at least 17.0pt, for example:
(fancyhdr)                \setlength{\headheight}{17.0pt}.
(fancyhdr)                You might also make \topmargin smaller to compensate:

(fancyhdr)                \addtolength{\topmargin}{-0.3pt}.

[22]
File: plots/function3.png Graphic file (type bmp)
<plots/function3.png>


Package fancyhdr Warning: \headheight is too small (16.7pt): 
(fancyhdr)                Make it at least 17.0pt, for example:
(fancyhdr)                \setlength{\headheight}{17.0pt}.
(fancyhdr)                You might also make \topmargin smaller to compensate:

(fancyhdr)                \addtolength{\topmargin}{-0.3pt}.

[23]
File: plots/function5.png Graphic file (type bmp)
<plots/function5.png>


Package fancyhdr Warning: \headheight is too small (16.7pt): 
(fancyhdr)                Make it at least 17.0pt, for example:
(fancyhdr)                \setlength{\headheight}{17.0pt}.
(fancyhdr)                You might also make \topmargin smaller to compensate:

(fancyhdr)                \addtolength{\topmargin}{-0.3pt}.

[24]

Package fancyhdr Warning: \headheight is too small (16.7pt): 
(fancyhdr)                Make it at least 17.0pt, for example:
(fancyhdr)                \setlength{\headheight}{17.0pt}.
(fancyhdr)                You might also make \topmargin smaller to compensate:

(fancyhdr)                \addtolength{\topmargin}{-0.3pt}.

[25]
Overfull \hbox (18.81697pt too wide) in paragraph at lines 457--460
[][][][]\TU/TimesNewRoman(0)/m/n/14.4       
      $\LMP1/mtt/m/it/14.4 D.[] \LMP2/mtt/m/n/14.4 C []\
LMP1/mtt/m/it/14.4 /.[]/$ \TU/TimesNewRoman(0)/m/n/14.4  $\LMP1/mtt/m/it/14.4 
D.[] \LMP2/mtt/m/n/14.4 ^^A []\LMP1/mtt/m/it/14.4 /.[]/$\TU/TimesNewRoman(0)/m/
n/14.4 . []
 []


Package fancyhdr Warning: \headheight is too small (16.7pt): 
(fancyhdr)                Make it at least 17.0pt, for example:
(fancyhdr)                \setlength{\headheight}{17.0pt}.
(fancyhdr)                You might also make \topmargin smaller to compensate:

(fancyhdr)                \addtolength{\topmargin}{-0.3pt}.

[26]
Overfull \hbox (165.35571pt too wide) detected at line 551
[]
 []


Package fancyhdr Warning: \headheight is too small (16.7pt): 
(fancyhdr)                Make it at least 17.0pt, for example:
(fancyhdr)                \setlength{\headheight}{17.0pt}.
(fancyhdr)                You might also make \topmargin smaller to compensate:

(fancyhdr)                \addtolength{\topmargin}{-0.3pt}.

[27]

Package fancyhdr Warning: \headheight is too small (16.7pt): 
(fancyhdr)                Make it at least 17.0pt, for example:
(fancyhdr)                \setlength{\headheight}{17.0pt}.
(fancyhdr)                You might also make \topmargin smaller to compensate:

(fancyhdr)                \addtolength{\topmargin}{-0.3pt}.

[28]) (./Conclusion.tex

Package fancyhdr Warning: \headheight is too small (16.7pt): 
(fancyhdr)                Make it at least 17.0pt, for example:
(fancyhdr)                \setlength{\headheight}{17.0pt}.
(fancyhdr)                You might also make \topmargin smaller to compensate:

(fancyhdr)                \addtolength{\topmargin}{-0.3pt}.

[29]) [30

]
LaTeX Info: Redefining \rmfamily on input line 40.
LaTeX Info: Redefining \sffamily on input line 40.
LaTeX Info: Redefining \ttfamily on input line 40.
Package polyglossia Info: Option: arabic, locale=default.
Package polyglossia Info: Option: Arabic, calendar=gregorian.
Package polyglossia Info: Option: Arabic, numerals=maghrib.
Package polyglossia Info: Option: Arabic, numerals=maghrib.
Package polyglossia Info: Option: Arabic, numerals=maghrib.
 [31

] (./main.aux)
 ***********
LaTeX2e <2023-11-01> patch level 1
L3 programming layer <2024-02-20>
 ***********
LaTeX Font Warning: Size substitutions with differences
(Font)              up to 10.95pt have occurred.
Package rerunfilecheck Info: File `main.out' has not changed.
(rerunfilecheck)             Checksum: A746E765DD16F8911BE86DC154F95D06;1718.
Package logreq Info: Writing requests to 'main.run.xml'.
\openout1 = `main.run.xml'.

 ) 
Here is how much of TeX's memory you used:
 56523 strings out of 474773
 1338772 string characters out of 5763518
 2281067 words of memory out of 5000000
 77773 multiletter control sequences out of 15000+600000
 685886 words of font info for 160 fonts, out of 8000000 for 9000
 1348 hyphenation exceptions out of 8191
 98i,19n,145p,1288b,5932s stack positions out of 10000i,1000n,20000p,200000b,200000s

Output written on main.pdf (35 pages).
