This is XeTeX, Version 3.141592653-2.6-0.999996 (TeX Live 2024/Arch Linux) (preloaded format=xelatex 2024.11.12)  15 FEB 2025 20:45
entering extended mode
 restricted \write18 enabled.
 %&-line parsing enabled.
**chapter2.tex
(./chapter2.tex
LaTeX2e <2023-11-01> patch level 1
L3 programming layer <2024-02-20>
! Undefined control sequence.
l.1 \chapter
            {مؤثر برينستين}
The control sequence at the end of the top line
of your error message was never \def'ed. If you have
misspelled it (e.g., `\hobx'), type `I' and the correct
spelling (e.g., `I\hbox'). Otherwise just continue,
and I'll forget about whatever was undefined.


! LaTeX Error: Missing \begin{document}.

See the LaTeX manual or LaTeX Companion for explanation.
Type  H <return>  for immediate help.
 ...                                              
                                                  
l.1 \chapter{م
              ؤثر برينستين}
You're in trouble here.  Try typing  <return>  to proceed.
If that doesn't work, type  X <return>  to quit.

Missing character: There is no م ("645) in font nullfont!
Missing character: There is no ؤ ("624) in font nullfont!
Missing character: There is no ث ("62B) in font nullfont!
Missing character: There is no ر ("631) in font nullfont!
Missing character: There is no ب ("628) in font nullfont!
Missing character: There is no ر ("631) in font nullfont!
Missing character: There is no ي ("64A) in font nullfont!
Missing character: There is no ن ("646) in font nullfont!
Missing character: There is no س ("633) in font nullfont!
Missing character: There is no ت ("62A) in font nullfont!
Missing character: There is no ي ("64A) in font nullfont!
Missing character: There is no ن ("646) in font nullfont!

Overfull \hbox (20.0pt too wide) in paragraph at lines 1--2
[]
 []

! Undefined control sequence.
l.3 \section
            {تعريف مؤثر برينستين}
The control sequence at the end of the top line
of your error message was never \def'ed. If you have
misspelled it (e.g., `\hobx'), type `I' and the correct
spelling (e.g., `I\hbox'). Otherwise just continue,
and I'll forget about whatever was undefined.


! LaTeX Error: Missing \begin{document}.

See the LaTeX manual or LaTeX Companion for explanation.
Type  H <return>  for immediate help.
 ...                                              
                                                  
l.3 \section{ت
              عريف مؤثر برينستين}
You're in trouble here.  Try typing  <return>  to proceed.
If that doesn't work, type  X <return>  to quit.

Missing character: There is no ت ("62A) in font nullfont!
Missing character: There is no ع ("639) in font nullfont!
Missing character: There is no ر ("631) in font nullfont!
Missing character: There is no ي ("64A) in font nullfont!
Missing character: There is no ف ("641) in font nullfont!
Missing character: There is no م ("645) in font nullfont!
Missing character: There is no ؤ ("624) in font nullfont!
Missing character: There is no ث ("62B) in font nullfont!
Missing character: There is no ر ("631) in font nullfont!
Missing character: There is no ب ("628) in font nullfont!
Missing character: There is no ر ("631) in font nullfont!
Missing character: There is no ي ("64A) in font nullfont!
Missing character: There is no ن ("646) in font nullfont!
Missing character: There is no س ("633) in font nullfont!
Missing character: There is no ت ("62A) in font nullfont!
Missing character: There is no ي ("64A) in font nullfont!
Missing character: There is no ن ("646) in font nullfont!

Overfull \hbox (20.0pt too wide) in paragraph at lines 3--4
[]
 []


! LaTeX Error: Environment definition undefined.

See the LaTeX manual or LaTeX Companion for explanation.
Type  H <return>  for immediate help.
 ...                                              
                                                  
l.5 \begin{definition}
                      
Your command was ignored.
Type  I <command> <return>  to replace it with another command,
or  <return>  to continue without it.


! LaTeX Error: Missing \begin{document}.

See the LaTeX manual or LaTeX Companion for explanation.
Type  H <return>  for immediate help.
 ...                                              
                                                  
l.6 ^^Iل
        تكن $f(t) \in C[0,1]$. مؤثر برينستين من الرتبة $n$ يعرف بالشكل
You're in trouble here.  Try typing  <return>  to proceed.
If that doesn't work, type  X <return>  to quit.

Missing character: There is no ل ("644) in font nullfont!
Missing character: There is no ت ("62A) in font nullfont!
Missing character: There is no ك ("643) in font nullfont!
Missing character: There is no ن ("646) in font nullfont!
LaTeX Font Info:    External font `cmex10' loaded for size
(Font)              <7> on input line 6.
LaTeX Font Info:    External font `cmex10' loaded for size
(Font)              <5> on input line 6.
Missing character: There is no . ("2E) in font nullfont!
Missing character: There is no م ("645) in font nullfont!
Missing character: There is no ؤ ("624) in font nullfont!
Missing character: There is no ث ("62B) in font nullfont!
Missing character: There is no ر ("631) in font nullfont!
Missing character: There is no ب ("628) in font nullfont!
Missing character: There is no ر ("631) in font nullfont!
Missing character: There is no ي ("64A) in font nullfont!
Missing character: There is no ن ("646) in font nullfont!
Missing character: There is no س ("633) in font nullfont!
Missing character: There is no ت ("62A) in font nullfont!
Missing character: There is no ي ("64A) in font nullfont!
Missing character: There is no ن ("646) in font nullfont!
Missing character: There is no م ("645) in font nullfont!
Missing character: There is no ن ("646) in font nullfont!
Missing character: There is no ا ("627) in font nullfont!
Missing character: There is no ل ("644) in font nullfont!
Missing character: There is no ر ("631) in font nullfont!
Missing character: There is no ت ("62A) in font nullfont!
Missing character: There is no ب ("628) in font nullfont!
Missing character: There is no ة ("629) in font nullfont!
Missing character: There is no ي ("64A) in font nullfont!
Missing character: There is no ع ("639) in font nullfont!
Missing character: There is no ر ("631) in font nullfont!
Missing character: There is no ف ("641) in font nullfont!
Missing character: There is no ب ("628) in font nullfont!
Missing character: There is no ا ("627) in font nullfont!
Missing character: There is no ل ("644) in font nullfont!
Missing character: There is no ش ("634) in font nullfont!
Missing character: There is no ك ("643) in font nullfont!
Missing character: There is no ل ("644) in font nullfont!

Overfull \hbox (20.0pt too wide) in paragraph at lines 6--7
[]
 []


Overfull \hbox (26.80557pt too wide) in paragraph at lines 6--7
\OML/cmm/m/it/10 f\OT1/cmr/m/n/10 (\OML/cmm/m/it/10 t\OT1/cmr/m/n/10 ) \OMS/cms
y/m/n/10 2
 []


Overfull \hbox (27.8625pt too wide) in paragraph at lines 6--7
\OML/cmm/m/it/10 C\OT1/cmr/m/n/10 [0\OML/cmm/m/it/10 ; \OT1/cmr/m/n/10 1]$
 []


Overfull \hbox (6.00235pt too wide) in paragraph at lines 6--7
\OML/cmm/m/it/10 n$
 []

! Undefined control sequence.
l.8 ^^IB_n(f(t);x) = \sum_{k=0}^{n} \binom
                                          {n}{k} x^k (1-x)^{n-k} f\left(\fra...
The control sequence at the end of the top line
of your error message was never \def'ed. If you have
misspelled it (e.g., `\hobx'), type `I' and the correct
spelling (e.g., `I\hbox'). Otherwise just continue,
and I'll forget about whatever was undefined.


Overfull \hbox (173.17868pt too wide) detected at line 9
\OML/cmm/m/it/10 B[]\OT1/cmr/m/n/10 (\OML/cmm/m/it/10 f\OT1/cmr/m/n/10 (\OML/cm
m/m/it/10 t\OT1/cmr/m/n/10 ); \OML/cmm/m/it/10 x\OT1/cmr/m/n/10 ) = [] \OML/cmm
/m/it/10 nkx[]\OT1/cmr/m/n/10 (1 \OMS/cmsy/m/n/10 ^^@ \OML/cmm/m/it/10 x\OT1/cm
r/m/n/10 )[]\OML/cmm/m/it/10 f []
 []


! LaTeX Error: \begin{document} ended by \end{definition}.

See the LaTeX manual or LaTeX Companion for explanation.
Type  H <return>  for immediate help.
 ...                                              
                                                  
l.10 \end{definition}
                     
Your command was ignored.
Type  I <command> <return>  to replace it with another command,
or  <return>  to continue without it.


! LaTeX Error: Environment theorem undefined.

See the LaTeX manual or LaTeX Companion for explanation.
Type  H <return>  for immediate help.
 ...                                              
                                                  
l.12 \begin{theorem}
                    
Your command was ignored.
Type  I <command> <return>  to replace it with another command,
or  <return>  to continue without it.


! LaTeX Error: Missing \begin{document}.

See the LaTeX manual or LaTeX Companion for explanation.
Type  H <return>  for immediate help.
 ...                                              
                                                  
l.13 ^^Iا
         لدوال $b_{n,k}(x)$ تمتلك الخواص التالية
You're in trouble here.  Try typing  <return>  to proceed.
If that doesn't work, type  X <return>  to quit.

Missing character: There is no ا ("627) in font nullfont!
Missing character: There is no ل ("644) in font nullfont!
Missing character: There is no د ("62F) in font nullfont!
Missing character: There is no و ("648) in font nullfont!
Missing character: There is no ا ("627) in font nullfont!
Missing character: There is no ل ("644) in font nullfont!
Missing character: There is no ت ("62A) in font nullfont!
Missing character: There is no م ("645) in font nullfont!
Missing character: There is no ت ("62A) in font nullfont!
Missing character: There is no ل ("644) in font nullfont!
Missing character: There is no ك ("643) in font nullfont!
Missing character: There is no ا ("627) in font nullfont!
Missing character: There is no ل ("644) in font nullfont!
Missing character: There is no خ ("62E) in font nullfont!
Missing character: There is no و ("648) in font nullfont!
Missing character: There is no ا ("627) in font nullfont!
Missing character: There is no ص ("635) in font nullfont!
Missing character: There is no ا ("627) in font nullfont!
Missing character: There is no ل ("644) in font nullfont!
Missing character: There is no ت ("62A) in font nullfont!
Missing character: There is no ا ("627) in font nullfont!
Missing character: There is no ل ("644) in font nullfont!
Missing character: There is no ي ("64A) in font nullfont!
Missing character: There is no ة ("629) in font nullfont!

! LaTeX Error: Environment english undefined.

See the LaTeX manual or LaTeX Companion for explanation.
Type  H <return>  for immediate help.
 ...                                              
                                                  
l.14 ^^I\begin{english}
                       
Your command was ignored.
Type  I <command> <return>  to replace it with another command,
or  <return>  to continue without it.


Overfull \hbox (20.0pt too wide) in paragraph at lines 13--15
[]
 []


Overfull \hbox (30.02322pt too wide) in paragraph at lines 13--15
\OML/cmm/m/it/10 b[]\OT1/cmr/m/n/10 (\OML/cmm/m/it/10 x\OT1/cmr/m/n/10 )$
 []


! LaTeX Error: Missing \begin{document}.

See the LaTeX manual or LaTeX Companion for explanation.
Type  H <return>  for immediate help.
 ...                                              
                                                  
l.15 ^^I^^I\begin{enumerate}[
                             label=\textbf{\arabic*.}]
You're in trouble here.  Try typing  <return>  to proceed.
If that doesn't work, type  X <return>  to quit.

Missing character: There is no [ ("5B) in font nullfont!
Missing character: There is no l ("6C) in font nullfont!
Missing character: There is no a ("61) in font nullfont!
Missing character: There is no b ("62) in font nullfont!
Missing character: There is no e ("65) in font nullfont!
Missing character: There is no l ("6C) in font nullfont!
Missing character: There is no = ("3D) in font nullfont!
! Missing number, treated as zero.
<to be read again> 
                   \c@* 
l.15 ...\begin{enumerate}[label=\textbf{\arabic*.}
                                                  ]
A number should have been here; I inserted `0'.
(If you can't figure out why I needed to see a number,
look up `weird error' in the index to The TeXbook.)

Missing character: There is no ] ("5D) in font nullfont!

! LaTeX Error: Something's wrong--perhaps a missing \item.

See the LaTeX manual or LaTeX Companion for explanation.
Type  H <return>  for immediate help.
 ...                                              
                                                  
l.16 ^^I^^I^^I\item \(
                      \sum_{k=0}^{n} b_{n,k}(x) = 1\)
Try typing  <return>  to proceed.
If that doesn't work, type  X <return>  to quit.


! LaTeX Error: Something's wrong--perhaps a missing \item.

See the LaTeX manual or LaTeX Companion for explanation.
Type  H <return>  for immediate help.
 ...                                              
                                                  
l.16 ^^I^^I^^I\item \(
                      \sum_{k=0}^{n} b_{n,k}(x) = 1\)
Try typing  <return>  to proceed.
If that doesn't work, type  X <return>  to quit.


! LaTeX Error: Something's wrong--perhaps a missing \item.

See the LaTeX manual or LaTeX Companion for explanation.
Type  H <return>  for immediate help.
 ...                                              
                                                  
l.16 ^^I^^I^^I\item \(
                      \sum_{k=0}^{n} b_{n,k}(x) = 1\)
Try typing  <return>  to proceed.
If that doesn't work, type  X <return>  to quit.


! LaTeX Error: Something's wrong--perhaps a missing \item.

See the LaTeX manual or LaTeX Companion for explanation.
Type  H <return>  for immediate help.
 ...                                              
                                                  
l.17 ^^I^^I^^I\item \(
                      \sum_{k=0}^{n} kb_{n,k}(x) = nx\)
Try typing  <return>  to proceed.
If that doesn't work, type  X <return>  to quit.


! LaTeX Error: Something's wrong--perhaps a missing \item.

See the LaTeX manual or LaTeX Companion for explanation.
Type  H <return>  for immediate help.
 ...                                              
                                                  
l.17 ^^I^^I^^I\item \(
                      \sum_{k=0}^{n} kb_{n,k}(x) = nx\)
Try typing  <return>  to proceed.
If that doesn't work, type  X <return>  to quit.


! LaTeX Error: Something's wrong--perhaps a missing \item.

See the LaTeX manual or LaTeX Companion for explanation.
Type  H <return>  for immediate help.
 ...                                              
                                                  
l.17 ^^I^^I^^I\item \(
                      \sum_{k=0}^{n} kb_{n,k}(x) = nx\)
Try typing  <return>  to proceed.
If that doesn't work, type  X <return>  to quit.


! LaTeX Error: Something's wrong--perhaps a missing \item.

See the LaTeX manual or LaTeX Companion for explanation.
Type  H <return>  for immediate help.
 ...                                              
                                                  
l.18 ^^I^^I^^I\item \(
                      \sum_{k=0}^{n} k^2 b_{n,k}(x) = n(n-1)x^2 + nx\)
Try typing  <return>  to proceed.
If that doesn't work, type  X <return>  to quit.


! LaTeX Error: Something's wrong--perhaps a missing \item.

See the LaTeX manual or LaTeX Companion for explanation.
Type  H <return>  for immediate help.
 ...                                              
                                                  
l.18 ^^I^^I^^I\item \(
                      \sum_{k=0}^{n} k^2 b_{n,k}(x) = n(n-1)x^2 + nx\)
Try typing  <return>  to proceed.
If that doesn't work, type  X <return>  to quit.


! LaTeX Error: Something's wrong--perhaps a missing \item.

See the LaTeX manual or LaTeX Companion for explanation.
Type  H <return>  for immediate help.
 ...                                              
                                                  
l.18 ^^I^^I^^I\item \(
                      \sum_{k=0}^{n} k^2 b_{n,k}(x) = n(n-1)x^2 + nx\)
Try typing  <return>  to proceed.
If that doesn't work, type  X <return>  to quit.


! LaTeX Error: Something's wrong--perhaps a missing \item.

See the LaTeX manual or LaTeX Companion for explanation.
Type  H <return>  for immediate help.
 ...                                              
                                                  
l.19 ^^I^^I^^I\item \(
                      \sum_{k=0}^{n} k^3 b_{n,k}(x) = n(n-1)(n-2)x^3 + 3n(n-...

Try typing  <return>  to proceed.
If that doesn't work, type  X <return>  to quit.


! LaTeX Error: Something's wrong--perhaps a missing \item.

See the LaTeX manual or LaTeX Companion for explanation.
Type  H <return>  for immediate help.
 ...                                              
                                                  
l.19 ^^I^^I^^I\item \(
                      \sum_{k=0}^{n} k^3 b_{n,k}(x) = n(n-1)(n-2)x^3 + 3n(n-...

Try typing  <return>  to proceed.
If that doesn't work, type  X <return>  to quit.


! LaTeX Error: Something's wrong--perhaps a missing \item.

See the LaTeX manual or LaTeX Companion for explanation.
Type  H <return>  for immediate help.
 ...                                              
                                                  
l.19 ^^I^^I^^I\item \(
                      \sum_{k=0}^{n} k^3 b_{n,k}(x) = n(n-1)(n-2)x^3 + 3n(n-...

Try typing  <return>  to proceed.
If that doesn't work, type  X <return>  to quit.


! LaTeX Error: Something's wrong--perhaps a missing \item.

See the LaTeX manual or LaTeX Companion for explanation.
Type  H <return>  for immediate help.
 ...                                              
                                                  
l.20 ^^I^^I\end{enumerate}
                          
Try typing  <return>  to proceed.
If that doesn't work, type  X <return>  to quit.


Overfull \hbox (76.78616pt too wide) in paragraph at lines 15--20
[]\TU/lmr/bx/n/10 0.$[][] \OML/cmm/m/it/10 b[]\OT1/cmr/m/n/10 (\OML/cmm/m/it/10
 x\OT1/cmr/m/n/10 ) =
 []


Overfull \hbox (5.00002pt too wide) in paragraph at lines 15--20
\OT1/cmr/m/n/10 1$
 []


Overfull \hbox (73.367pt too wide) in paragraph at lines 15--20
[]$[][] \OML/cmm/m/it/10 kb[]\OT1/cmr/m/n/10 (\OML/cmm/m/it/10 x\OT1/cmr/m/n/10
 ) =
 []


Overfull \hbox (11.71762pt too wide) in paragraph at lines 15--20
\OML/cmm/m/it/10 nx$
 []


Overfull \hbox (77.85313pt too wide) in paragraph at lines 15--20
[]$[][] \OML/cmm/m/it/10 k[]b[]\OT1/cmr/m/n/10 (\OML/cmm/m/it/10 x\OT1/cmr/m/n/
10 ) =
 []


Overfull \hbox (23.6714pt too wide) in paragraph at lines 15--20
\OML/cmm/m/it/10 n\OT1/cmr/m/n/10 (\OML/cmm/m/it/10 n \OMS/cmsy/m/n/10 ^^@
 []


Overfull \hbox (26.86812pt too wide) in paragraph at lines 15--20
\OT1/cmr/m/n/10 1)\OML/cmm/m/it/10 x[] \OT1/cmr/m/n/10 +
 []


Overfull \hbox (11.71762pt too wide) in paragraph at lines 15--20
\OML/cmm/m/it/10 nx$
 []


Overfull \hbox (77.85313pt too wide) in paragraph at lines 15--20
[]$[][] \OML/cmm/m/it/10 k[]b[]\OT1/cmr/m/n/10 (\OML/cmm/m/it/10 x\OT1/cmr/m/n/
10 ) =
 []


Overfull \hbox (23.6714pt too wide) in paragraph at lines 15--20
\OML/cmm/m/it/10 n\OT1/cmr/m/n/10 (\OML/cmm/m/it/10 n \OMS/cmsy/m/n/10 ^^@
 []


Overfull \hbox (26.55797pt too wide) in paragraph at lines 15--20
\OT1/cmr/m/n/10 1)(\OML/cmm/m/it/10 n \OMS/cmsy/m/n/10 ^^@
 []


Overfull \hbox (26.86812pt too wide) in paragraph at lines 15--20
\OT1/cmr/m/n/10 2)\OML/cmm/m/it/10 x[] \OT1/cmr/m/n/10 +
 []


Overfull \hbox (28.67142pt too wide) in paragraph at lines 15--20
\OT1/cmr/m/n/10 3\OML/cmm/m/it/10 n\OT1/cmr/m/n/10 (\OML/cmm/m/it/10 n \OMS/cms
y/m/n/10 ^^@
 []


Overfull \hbox (26.86812pt too wide) in paragraph at lines 15--20
\OT1/cmr/m/n/10 1)\OML/cmm/m/it/10 x[] \OT1/cmr/m/n/10 +
 []


Overfull \hbox (11.71762pt too wide) in paragraph at lines 15--20
\OML/cmm/m/it/10 nx$ 
 []


! LaTeX Error: \begin{document} ended by \end{english}.

See the LaTeX manual or LaTeX Companion for explanation.
Type  H <return>  for immediate help.
 ...                                              
                                                  
l.21 ^^I\end{english}
                     
Your command was ignored.
Type  I <command> <return>  to replace it with another command,
or  <return>  to continue without it.


! LaTeX Error: \begin{document} ended by \end{theorem}.

See the LaTeX manual or LaTeX Companion for explanation.
Type  H <return>  for immediate help.
 ...                                              
                                                  
l.22 \end{theorem}
                  
Your command was ignored.
Type  I <command> <return>  to replace it with another command,
or  <return>  to continue without it.

Missing character: There is no ا (U+0627) in font [lmroman10-bold]:mapping=tex-
text;!
Missing character: There is no ل (U+0644) in font [lmroman10-bold]:mapping=tex-
text;!
Missing character: There is no ب (U+0628) in font [lmroman10-bold]:mapping=tex-
text;!
Missing character: There is no ر (U+0631) in font [lmroman10-bold]:mapping=tex-
text;!
Missing character: There is no ه (U+0647) in font [lmroman10-bold]:mapping=tex-
text;!
Missing character: There is no ا (U+0627) in font [lmroman10-bold]:mapping=tex-
text;!
Missing character: There is no ن (U+0646) in font [lmroman10-bold]:mapping=tex-
text;!

Overfull \hbox (19.6pt too wide) in paragraph at lines 23--25
\TU/lmr/bx/n/10 البرهان 
 []


! LaTeX Error: Environment align* undefined.

See the LaTeX manual or LaTeX Companion for explanation.
Type  H <return>  for immediate help.
 ...                                              
                                                  
l.27 ^^I\begin{align*}
                      
Your command was ignored.
Type  I <command> <return>  to replace it with another command,
or  <return>  to continue without it.

! Missing $ inserted.
<inserted text> 
                $
l.28 ^^I^^I\sum
               _{k=0}^{n} b_{n,k}(x) = \sum_{k=0}^{n} x^k (1-x)^{n-k} = (x+1...
I've inserted a begin-math/end-math symbol since I think
you left one out. Proceed, with fingers crossed.


! LaTeX Error: \begin{enumerate} on input line 25 ended by \end{align*}.

See the LaTeX manual or LaTeX Companion for explanation.
Type  H <return>  for immediate help.
 ...                                              
                                                  
l.29 ^^I\end{align*}
                    
Your command was ignored.
Type  I <command> <return>  to replace it with another command,
or  <return>  to continue without it.

! Missing $ inserted.
<inserted text> 
                $
l.29 ^^I\end{align*}
                    
I've inserted something that you may have forgotten.
(See the <inserted text> above.)
With luck, this will get me unwedged. But if you
really didn't forget anything, try typing `2' now; then
my insertion and my current dilemma will both disappear.


Overfull \hbox (67.84616pt too wide) in paragraph at lines 28--31
[][] \OML/cmm/m/it/10 b[]\OT1/cmr/m/n/10 (\OML/cmm/m/it/10 x\OT1/cmr/m/n/10 ) =

 []


Overfull \hbox (54.56958pt too wide) in paragraph at lines 28--31
[][] \OML/cmm/m/it/10 x[]\OT1/cmr/m/n/10 (1 \OMS/cmsy/m/n/10 ^^@
 []


Overfull \hbox (36.2732pt too wide) in paragraph at lines 28--31
\OML/cmm/m/it/10 x\OT1/cmr/m/n/10 )[] =
 []


Overfull \hbox (17.38197pt too wide) in paragraph at lines 28--31
\OT1/cmr/m/n/10 (\OML/cmm/m/it/10 x \OT1/cmr/m/n/10 +
 []


Overfull \hbox (12.77782pt too wide) in paragraph at lines 28--31
\OT1/cmr/m/n/10 1 \OMS/cmsy/m/n/10 ^^@
 []


Overfull \hbox (25.60301pt too wide) in paragraph at lines 28--31
\OML/cmm/m/it/10 x\OT1/cmr/m/n/10 )[] =
 []


Overfull \hbox (5.00002pt too wide) in paragraph at lines 28--31
\OT1/cmr/m/n/10 1$ 
 []


! LaTeX Error: Environment align* undefined.

See the LaTeX manual or LaTeX Companion for explanation.
Type  H <return>  for immediate help.
 ...                                              
                                                  
l.31 ^^I\begin{align*}
                      
Your command was ignored.
Type  I <command> <return>  to replace it with another command,
or  <return>  to continue without it.

! Missing $ inserted.
<inserted text> 
                $
l.32 ^^I^^I\sum
               _{k=0}^{n} k b_{n,k}(x) &= \sum_{k=0}^{n} k \frac{n!}{k!(n-k)...
I've inserted a begin-math/end-math symbol since I think
you left one out. Proceed, with fingers crossed.

! Misplaced alignment tab character &.
l.32 ^^I^^I\sum_{k=0}^{n} k b_{n,k}(x) &
                                        = \sum_{k=0}^{n} k \frac{n!}{k!(n-k)...
I can't figure out why you would want to use a tab mark
here. If you just want an ampersand, the remedy is
simple: Just type `I\&' now. But if some right brace
up above has ended a previous alignment prematurely,
you're probably due for more error messages, and you
might try typing `S' now just to see what is salvageable.

! Misplaced alignment tab character &.
<recently read> &
                 
l.33 ^^I^^I&
            = 0 + \sum_{k=1}^{n} k \frac{n!}{k!(n-k)!} x^k (1-x)^{n-k}\\
I can't figure out why you would want to use a tab mark
here. If you just want an ampersand, the remedy is
simple: Just type `I\&' now. But if some right brace
up above has ended a previous alignment prematurely,
you're probably due for more error messages, and you
might try typing `S' now just to see what is salvageable.

! Misplaced alignment tab character &.
<recently read> &
                 
l.34 ^^I^^I&
            = \sum_{k=1}^{n} \frac{n!}{(k-1)!(n-k)!} x^k (1-x)^{n-k}\\
I can't figure out why you would want to use a tab mark
here. If you just want an ampersand, the remedy is
simple: Just type `I\&' now. But if some right brace
up above has ended a previous alignment prematurely,
you're probably due for more error messages, and you
might try typing `S' now just to see what is salvageable.

! Misplaced alignment tab character &.
<recently read> &
                 
l.35 ^^I^^I&
            = \sum_{k=0}^{n-1} \frac{n (n-1)!}{k! (n-1-k)!} x^{k+1} (1-x)^{n...
I can't figure out why you would want to use a tab mark
here. If you just want an ampersand, the remedy is
simple: Just type `I\&' now. But if some right brace
up above has ended a previous alignment prematurely,
you're probably due for more error messages, and you
might try typing `S' now just to see what is salvageable.

! Misplaced alignment tab character &.
<recently read> &
                 
l.36 ^^I^^I&
            = nx \sum_{k=0}^{n-1} b_{n-1,k}(x) = nx
I can't figure out why you would want to use a tab mark
here. If you just want an ampersand, the remedy is
simple: Just type `I\&' now. But if some right brace
up above has ended a previous alignment prematurely,
you're probably due for more error messages, and you
might try typing `S' now just to see what is salvageable.


! LaTeX Error: \begin{enumerate} on input line 25 ended by \end{align*}.

See the LaTeX manual or LaTeX Companion for explanation.
Type  H <return>  for immediate help.
 ...                                              
                                                  
l.37 ^^I\end{align*}
                    
Your command was ignored.
Type  I <command> <return>  to replace it with another command,
or  <return>  to continue without it.

! Missing $ inserted.
<inserted text> 
                $
l.37 ^^I\end{align*}
                    
I've inserted something that you may have forgotten.
(See the <inserted text> above.)
With luck, this will get me unwedged. But if you
really didn't forget anything, try typing `2' now; then
my insertion and my current dilemma will both disappear.


Overfull \hbox (73.367pt too wide) in paragraph at lines 32--39
[][] \OML/cmm/m/it/10 kb[]\OT1/cmr/m/n/10 (\OML/cmm/m/it/10 x\OT1/cmr/m/n/10 ) 
=
 []


Overfull \hbox (93.30193pt too wide) in paragraph at lines 32--39
[][] \OML/cmm/m/it/10 k[]x[]\OT1/cmr/m/n/10 (1 \OMS/cmsy/m/n/10 ^^@
 []


Overfull \hbox (25.71768pt too wide) in paragraph at lines 32--39
\OML/cmm/m/it/10 x\OT1/cmr/m/n/10 )[][] 
 []


Overfull \hbox (7.7778pt too wide) in paragraph at lines 32--39
\OT1/cmr/m/n/10 =
 []


Overfull \hbox (12.77782pt too wide) in paragraph at lines 32--39
\OT1/cmr/m/n/10 0 +
 []


Overfull \hbox (93.30193pt too wide) in paragraph at lines 32--39
[][] \OML/cmm/m/it/10 k[]x[]\OT1/cmr/m/n/10 (1 \OMS/cmsy/m/n/10 ^^@
 []


Overfull \hbox (25.71768pt too wide) in paragraph at lines 32--39
\OML/cmm/m/it/10 x\OT1/cmr/m/n/10 )[][] 
 []


Overfull \hbox (7.7778pt too wide) in paragraph at lines 32--39
\OT1/cmr/m/n/10 =
 []


Overfull \hbox (104.26726pt too wide) in paragraph at lines 32--39
[][] []\OML/cmm/m/it/10 x[]\OT1/cmr/m/n/10 (1 \OMS/cmsy/m/n/10 ^^@
 []


Overfull \hbox (25.71768pt too wide) in paragraph at lines 32--39
\OML/cmm/m/it/10 x\OT1/cmr/m/n/10 )[][] 
 []


Overfull \hbox (7.7778pt too wide) in paragraph at lines 32--39
\OT1/cmr/m/n/10 =
 []


Overfull \hbox (108.77654pt too wide) in paragraph at lines 32--39
[][] []\OML/cmm/m/it/10 x[]\OT1/cmr/m/n/10 (1 \OMS/cmsy/m/n/10 ^^@
 []


Overfull \hbox (35.95383pt too wide) in paragraph at lines 32--39
\OML/cmm/m/it/10 x\OT1/cmr/m/n/10 )[][] 
 []


Overfull \hbox (7.7778pt too wide) in paragraph at lines 32--39
\OT1/cmr/m/n/10 =
 []


Overfull \hbox (92.10081pt too wide) in paragraph at lines 32--39
\OML/cmm/m/it/10 nx [][] b[]\OT1/cmr/m/n/10 (\OML/cmm/m/it/10 x\OT1/cmr/m/n/10 
) =
 []


Overfull \hbox (11.71762pt too wide) in paragraph at lines 32--39
\OML/cmm/m/it/10 nx$ 
 []


! LaTeX Error: Environment align* undefined.

See the LaTeX manual or LaTeX Companion for explanation.
Type  H <return>  for immediate help.
 ...                                              
                                                  
l.39 ^^I\begin{align*}
                      
Your command was ignored.
Type  I <command> <return>  to replace it with another command,
or  <return>  to continue without it.

! Missing $ inserted.
<inserted text> 
                $
l.40 ^^I^^I\sum
               _{k=0}^{n} k^2 b_{n,k}(x) &= \sum_{k=0}^{n} k^2 \frac{n!}{k!(...
I've inserted a begin-math/end-math symbol since I think
you left one out. Proceed, with fingers crossed.

! Misplaced alignment tab character &.
l.40 ^^I^^I\sum_{k=0}^{n} k^2 b_{n,k}(x) &
                                          = \sum_{k=0}^{n} k^2 \frac{n!}{k!(...
I can't figure out why you would want to use a tab mark
here. If you just want an ampersand, the remedy is
simple: Just type `I\&' now. But if some right brace
up above has ended a previous alignment prematurely,
you're probably due for more error messages, and you
might try typing `S' now just to see what is salvageable.

! Misplaced alignment tab character &.
<recently read> &
                 
l.41 ^^I^^I&
            = 0 + \sum_{k=1}^{n}  k^2 \frac{n!}{k!(n-k)!} x^k(1-x)^{n-k}\\
I can't figure out why you would want to use a tab mark
here. If you just want an ampersand, the remedy is
simple: Just type `I\&' now. But if some right brace
up above has ended a previous alignment prematurely,
you're probably due for more error messages, and you
might try typing `S' now just to see what is salvageable.

! Misplaced alignment tab character &.
<recently read> &
                 
l.42 ^^I^^I&
            = \sum_{k=1}^{n} k \frac{n!}{(k-1)!(n-k)!} x^k (1-x)^{n-k}\\
I can't figure out why you would want to use a tab mark
here. If you just want an ampersand, the remedy is
simple: Just type `I\&' now. But if some right brace
up above has ended a previous alignment prematurely,
you're probably due for more error messages, and you
might try typing `S' now just to see what is salvageable.

! Misplaced alignment tab character &.
<recently read> &
                 
l.43 ^^I^^I&
            = \sum_{k=0}^{n-1} (k+1) \frac{n(n-1)!}{k!(n-1-k)!} x^{k+1} (1-x...
I can't figure out why you would want to use a tab mark
here. If you just want an ampersand, the remedy is
simple: Just type `I\&' now. But if some right brace
up above has ended a previous alignment prematurely,
you're probably due for more error messages, and you
might try typing `S' now just to see what is salvageable.

! Misplaced alignment tab character &.
<recently read> &
                 
l.44 ^^I^^I&
            = nx \sum_{k=0}^{n-1} (k+1) b_{n-1,k}(x)\\
I can't figure out why you would want to use a tab mark
here. If you just want an ampersand, the remedy is
simple: Just type `I\&' now. But if some right brace
up above has ended a previous alignment prematurely,
you're probably due for more error messages, and you
might try typing `S' now just to see what is salvageable.

! Misplaced alignment tab character &.
<recently read> &
                 
l.45 ^^I^^I&
            = nx \left\{\sum_{k=0}^{n-1}kb_{n-1,k}(x) + \sum_{k=0}^{n-1} b_{...
I can't figure out why you would want to use a tab mark
here. If you just want an ampersand, the remedy is
simple: Just type `I\&' now. But if some right brace
up above has ended a previous alignment prematurely,
you're probably due for more error messages, and you
might try typing `S' now just to see what is salvageable.

! Misplaced alignment tab character &.
<recently read> &
                 
l.46 ^^I^^I&
            = nx \Big\{(n-1)x+1\Big\}\\
I can't figure out why you would want to use a tab mark
here. If you just want an ampersand, the remedy is
simple: Just type `I\&' now. But if some right brace
up above has ended a previous alignment prematurely,
you're probably due for more error messages, and you
might try typing `S' now just to see what is salvageable.

! Misplaced alignment tab character &.
<recently read> &
                 
l.47 ^^I^^I&
            = n(n-1)x^2 + nx
I can't figure out why you would want to use a tab mark
here. If you just want an ampersand, the remedy is
simple: Just type `I\&' now. But if some right brace
up above has ended a previous alignment prematurely,
you're probably due for more error messages, and you
might try typing `S' now just to see what is salvageable.


! LaTeX Error: \begin{enumerate} on input line 25 ended by \end{align*}.

See the LaTeX manual or LaTeX Companion for explanation.
Type  H <return>  for immediate help.
 ...                                              
                                                  
l.48 ^^I\end{align*}
                    
Your command was ignored.
Type  I <command> <return>  to replace it with another command,
or  <return>  to continue without it.

! Missing $ inserted.
<inserted text> 
                $
l.48 ^^I\end{align*}
                    
I've inserted something that you may have forgotten.
(See the <inserted text> above.)
With luck, this will get me unwedged. But if you
really didn't forget anything, try typing `2' now; then
my insertion and my current dilemma will both disappear.


Overfull \hbox (77.85313pt too wide) in paragraph at lines 40--50
[][] \OML/cmm/m/it/10 k[]b[]\OT1/cmr/m/n/10 (\OML/cmm/m/it/10 x\OT1/cmr/m/n/10 
) =
 []


Overfull \hbox (97.78806pt too wide) in paragraph at lines 40--50
[][] \OML/cmm/m/it/10 k[][]x[]\OT1/cmr/m/n/10 (1 \OMS/cmsy/m/n/10 ^^@
 []


Overfull \hbox (25.71768pt too wide) in paragraph at lines 40--50
\OML/cmm/m/it/10 x\OT1/cmr/m/n/10 )[][] 
 []


Overfull \hbox (7.7778pt too wide) in paragraph at lines 40--50
\OT1/cmr/m/n/10 =
 []


Overfull \hbox (12.77782pt too wide) in paragraph at lines 40--50
\OT1/cmr/m/n/10 0 +
 []


Overfull \hbox (97.78806pt too wide) in paragraph at lines 40--50
[][] \OML/cmm/m/it/10 k[][]x[]\OT1/cmr/m/n/10 (1 \OMS/cmsy/m/n/10 ^^@
 []


Overfull \hbox (25.71768pt too wide) in paragraph at lines 40--50
\OML/cmm/m/it/10 x\OT1/cmr/m/n/10 )[][] 
 []


Overfull \hbox (7.7778pt too wide) in paragraph at lines 40--50
\OT1/cmr/m/n/10 =
 []


Overfull \hbox (109.7881pt too wide) in paragraph at lines 40--50
[][] \OML/cmm/m/it/10 k[]x[]\OT1/cmr/m/n/10 (1 \OMS/cmsy/m/n/10 ^^@
 []


Overfull \hbox (25.71768pt too wide) in paragraph at lines 40--50
\OML/cmm/m/it/10 x\OT1/cmr/m/n/10 )[][] 
 []


Overfull \hbox (7.7778pt too wide) in paragraph at lines 40--50
\OT1/cmr/m/n/10 =
 []


Overfull \hbox (43.4226pt too wide) in paragraph at lines 40--50
[][]\OT1/cmr/m/n/10 (\OML/cmm/m/it/10 k \OT1/cmr/m/n/10 +
 []


Overfull \hbox (89.76376pt too wide) in paragraph at lines 40--50
\OT1/cmr/m/n/10 1)[]\OML/cmm/m/it/10 x[]\OT1/cmr/m/n/10 (1 \OMS/cmsy/m/n/10 ^^@

 []


Overfull \hbox (35.95383pt too wide) in paragraph at lines 40--50
\OML/cmm/m/it/10 x\OT1/cmr/m/n/10 )[][] 
 []


Overfull \hbox (7.7778pt too wide) in paragraph at lines 40--50
\OT1/cmr/m/n/10 =
 []


Overfull \hbox (56.80685pt too wide) in paragraph at lines 40--50
\OML/cmm/m/it/10 nx [][]\OT1/cmr/m/n/10 (\OML/cmm/m/it/10 k \OT1/cmr/m/n/10 +
 []


Overfull \hbox (49.14828pt too wide) in paragraph at lines 40--50
\OT1/cmr/m/n/10 1)\OML/cmm/m/it/10 b[]\OT1/cmr/m/n/10 (\OML/cmm/m/it/10 x\OT1/c
mr/m/n/10 )[] 
 []


Overfull \hbox (7.7778pt too wide) in paragraph at lines 40--50
\OT1/cmr/m/n/10 =
 []


Overfull \hbox (182.44934pt too wide) in paragraph at lines 40--50
\OML/cmm/m/it/10 nx [] [] 
 []


Overfull \hbox (7.7778pt too wide) in paragraph at lines 40--50
\OT1/cmr/m/n/10 =
 []


Overfull \hbox (36.05336pt too wide) in paragraph at lines 40--50
\OML/cmm/m/it/10 nx[]\OT1/cmr/m/n/10 (\OML/cmm/m/it/10 n \OMS/cmsy/m/n/10 ^^@
 []


Overfull \hbox (22.38199pt too wide) in paragraph at lines 40--50
\OT1/cmr/m/n/10 1)\OML/cmm/m/it/10 x \OT1/cmr/m/n/10 +
 []


Overfull \hbox (11.6667pt too wide) in paragraph at lines 40--50
\OT1/cmr/m/n/10 1[][] 
 []


Overfull \hbox (7.7778pt too wide) in paragraph at lines 40--50
\OT1/cmr/m/n/10 =
 []


Overfull \hbox (23.6714pt too wide) in paragraph at lines 40--50
\OML/cmm/m/it/10 n\OT1/cmr/m/n/10 (\OML/cmm/m/it/10 n \OMS/cmsy/m/n/10 ^^@
 []


Overfull \hbox (26.86812pt too wide) in paragraph at lines 40--50
\OT1/cmr/m/n/10 1)\OML/cmm/m/it/10 x[] \OT1/cmr/m/n/10 +
 []


Overfull \hbox (11.71762pt too wide) in paragraph at lines 40--50
\OML/cmm/m/it/10 nx$ 
 []


! LaTeX Error: Environment align* undefined.

See the LaTeX manual or LaTeX Companion for explanation.
Type  H <return>  for immediate help.
 ...                                              
                                                  
l.50 ^^I\begin{align*}
                      
Your command was ignored.
Type  I <command> <return>  to replace it with another command,
or  <return>  to continue without it.

! Missing $ inserted.
<inserted text> 
                $
l.51 ^^I^^I\sum
               _{k=0}^{n} k^3 b_{n,k}(x) ^^I &= \sum_{k=0}^{n}k^3 \frac{n!}{...
I've inserted a begin-math/end-math symbol since I think
you left one out. Proceed, with fingers crossed.

! Misplaced alignment tab character &.
l.51 ^^I^^I\sum_{k=0}^{n} k^3 b_{n,k}(x) ^^I &
                                              = \sum_{k=0}^{n}k^3 \frac{n!}{...
I can't figure out why you would want to use a tab mark
here. If you just want an ampersand, the remedy is
simple: Just type `I\&' now. But if some right brace
up above has ended a previous alignment prematurely,
you're probably due for more error messages, and you
might try typing `S' now just to see what is salvageable.

! Misplaced alignment tab character &.
<recently read> &
                 
l.52 ^^I^^I&
            = 0 + \sum_{k=1}^{n}k^3 \frac{n!}{k!(n-k)!} x^k (1-x)^{n-k}\\
I can't figure out why you would want to use a tab mark
here. If you just want an ampersand, the remedy is
simple: Just type `I\&' now. But if some right brace
up above has ended a previous alignment prematurely,
you're probably due for more error messages, and you
might try typing `S' now just to see what is salvageable.

! Misplaced alignment tab character &.
<recently read> &
                 
l.53 ^^I^^I&
            = \sum_{k=1}^{n}k^2 \frac{n!}{(k-1)!(n-k)!} x^k (1-x)^{n-k}\\
I can't figure out why you would want to use a tab mark
here. If you just want an ampersand, the remedy is
simple: Just type `I\&' now. But if some right brace
up above has ended a previous alignment prematurely,
you're probably due for more error messages, and you
might try typing `S' now just to see what is salvageable.

! Misplaced alignment tab character &.
<recently read> &
                 
l.54 ^^I^^I&
            = \sum_{k=0}^{n-1}(k+1)^2 \frac{n(n-1)!}{k!(n-1-k)!} x^{k+1} (1-...
I can't figure out why you would want to use a tab mark
here. If you just want an ampersand, the remedy is
simple: Just type `I\&' now. But if some right brace
up above has ended a previous alignment prematurely,
you're probably due for more error messages, and you
might try typing `S' now just to see what is salvageable.

! Misplaced alignment tab character &.
<recently read> &
                 
l.55 ^^I^^I&
            = nx \sum_{k=0}^{n-1} (k+1)^2 b_{n-1,k}(x)\\
I can't figure out why you would want to use a tab mark
here. If you just want an ampersand, the remedy is
simple: Just type `I\&' now. But if some right brace
up above has ended a previous alignment prematurely,
you're probably due for more error messages, and you
might try typing `S' now just to see what is salvageable.

! Misplaced alignment tab character &.
<recently read> &
                 
l.56 ^^I^^I&
            = nx \sum_{k=0}^{n-1} (k^2+2k+1) b_{n-1,k}(x)\\
I can't figure out why you would want to use a tab mark
here. If you just want an ampersand, the remedy is
simple: Just type `I\&' now. But if some right brace
up above has ended a previous alignment prematurely,
you're probably due for more error messages, and you
might try typing `S' now just to see what is salvageable.

! Misplaced alignment tab character &.
<recently read> &
                 
l.57 ^^I^^I&
            = nx \Big[(n-1)(n-2)x^2 + (n-1)x + 2\big[(n-1)x\big] + 1\Big]\\
I can't figure out why you would want to use a tab mark
here. If you just want an ampersand, the remedy is
simple: Just type `I\&' now. But if some right brace
up above has ended a previous alignment prematurely,
you're probably due for more error messages, and you
might try typing `S' now just to see what is salvageable.

! Misplaced alignment tab character &.
<recently read> &
                 
l.58 ^^I^^I&
            = n(n-1)(n-2)x^3 + (1+2)n(n-1)x^2 + nx\\
I can't figure out why you would want to use a tab mark
here. If you just want an ampersand, the remedy is
simple: Just type `I\&' now. But if some right brace
up above has ended a previous alignment prematurely,
you're probably due for more error messages, and you
might try typing `S' now just to see what is salvageable.

! Misplaced alignment tab character &.
<recently read> &
                 
l.59 ^^I^^I&
            = n(n-1)(n-2)x^3 + 3n(n-1)x^2 + nx\\
I can't figure out why you would want to use a tab mark
here. If you just want an ampersand, the remedy is
simple: Just type `I\&' now. But if some right brace
up above has ended a previous alignment prematurely,
you're probably due for more error messages, and you
might try typing `S' now just to see what is salvageable.


! LaTeX Error: \begin{enumerate} on input line 25 ended by \end{align*}.

See the LaTeX manual or LaTeX Companion for explanation.
Type  H <return>  for immediate help.
 ...                                              
                                                  
l.60 ^^I\end{align*}
                    
Your command was ignored.
Type  I <command> <return>  to replace it with another command,
or  <return>  to continue without it.

! Missing $ inserted.
<inserted text> 
                $
l.60 ^^I\end{align*}
                    
I've inserted something that you may have forgotten.
(See the <inserted text> above.)
With luck, this will get me unwedged. But if you
really didn't forget anything, try typing `2' now; then
my insertion and my current dilemma will both disappear.


Overfull \hbox (77.85313pt too wide) in paragraph at lines 51--61
[][] \OML/cmm/m/it/10 k[]b[]\OT1/cmr/m/n/10 (\OML/cmm/m/it/10 x\OT1/cmr/m/n/10 
) =
 []


Overfull \hbox (97.78806pt too wide) in paragraph at lines 51--61
[][] \OML/cmm/m/it/10 k[][]x[]\OT1/cmr/m/n/10 (1 \OMS/cmsy/m/n/10 ^^@
 []


Overfull \hbox (25.71768pt too wide) in paragraph at lines 51--61
\OML/cmm/m/it/10 x\OT1/cmr/m/n/10 )[][] 
 []


Overfull \hbox (7.7778pt too wide) in paragraph at lines 51--61
\OT1/cmr/m/n/10 =
 []


Overfull \hbox (12.77782pt too wide) in paragraph at lines 51--61
\OT1/cmr/m/n/10 0 +
 []


Overfull \hbox (97.78806pt too wide) in paragraph at lines 51--61
[][] \OML/cmm/m/it/10 k[][]x[]\OT1/cmr/m/n/10 (1 \OMS/cmsy/m/n/10 ^^@
 []


Overfull \hbox (25.71768pt too wide) in paragraph at lines 51--61
\OML/cmm/m/it/10 x\OT1/cmr/m/n/10 )[][] 
 []


Overfull \hbox (7.7778pt too wide) in paragraph at lines 51--61
\OT1/cmr/m/n/10 =
 []


Overfull \hbox (114.27423pt too wide) in paragraph at lines 51--61
[][] \OML/cmm/m/it/10 k[][]x[]\OT1/cmr/m/n/10 (1 \OMS/cmsy/m/n/10 ^^@
 []


Overfull \hbox (25.71768pt too wide) in paragraph at lines 51--61
\OML/cmm/m/it/10 x\OT1/cmr/m/n/10 )[][] 
 []


Overfull \hbox (7.7778pt too wide) in paragraph at lines 51--61
\OT1/cmr/m/n/10 =
 []


Overfull \hbox (43.4226pt too wide) in paragraph at lines 51--61
[][]\OT1/cmr/m/n/10 (\OML/cmm/m/it/10 k \OT1/cmr/m/n/10 +
 []


Overfull \hbox (94.2499pt too wide) in paragraph at lines 51--61
\OT1/cmr/m/n/10 1)[][]\OML/cmm/m/it/10 x[]\OT1/cmr/m/n/10 (1 \OMS/cmsy/m/n/10 ^
^@
 []


Overfull \hbox (35.95383pt too wide) in paragraph at lines 51--61
\OML/cmm/m/it/10 x\OT1/cmr/m/n/10 )[][] 
 []


Overfull \hbox (7.7778pt too wide) in paragraph at lines 51--61
\OT1/cmr/m/n/10 =
 []


Overfull \hbox (56.80685pt too wide) in paragraph at lines 51--61
\OML/cmm/m/it/10 nx [][]\OT1/cmr/m/n/10 (\OML/cmm/m/it/10 k \OT1/cmr/m/n/10 +
 []


Overfull \hbox (53.63441pt too wide) in paragraph at lines 51--61
\OT1/cmr/m/n/10 1)[]\OML/cmm/m/it/10 b[]\OT1/cmr/m/n/10 (\OML/cmm/m/it/10 x\OT1
/cmr/m/n/10 )[] 
 []


Overfull \hbox (7.7778pt too wide) in paragraph at lines 51--61
\OT1/cmr/m/n/10 =
 []


Overfull \hbox (61.29298pt too wide) in paragraph at lines 51--61
\OML/cmm/m/it/10 nx [][]\OT1/cmr/m/n/10 (\OML/cmm/m/it/10 k[] \OT1/cmr/m/n/10 +

 []


Overfull \hbox (18.29866pt too wide) in paragraph at lines 51--61
\OT1/cmr/m/n/10 2\OML/cmm/m/it/10 k \OT1/cmr/m/n/10 +
 []


Overfull \hbox (49.14828pt too wide) in paragraph at lines 51--61
\OT1/cmr/m/n/10 1)\OML/cmm/m/it/10 b[]\OT1/cmr/m/n/10 (\OML/cmm/m/it/10 x\OT1/c
mr/m/n/10 )[] 
 []


Overfull \hbox (7.7778pt too wide) in paragraph at lines 51--61
\OT1/cmr/m/n/10 =
 []


Overfull \hbox (34.1089pt too wide) in paragraph at lines 51--61
\OML/cmm/m/it/10 nx[]\OT1/cmr/m/n/10 (\OML/cmm/m/it/10 n \OMS/cmsy/m/n/10 ^^@
 []


Overfull \hbox (26.55797pt too wide) in paragraph at lines 51--61
\OT1/cmr/m/n/10 1)(\OML/cmm/m/it/10 n \OMS/cmsy/m/n/10 ^^@
 []


Overfull \hbox (26.86812pt too wide) in paragraph at lines 51--61
\OT1/cmr/m/n/10 2)\OML/cmm/m/it/10 x[] \OT1/cmr/m/n/10 +
 []


Overfull \hbox (17.66905pt too wide) in paragraph at lines 51--61
\OT1/cmr/m/n/10 (\OML/cmm/m/it/10 n \OMS/cmsy/m/n/10 ^^@
 []


Overfull \hbox (22.38199pt too wide) in paragraph at lines 51--61
\OT1/cmr/m/n/10 1)\OML/cmm/m/it/10 x \OT1/cmr/m/n/10 +
 []


Overfull \hbox (26.83575pt too wide) in paragraph at lines 51--61
\OT1/cmr/m/n/10 2[](\OML/cmm/m/it/10 n \OMS/cmsy/m/n/10 ^^@
 []


Overfull \hbox (26.54868pt too wide) in paragraph at lines 51--61
\OT1/cmr/m/n/10 1)\OML/cmm/m/it/10 x[] \OT1/cmr/m/n/10 +
 []


Overfull \hbox (9.72224pt too wide) in paragraph at lines 51--61
\OT1/cmr/m/n/10 1[][] 
 []


Overfull \hbox (7.7778pt too wide) in paragraph at lines 51--61
\OT1/cmr/m/n/10 =
 []


Overfull \hbox (23.6714pt too wide) in paragraph at lines 51--61
\OML/cmm/m/it/10 n\OT1/cmr/m/n/10 (\OML/cmm/m/it/10 n \OMS/cmsy/m/n/10 ^^@
 []


Overfull \hbox (26.55797pt too wide) in paragraph at lines 51--61
\OT1/cmr/m/n/10 1)(\OML/cmm/m/it/10 n \OMS/cmsy/m/n/10 ^^@
 []


Overfull \hbox (26.86812pt too wide) in paragraph at lines 51--61
\OT1/cmr/m/n/10 2)\OML/cmm/m/it/10 x[] \OT1/cmr/m/n/10 +
 []


Overfull \hbox (16.66672pt too wide) in paragraph at lines 51--61
\OT1/cmr/m/n/10 (1 +
 []


Overfull \hbox (32.56032pt too wide) in paragraph at lines 51--61
\OT1/cmr/m/n/10 2)\OML/cmm/m/it/10 n\OT1/cmr/m/n/10 (\OML/cmm/m/it/10 n \OMS/cm
sy/m/n/10 ^^@
 []


Overfull \hbox (26.86812pt too wide) in paragraph at lines 51--61
\OT1/cmr/m/n/10 1)\OML/cmm/m/it/10 x[] \OT1/cmr/m/n/10 +
 []


Overfull \hbox (11.71762pt too wide) in paragraph at lines 51--61
\OML/cmm/m/it/10 nx[] 
 []


Overfull \hbox (7.7778pt too wide) in paragraph at lines 51--61
\OT1/cmr/m/n/10 =
 []


Overfull \hbox (23.6714pt too wide) in paragraph at lines 51--61
\OML/cmm/m/it/10 n\OT1/cmr/m/n/10 (\OML/cmm/m/it/10 n \OMS/cmsy/m/n/10 ^^@
 []


Overfull \hbox (26.55797pt too wide) in paragraph at lines 51--61
\OT1/cmr/m/n/10 1)(\OML/cmm/m/it/10 n \OMS/cmsy/m/n/10 ^^@
 []


Overfull \hbox (26.86812pt too wide) in paragraph at lines 51--61
\OT1/cmr/m/n/10 2)\OML/cmm/m/it/10 x[] \OT1/cmr/m/n/10 +
 []


Overfull \hbox (28.67142pt too wide) in paragraph at lines 51--61
\OT1/cmr/m/n/10 3\OML/cmm/m/it/10 n\OT1/cmr/m/n/10 (\OML/cmm/m/it/10 n \OMS/cms
y/m/n/10 ^^@
 []


Overfull \hbox (26.86812pt too wide) in paragraph at lines 51--61
\OT1/cmr/m/n/10 1)\OML/cmm/m/it/10 x[] \OT1/cmr/m/n/10 +
 []


Overfull \hbox (11.71762pt too wide) in paragraph at lines 51--61
\OML/cmm/m/it/10 nx[] 
 []


! LaTeX Error: The font size command \normalsize is not defined:
               there is probably something wrong with the class file.

See the LaTeX manual or LaTeX Companion for explanation.
Type  H <return>  for immediate help.
 ...                                              
                                                  
l.61 \end{enumerate}
                    
Your command was ignored.
Type  I <command> <return>  to replace it with another command,
or  <return>  to continue without it.

[1]

! LaTeX Error: Environment theorem undefined.

See the LaTeX manual or LaTeX Companion for explanation.
Type  H <return>  for immediate help.
 ...                                              
                                                  
l.63 \begin{theorem}
                    
Your command was ignored.
Type  I <command> <return>  to replace it with another command,
or  <return>  to continue without it.

Missing character: There is no ل ("644) in font nullfont!
Missing character: There is no ت ("62A) in font nullfont!
Missing character: There is no ك ("643) in font nullfont!
Missing character: There is no ن ("646) in font nullfont!
Missing character: There is no د ("62F) in font nullfont!
Missing character: There is no ا ("627) in font nullfont!
Missing character: There is no ل ("644) in font nullfont!
Missing character: There is no ة ("629) in font nullfont!
Missing character: There is no م ("645) in font nullfont!
Missing character: There is no س ("633) in font nullfont!
Missing character: There is no ت ("62A) in font nullfont!
Missing character: There is no م ("645) in font nullfont!
Missing character: There is no ر ("631) in font nullfont!
Missing character: There is no ة ("629) in font nullfont!
Missing character: There is no ع ("639) in font nullfont!
Missing character: There is no ل ("644) in font nullfont!
Missing character: There is no ى ("649) in font nullfont!
Missing character: There is no ا ("627) in font nullfont!
Missing character: There is no ل ("644) in font nullfont!
Missing character: There is no ف ("641) in font nullfont!
Missing character: There is no ت ("62A) in font nullfont!
Missing character: There is no ر ("631) in font nullfont!
Missing character: There is no ة ("629) in font nullfont!
Missing character: There is no ا ("627) in font nullfont!
Missing character: There is no و ("648) in font nullfont!
Missing character: There is no ع ("639) in font nullfont!
Missing character: There is no ل ("644) in font nullfont!
Missing character: There is no ى ("649) in font nullfont!
Missing character: There is no و ("648) in font nullfont!
Missing character: There is no ت ("62A) in font nullfont!
Missing character: There is no ح ("62D) in font nullfont!
Missing character: There is no ق ("642) in font nullfont!
Missing character: There is no ق ("642) in font nullfont!
Missing character: There is no ا ("627) in font nullfont!
Missing character: There is no ل ("644) in font nullfont!
Missing character: There is no ش ("634) in font nullfont!
Missing character: There is no ر ("631) in font nullfont!
Missing character: There is no و ("648) in font nullfont!
Missing character: There is no ط ("637) in font nullfont!
Missing character: There is no ا ("627) in font nullfont!
Missing character: There is no ل ("644) in font nullfont!
Missing character: There is no ت ("62A) in font nullfont!
Missing character: There is no ا ("627) in font nullfont!
Missing character: There is no ل ("644) in font nullfont!
Missing character: There is no ي ("64A) in font nullfont!
Missing character: There is no ة ("629) in font nullfont!

! LaTeX Error: Environment english undefined.

See the LaTeX manual or LaTeX Companion for explanation.
Type  H <return>  for immediate help.
 ...                                              
                                                  
l.65 ^^I\begin{english}
                       
Your command was ignored.
Type  I <command> <return>  to replace it with another command,
or  <return>  to continue without it.


Overfull \hbox (20.0pt too wide) in paragraph at lines 64--66
[]
 []


Overfull \hbox (17.36118pt too wide) in paragraph at lines 64--66
\OML/cmm/m/it/10 f\OT1/cmr/m/n/10 (\OML/cmm/m/it/10 t\OT1/cmr/m/n/10 )$
 []


Overfull \hbox (19.57753pt too wide) in paragraph at lines 64--66
\OT1/cmr/m/n/10 [\OML/cmm/m/it/10 a; b\OT1/cmr/m/n/10 ]$
 []


Overfull \hbox (26.11113pt too wide) in paragraph at lines 64--66
\OT1/cmr/m/n/10 [0\OML/cmm/m/it/10 ; \OMS/cmsy/m/n/10 1\OT1/cmr/m/n/10 )$
 []


Overfull \hbox (36.93816pt too wide) in paragraph at lines 64--66
\OML/cmm/m/it/10 B[]\OT1/cmr/m/n/10 (\OML/cmm/m/it/10 f\OT1/cmr/m/n/10 ; \OML/c
mm/m/it/10 x\OT1/cmr/m/n/10 )$
 []

Missing character: There is no a ("61) in font nullfont!
Missing character: There is no s ("73) in font nullfont!

Overfull \hbox (48.74364pt too wide) in paragraph at lines 67--68
\OML/cmm/m/it/10 B[]\OT1/cmr/m/n/10 (1; \OML/cmm/m/it/10 x\OT1/cmr/m/n/10 ) \OM
S/cmsy/m/n/10 !
 []


Overfull \hbox (5.00002pt too wide) in paragraph at lines 67--68
\OT1/cmr/m/n/10 1$
 []


Overfull \hbox (18.78008pt too wide) in paragraph at lines 67--68
\OML/cmm/m/it/10 n \OMS/cmsy/m/n/10 !
 []


Overfull \hbox (10.00002pt too wide) in paragraph at lines 67--68
\OMS/cmsy/m/n/10 1$ 
 []

Missing character: There is no a ("61) in font nullfont!
Missing character: There is no s ("73) in font nullfont!

Overfull \hbox (47.35474pt too wide) in paragraph at lines 68--69
\OML/cmm/m/it/10 B[]\OT1/cmr/m/n/10 (\OML/cmm/m/it/10 t\OT1/cmr/m/n/10 ; \OML/c
mm/m/it/10 x\OT1/cmr/m/n/10 ) \OMS/cmsy/m/n/10 !
 []


Overfull \hbox (5.71527pt too wide) in paragraph at lines 68--69
\OML/cmm/m/it/10 x$
 []


Overfull \hbox (18.78008pt too wide) in paragraph at lines 68--69
\OML/cmm/m/it/10 n \OMS/cmsy/m/n/10 !
 []


Overfull \hbox (10.00002pt too wide) in paragraph at lines 68--69
\OMS/cmsy/m/n/10 1$ 
 []

Missing character: There is no a ("61) in font nullfont!
Missing character: There is no s ("73) in font nullfont!

Overfull \hbox (51.84087pt too wide) in paragraph at lines 69--70
\OML/cmm/m/it/10 B[]\OT1/cmr/m/n/10 (\OML/cmm/m/it/10 t[]\OT1/cmr/m/n/10 ; \OML
/cmm/m/it/10 x\OT1/cmr/m/n/10 ) \OMS/cmsy/m/n/10 !
 []


Overfull \hbox (10.2014pt too wide) in paragraph at lines 69--70
\OML/cmm/m/it/10 x[]$
 []


Overfull \hbox (18.78008pt too wide) in paragraph at lines 69--70
\OML/cmm/m/it/10 n \OMS/cmsy/m/n/10 !
 []


Overfull \hbox (10.00002pt too wide) in paragraph at lines 69--70
\OMS/cmsy/m/n/10 1$ 
 []


! LaTeX Error: \begin{document} ended by \end{english}.

See the LaTeX manual or LaTeX Companion for explanation.
Type  H <return>  for immediate help.
 ...                                              
                                                  
l.71 ^^I\end{english}
                     
Your command was ignored.
Type  I <command> <return>  to replace it with another command,
or  <return>  to continue without it.

Missing character: There is no ف ("641) in font nullfont!
Missing character: There is no إ ("625) in font nullfont!
Missing character: There is no ن ("646) in font nullfont!
Missing character: There is no ع ("639) in font nullfont!
Missing character: There is no ن ("646) in font nullfont!
Missing character: There is no د ("62F) in font nullfont!
Missing character: There is no م ("645) in font nullfont!
Missing character: There is no ا ("627) in font nullfont!

! LaTeX Error: \begin{document} ended by \end{theorem}.

See the LaTeX manual or LaTeX Companion for explanation.
Type  H <return>  for immediate help.
 ...                                              
                                                  
l.73 \end{theorem}
                  
Your command was ignored.
Type  I <command> <return>  to replace it with another command,
or  <return>  to continue without it.

Missing character: There is no ا (U+0627) in font [lmroman10-bold]:mapping=tex-
text;!
Missing character: There is no ل (U+0644) in font [lmroman10-bold]:mapping=tex-
text;!
Missing character: There is no ب (U+0628) in font [lmroman10-bold]:mapping=tex-
text;!
Missing character: There is no ر (U+0631) in font [lmroman10-bold]:mapping=tex-
text;!
Missing character: There is no ه (U+0647) in font [lmroman10-bold]:mapping=tex-
text;!
Missing character: There is no ا (U+0627) in font [lmroman10-bold]:mapping=tex-
text;!
Missing character: There is no ن (U+0646) in font [lmroman10-bold]:mapping=tex-
text;!

! LaTeX Error: Environment english undefined.

See the LaTeX manual or LaTeX Companion for explanation.
Type  H <return>  for immediate help.
 ...                                              
                                                  
l.76 \begin{english}
                    
Your command was ignored.
Type  I <command> <return>  to replace it with another command,
or  <return>  to continue without it.


Overfull \hbox (49.71588pt too wide) in paragraph at lines 72--77
 $\OML/cmm/m/it/10 B[]\OT1/cmr/m/n/10 (\OML/cmm/m/it/10 f\OT1/cmr/m/n/10 ; \OML
/cmm/m/it/10 x\OT1/cmr/m/n/10 ) \OMS/cmsy/m/n/10 !
 []


Overfull \hbox (19.46533pt too wide) in paragraph at lines 72--77
\OML/cmm/m/it/10 f\OT1/cmr/m/n/10 (\OML/cmm/m/it/10 x\OT1/cmr/m/n/10 )$
 []


Overfull \hbox (18.78008pt too wide) in paragraph at lines 72--77
\OML/cmm/m/it/10 n \OMS/cmsy/m/n/10 !
 []


Overfull \hbox (10.00002pt too wide) in paragraph at lines 72--77
\OMS/cmsy/m/n/10 1$
 []


Overfull \hbox (19.6pt too wide) in paragraph at lines 72--77
\TU/lmr/bx/n/10 البرهان 
 []

Missing character: There is no a ("61) in font nullfont!
Missing character: There is no s ("73) in font nullfont!
Missing character: There is no . ("2E) in font nullfont!

Overfull \hbox (46.52142pt too wide) in paragraph at lines 78--79
\OML/cmm/m/it/10 B[]\OT1/cmr/m/n/10 (1; \OML/cmm/m/it/10 x\OT1/cmr/m/n/10 ) =
 []


Overfull \hbox (60.06844pt too wide) in paragraph at lines 78--79
[][] \OML/cmm/m/it/10 b[]\OT1/cmr/m/n/10 (\OML/cmm/m/it/10 x\OT1/cmr/m/n/10 ) \
OMS/cmsy/m/n/10 ^^A
 []


Overfull \hbox (15.55553pt too wide) in paragraph at lines 78--79
\OT1/cmr/m/n/10 1 =
 []


Overfull \hbox (17.77774pt too wide) in paragraph at lines 78--79
\OT1/cmr/m/n/10 1 \OMS/cmsy/m/n/10 !
 []


Overfull \hbox (5.00002pt too wide) in paragraph at lines 78--79
\OT1/cmr/m/n/10 1$
 []


Overfull \hbox (18.78008pt too wide) in paragraph at lines 78--79
\OML/cmm/m/it/10 n \OMS/cmsy/m/n/10 !
 []


Overfull \hbox (10.00002pt too wide) in paragraph at lines 78--79
\OMS/cmsy/m/n/10 1$ 
 []

! Undefined control sequence.
l.79 ...um_{k=0}^{n} b_{n,k}(x) \cdot \left(\dfrac
                                                  {k}{n}\right)= \dfrac{1}{n...
The control sequence at the end of the top line
of your error message was never \def'ed. If you have
misspelled it (e.g., `\hobx'), type `I' and the correct
spelling (e.g., `I\hbox'). Otherwise just continue,
and I'll forget about whatever was undefined.

! Undefined control sequence.
l.79 ...x) \cdot \left(\dfrac{k}{n}\right)= \dfrac
                                                  {1}{n}\cdot nx = x \to x\)...
The control sequence at the end of the top line
of your error message was never \def'ed. If you have
misspelled it (e.g., `\hobx'), type `I' and the correct
spelling (e.g., `I\hbox'). Otherwise just continue,
and I'll forget about whatever was undefined.

Missing character: There is no a ("61) in font nullfont!
Missing character: There is no s ("73) in font nullfont!
Missing character: There is no . ("2E) in font nullfont!

Overfull \hbox (45.13252pt too wide) in paragraph at lines 79--80
\OML/cmm/m/it/10 B[]\OT1/cmr/m/n/10 (\OML/cmm/m/it/10 t\OT1/cmr/m/n/10 ; \OML/c
mm/m/it/10 x\OT1/cmr/m/n/10 ) =
 []


Overfull \hbox (60.06844pt too wide) in paragraph at lines 79--80
[][] \OML/cmm/m/it/10 b[]\OT1/cmr/m/n/10 (\OML/cmm/m/it/10 x\OT1/cmr/m/n/10 ) \
OMS/cmsy/m/n/10 ^^A
 []


Overfull \hbox (29.8565pt too wide) in paragraph at lines 79--80
[] \OT1/cmr/m/n/10 =
 []


Overfull \hbox (13.78015pt too wide) in paragraph at lines 79--80
\OT1/cmr/m/n/10 1\OML/cmm/m/it/10 n \OMS/cmsy/m/n/10 ^^A
 []


Overfull \hbox (22.27313pt too wide) in paragraph at lines 79--80
\OML/cmm/m/it/10 nx \OT1/cmr/m/n/10 =
 []


Overfull \hbox (18.493pt too wide) in paragraph at lines 79--80
\OML/cmm/m/it/10 x \OMS/cmsy/m/n/10 !
 []


Overfull \hbox (5.71527pt too wide) in paragraph at lines 79--80
\OML/cmm/m/it/10 x$
 []


Overfull \hbox (18.78008pt too wide) in paragraph at lines 79--80
\OML/cmm/m/it/10 n \OMS/cmsy/m/n/10 !
 []


Overfull \hbox (10.00002pt too wide) in paragraph at lines 79--80
\OMS/cmsy/m/n/10 1$ 
 []

! Undefined control sequence.
l.80 ...um_{k=0}^{n} b_{n,k}(x) \cdot \left(\dfrac
                                                  {k^2}{n^2}\right)= \dfrac{...
The control sequence at the end of the top line
of your error message was never \def'ed. If you have
misspelled it (e.g., `\hobx'), type `I' and the correct
spelling (e.g., `I\hbox'). Otherwise just continue,
and I'll forget about whatever was undefined.

! Undefined control sequence.
l.80 ...cdot \left(\dfrac{k^2}{n^2}\right)= \dfrac
                                                  {1}{n^2}\cdot[n(n-1)x^2+nx...
The control sequence at the end of the top line
of your error message was never \def'ed. If you have
misspelled it (e.g., `\hobx'), type `I' and the correct
spelling (e.g., `I\hbox'). Otherwise just continue,
and I'll forget about whatever was undefined.

Missing character: There is no a ("61) in font nullfont!
Missing character: There is no s ("73) in font nullfont!
Missing character: There is no . ("2E) in font nullfont!

Overfull \hbox (49.61865pt too wide) in paragraph at lines 80--81
\OML/cmm/m/it/10 B[]\OT1/cmr/m/n/10 (\OML/cmm/m/it/10 t[]\OT1/cmr/m/n/10 ; \OML
/cmm/m/it/10 x\OT1/cmr/m/n/10 ) =
 []


Overfull \hbox (60.06844pt too wide) in paragraph at lines 80--81
[][] \OML/cmm/m/it/10 b[]\OT1/cmr/m/n/10 (\OML/cmm/m/it/10 x\OT1/cmr/m/n/10 ) \
OMS/cmsy/m/n/10 ^^A
 []


Overfull \hbox (40.21768pt too wide) in paragraph at lines 80--81
[] \OT1/cmr/m/n/10 =
 []


Overfull \hbox (18.26628pt too wide) in paragraph at lines 80--81
\OT1/cmr/m/n/10 1[] \OMS/cmsy/m/n/10 ^^A
 []


Overfull \hbox (26.44919pt too wide) in paragraph at lines 80--81
\OT1/cmr/m/n/10 [\OML/cmm/m/it/10 n\OT1/cmr/m/n/10 (\OML/cmm/m/it/10 n \OMS/cms
y/m/n/10 ^^@
 []


Overfull \hbox (26.86812pt too wide) in paragraph at lines 80--81
\OT1/cmr/m/n/10 1)\OML/cmm/m/it/10 x[] \OT1/cmr/m/n/10 +
 []


Overfull \hbox (27.27313pt too wide) in paragraph at lines 80--81
\OML/cmm/m/it/10 nx\OT1/cmr/m/n/10 ] \OMS/cmsy/m/n/10 !
 []


Overfull \hbox (10.2014pt too wide) in paragraph at lines 80--81
\OML/cmm/m/it/10 x[]$
 []


Overfull \hbox (18.78008pt too wide) in paragraph at lines 80--81
\OML/cmm/m/it/10 n \OMS/cmsy/m/n/10 !
 []


Overfull \hbox (10.00002pt too wide) in paragraph at lines 80--81
\OMS/cmsy/m/n/10 1$ 
 []


! LaTeX Error: \begin{document} ended by \end{english}.

See the LaTeX manual or LaTeX Companion for explanation.
Type  H <return>  for immediate help.
 ...                                              
                                                  
l.82 ^^I\end{english}
                     
Your command was ignored.
Type  I <command> <return>  to replace it with another command,
or  <return>  to continue without it.

Missing character: There is no ا ("627) in font nullfont!
Missing character: There is no ذ ("630) in font nullfont!
Missing character: There is no ن ("646) in font nullfont!
Missing character: There is no ع ("639) in font nullfont!
Missing character: There is no ن ("646) in font nullfont!
Missing character: There is no د ("62F) in font nullfont!
Missing character: There is no م ("645) in font nullfont!
Missing character: There is no ا ("627) in font nullfont!

Overfull \hbox (49.71588pt too wide) in paragraph at lines 83--84
 $\OML/cmm/m/it/10 B[]\OT1/cmr/m/n/10 (\OML/cmm/m/it/10 f\OT1/cmr/m/n/10 ; \OML
/cmm/m/it/10 x\OT1/cmr/m/n/10 ) \OMS/cmsy/m/n/10 !
 []


Overfull \hbox (19.46533pt too wide) in paragraph at lines 83--84
\OML/cmm/m/it/10 f\OT1/cmr/m/n/10 (\OML/cmm/m/it/10 x\OT1/cmr/m/n/10 )$
 []


Overfull \hbox (18.78008pt too wide) in paragraph at lines 83--84
\OML/cmm/m/it/10 n \OMS/cmsy/m/n/10 !
 []


Overfull \hbox (10.00002pt too wide) in paragraph at lines 83--84
\OMS/cmsy/m/n/10 1$ 
 []


! LaTeX Error: The font size command \normalsize is not defined:
               there is probably something wrong with the class file.

See the LaTeX manual or LaTeX Companion for explanation.
Type  H <return>  for immediate help.
 ...                                              
                                                  
l.84 \newpage
             
Your command was ignored.
Type  I <command> <return>  to replace it with another command,
or  <return>  to continue without it.

[2]
! Undefined control sequence.
l.85 \section
             {العزوم من الرتبة \textit{m}}
The control sequence at the end of the top line
of your error message was never \def'ed. If you have
misspelled it (e.g., `\hobx'), type `I' and the correct
spelling (e.g., `I\hbox'). Otherwise just continue,
and I'll forget about whatever was undefined.

Missing character: There is no ا ("627) in font nullfont!
Missing character: There is no ل ("644) in font nullfont!
Missing character: There is no ع ("639) in font nullfont!
Missing character: There is no ز ("632) in font nullfont!
Missing character: There is no و ("648) in font nullfont!
Missing character: There is no م ("645) in font nullfont!
Missing character: There is no م ("645) in font nullfont!
Missing character: There is no ن ("646) in font nullfont!
Missing character: There is no ا ("627) in font nullfont!
Missing character: There is no ل ("644) in font nullfont!
Missing character: There is no ر ("631) in font nullfont!
Missing character: There is no ت ("62A) in font nullfont!
Missing character: There is no ب ("628) in font nullfont!
Missing character: There is no ة ("629) in font nullfont!

Overfull \hbox (20.0pt too wide) in paragraph at lines 85--86
[]
 []


Overfull \hbox (8.42001pt too wide) in paragraph at lines 85--86
\TU/lmr/m/it/10 m 
 []


! LaTeX Error: Environment definition undefined.

See the LaTeX manual or LaTeX Companion for explanation.
Type  H <return>  for immediate help.
 ...                                              
                                                  
l.87 \begin{definition}
                       
Your command was ignored.
Type  I <command> <return>  to replace it with another command,
or  <return>  to continue without it.

Missing character: There is no ن ("646) in font nullfont!
Missing character: There is no ع ("639) in font nullfont!
Missing character: There is no ر ("631) in font nullfont!
Missing character: There is no ف ("641) in font nullfont!
Missing character: There is no ا ("627) in font nullfont!
Missing character: There is no ل ("644) in font nullfont!
Missing character: There is no ع ("639) in font nullfont!
Missing character: There is no ز ("632) in font nullfont!
Missing character: There is no و ("648) in font nullfont!
Missing character: There is no م ("645) in font nullfont!
Missing character: There is no م ("645) in font nullfont!
Missing character: There is no ن ("646) in font nullfont!
Missing character: There is no ا ("627) in font nullfont!
Missing character: There is no ل ("644) in font nullfont!
Missing character: There is no ر ("631) in font nullfont!
Missing character: There is no ت ("62A) in font nullfont!
Missing character: There is no ب ("628) in font nullfont!
Missing character: There is no ة ("629) in font nullfont!
Missing character: There is no ل ("644) in font nullfont!
Missing character: There is no م ("645) in font nullfont!
Missing character: There is no ؤ ("624) in font nullfont!
Missing character: There is no ث ("62B) in font nullfont!
Missing character: There is no ر ("631) in font nullfont!
Missing character: There is no ب ("628) in font nullfont!
Missing character: There is no ر ("631) in font nullfont!
Missing character: There is no ي ("64A) in font nullfont!
Missing character: There is no ن ("646) in font nullfont!
Missing character: There is no س ("633) in font nullfont!
Missing character: There is no ت ("62A) in font nullfont!
Missing character: There is no ي ("64A) in font nullfont!
Missing character: There is no ن ("646) in font nullfont!
Missing character: There is no ك ("643) in font nullfont!
Missing character: There is no ا ("627) in font nullfont!
Missing character: There is no ل ("644) in font nullfont!
Missing character: There is no ت ("62A) in font nullfont!
Missing character: There is no ا ("627) in font nullfont!
Missing character: There is no ل ("644) in font nullfont!
Missing character: There is no ي ("64A) in font nullfont!

Overfull \hbox (20.0pt too wide) in paragraph at lines 88--89
[]
 []


Overfull \hbox (8.78014pt too wide) in paragraph at lines 88--89
\OML/cmm/m/it/10 m$
 []


Overfull \hbox (36.93816pt too wide) in paragraph at lines 88--89
\OML/cmm/m/it/10 B[]\OT1/cmr/m/n/10 (\OML/cmm/m/it/10 f\OT1/cmr/m/n/10 ; \OML/c
mm/m/it/10 x\OT1/cmr/m/n/10 )$
 []


Overfull \hbox (220.92155pt too wide) detected at line 91
\OML/cmm/m/it/10 T[]\OT1/cmr/m/n/10 (\OML/cmm/m/it/10 x\OT1/cmr/m/n/10 ) = \OML
/cmm/m/it/10 B[]\OT1/cmr/m/n/10 ((\OML/cmm/m/it/10 t \OMS/cmsy/m/n/10 ^^@ \OML/
cmm/m/it/10 x\OT1/cmr/m/n/10 )[]; \OML/cmm/m/it/10 x\OT1/cmr/m/n/10 ) = [] \OML
/cmm/m/it/10 b[]\OT1/cmr/m/n/10 (\OML/cmm/m/it/10 x\OT1/cmr/m/n/10 ) [][]
 []


! LaTeX Error: \begin{document} ended by \end{definition}.

See the LaTeX manual or LaTeX Companion for explanation.
Type  H <return>  for immediate help.
 ...                                              
                                                  
l.92 \end{definition}
                     
Your command was ignored.
Type  I <command> <return>  to replace it with another command,
or  <return>  to continue without it.


! LaTeX Error: Environment theorem undefined.

See the LaTeX manual or LaTeX Companion for explanation.
Type  H <return>  for immediate help.
 ...                                              
                                                  
l.94 \begin{theorem}
                    
Your command was ignored.
Type  I <command> <return>  to replace it with another command,
or  <return>  to continue without it.

Missing character: There is no ل ("644) in font nullfont!
Missing character: There is no د ("62F) in font nullfont!
Missing character: There is no ي ("64A) in font nullfont!
Missing character: There is no ن ("646) in font nullfont!
Missing character: There is no ا ("627) in font nullfont!

! LaTeX Error: Environment english undefined.

See the LaTeX manual or LaTeX Companion for explanation.
Type  H <return>  for immediate help.
 ...                                              
                                                  
l.96 ^^I\begin{english}
                       
Your command was ignored.
Type  I <command> <return>  to replace it with another command,
or  <return>  to continue without it.


Overfull \hbox (20.0pt too wide) in paragraph at lines 95--97
[] 
 []


Overfull \hbox (41.6968pt too wide) in paragraph at lines 98--99
\OML/cmm/m/it/10 T[]\OT1/cmr/m/n/10 (\OML/cmm/m/it/10 x\OT1/cmr/m/n/10 ) =
 []


Overfull \hbox (5.00002pt too wide) in paragraph at lines 98--99
\OT1/cmr/m/n/10 1$ 
 []


Overfull \hbox (41.6968pt too wide) in paragraph at lines 99--100
\OML/cmm/m/it/10 T[]\OT1/cmr/m/n/10 (\OML/cmm/m/it/10 x\OT1/cmr/m/n/10 ) =
 []


Overfull \hbox (5.00002pt too wide) in paragraph at lines 99--100
\OT1/cmr/m/n/10 0$ 
 []

! Undefined control sequence.
l.100 ^^I^^I^^I\item \(T_{n,2}(x)=\dfrac
                                        {x(1-x)}{n}\)
The control sequence at the end of the top line
of your error message was never \def'ed. If you have
misspelled it (e.g., `\hobx'), type `I' and the correct
spelling (e.g., `I\hbox'). Otherwise just continue,
and I'll forget about whatever was undefined.


Overfull \hbox (41.6968pt too wide) in paragraph at lines 100--101
\OML/cmm/m/it/10 T[]\OT1/cmr/m/n/10 (\OML/cmm/m/it/10 x\OT1/cmr/m/n/10 ) =
 []


Overfull \hbox (42.43285pt too wide) in paragraph at lines 100--101
[]\OML/cmm/m/it/10 n$ 
 []


! LaTeX Error: \begin{document} ended by \end{english}.

See the LaTeX manual or LaTeX Companion for explanation.
Type  H <return>  for immediate help.
 ...                                              
                                                  
l.102 ^^I\end{english}
                      
Your command was ignored.
Type  I <command> <return>  to replace it with another command,
or  <return>  to continue without it.


! LaTeX Error: \begin{document} ended by \end{theorem}.

See the LaTeX manual or LaTeX Companion for explanation.
Type  H <return>  for immediate help.
 ...                                              
                                                  
l.103 \end{theorem}
                   
Your command was ignored.
Type  I <command> <return>  to replace it with another command,
or  <return>  to continue without it.

Missing character: There is no ا (U+0627) in font [lmroman10-bold]:mapping=tex-
text;!
Missing character: There is no ل (U+0644) in font [lmroman10-bold]:mapping=tex-
text;!
Missing character: There is no ب (U+0628) in font [lmroman10-bold]:mapping=tex-
text;!
Missing character: There is no ر (U+0631) in font [lmroman10-bold]:mapping=tex-
text;!
Missing character: There is no ه (U+0647) in font [lmroman10-bold]:mapping=tex-
text;!
Missing character: There is no ا (U+0627) in font [lmroman10-bold]:mapping=tex-
text;!
Missing character: There is no ن (U+0646) in font [lmroman10-bold]:mapping=tex-
text;!

Overfull \hbox (19.6pt too wide) in paragraph at lines 104--106
\TU/lmr/bx/n/10 البرهان 
 []


Overfull \hbox (172.44089pt too wide) detected at line 110
\OML/cmm/m/it/10 T[]\OT1/cmr/m/n/10 (\OML/cmm/m/it/10 x\OT1/cmr/m/n/10 ) = \OML
/cmm/m/it/10 B[]\OT1/cmr/m/n/10 ((\OML/cmm/m/it/10 t \OMS/cmsy/m/n/10 ^^@ \OML/
cmm/m/it/10 x\OT1/cmr/m/n/10 )[]; \OML/cmm/m/it/10 x\OT1/cmr/m/n/10 ) = \OML/cm
m/m/it/10 B[]\OT1/cmr/m/n/10 (1; \OML/cmm/m/it/10 x\OT1/cmr/m/n/10 ) = 1
 []


! LaTeX Error: Environment align* undefined.

See the LaTeX manual or LaTeX Companion for explanation.
Type  H <return>  for immediate help.
 ...                                              
                                                  
l.112 ^^I\begin{align*}
                       
Your command was ignored.
Type  I <command> <return>  to replace it with another command,
or  <return>  to continue without it.

Missing character: There is no T ("54) in font nullfont!
! Missing $ inserted.
<inserted text> 
                $
l.113 ^^I^^IT_
              {n,1}(x) &= B_n((t-x)^1;x)\\
I've inserted a begin-math/end-math symbol since I think
you left one out. Proceed, with fingers crossed.

! Misplaced alignment tab character &.
l.113 ^^I^^IT_{n,1}(x) &
                        = B_n((t-x)^1;x)\\
I can't figure out why you would want to use a tab mark
here. If you just want an ampersand, the remedy is
simple: Just type `I\&' now. But if some right brace
up above has ended a previous alignment prematurely,
you're probably due for more error messages, and you
might try typing `S' now just to see what is salvageable.

! Misplaced alignment tab character &.
<recently read> &
                 
l.114 ^^I^^I&
             = B_n(t-x;x)\\
I can't figure out why you would want to use a tab mark
here. If you just want an ampersand, the remedy is
simple: Just type `I\&' now. But if some right brace
up above has ended a previous alignment prematurely,
you're probably due for more error messages, and you
might try typing `S' now just to see what is salvageable.

! Misplaced alignment tab character &.
<recently read> &
                 
l.115 ^^I^^I&
             = B_n(t;x) - B_n(x;x)\\
I can't figure out why you would want to use a tab mark
here. If you just want an ampersand, the remedy is
simple: Just type `I\&' now. But if some right brace
up above has ended a previous alignment prematurely,
you're probably due for more error messages, and you
might try typing `S' now just to see what is salvageable.

! Misplaced alignment tab character &.
<recently read> &
                 
l.116 ^^I^^I&
             = x - x B_n(1;x) = x - x = 0
I can't figure out why you would want to use a tab mark
here. If you just want an ampersand, the remedy is
simple: Just type `I\&' now. But if some right brace
up above has ended a previous alignment prematurely,
you're probably due for more error messages, and you
might try typing `S' now just to see what is salvageable.


! LaTeX Error: \begin{enumerate} on input line 106 ended by \end{align*}.

See the LaTeX manual or LaTeX Companion for explanation.
Type  H <return>  for immediate help.
 ...                                              
                                                  
l.117 ^^I\end{align*}
                     
Your command was ignored.
Type  I <command> <return>  to replace it with another command,
or  <return>  to continue without it.

! Missing $ inserted.
<inserted text> 
                $
l.117 ^^I\end{align*}
                     
I've inserted something that you may have forgotten.
(See the <inserted text> above.)
With luck, this will get me unwedged. But if you
really didn't forget anything, try typing `2' now; then
my insertion and my current dilemma will both disappear.


Overfull \hbox (35.85304pt too wide) in paragraph at lines 113--119
[]\OT1/cmr/m/n/10 (\OML/cmm/m/it/10 x\OT1/cmr/m/n/10 ) =
 []


Overfull \hbox (32.19513pt too wide) in paragraph at lines 113--119
\OML/cmm/m/it/10 B[]\OT1/cmr/m/n/10 ((\OML/cmm/m/it/10 t \OMS/cmsy/m/n/10 ^^@
 []


Overfull \hbox (28.13889pt too wide) in paragraph at lines 113--119
\OML/cmm/m/it/10 x\OT1/cmr/m/n/10 )[]; \OML/cmm/m/it/10 x\OT1/cmr/m/n/10 )[] 
 []


Overfull \hbox (7.7778pt too wide) in paragraph at lines 113--119
\OT1/cmr/m/n/10 =
 []


Overfull \hbox (28.30623pt too wide) in paragraph at lines 113--119
\OML/cmm/m/it/10 B[]\OT1/cmr/m/n/10 (\OML/cmm/m/it/10 t \OMS/cmsy/m/n/10 ^^@
 []


Overfull \hbox (19.76385pt too wide) in paragraph at lines 113--119
\OML/cmm/m/it/10 x\OT1/cmr/m/n/10 ; \OML/cmm/m/it/10 x\OT1/cmr/m/n/10 )[] 
 []


Overfull \hbox (7.7778pt too wide) in paragraph at lines 113--119
\OT1/cmr/m/n/10 =
 []


Overfull \hbox (42.35481pt too wide) in paragraph at lines 113--119
\OML/cmm/m/it/10 B[]\OT1/cmr/m/n/10 (\OML/cmm/m/it/10 t\OT1/cmr/m/n/10 ; \OML/c
mm/m/it/10 x\OT1/cmr/m/n/10 ) \OMS/cmsy/m/n/10 ^^@
 []


Overfull \hbox (36.68117pt too wide) in paragraph at lines 113--119
\OML/cmm/m/it/10 B[]\OT1/cmr/m/n/10 (\OML/cmm/m/it/10 x\OT1/cmr/m/n/10 ; \OML/c
mm/m/it/10 x\OT1/cmr/m/n/10 )[] 
 []


Overfull \hbox (7.7778pt too wide) in paragraph at lines 113--119
\OT1/cmr/m/n/10 =
 []


Overfull \hbox (13.49307pt too wide) in paragraph at lines 113--119
\OML/cmm/m/it/10 x \OMS/cmsy/m/n/10 ^^@
 []


Overfull \hbox (52.2367pt too wide) in paragraph at lines 113--119
\OML/cmm/m/it/10 xB[]\OT1/cmr/m/n/10 (1; \OML/cmm/m/it/10 x\OT1/cmr/m/n/10 ) =
 []


Overfull \hbox (13.49307pt too wide) in paragraph at lines 113--119
\OML/cmm/m/it/10 x \OMS/cmsy/m/n/10 ^^@
 []


Overfull \hbox (16.27078pt too wide) in paragraph at lines 113--119
\OML/cmm/m/it/10 x \OT1/cmr/m/n/10 =
 []


Overfull \hbox (5.00002pt too wide) in paragraph at lines 113--119
\OT1/cmr/m/n/10 0$ 
 []


! LaTeX Error: Environment align* undefined.

See the LaTeX manual or LaTeX Companion for explanation.
Type  H <return>  for immediate help.
 ...                                              
                                                  
l.119 ^^I\begin{align*}
                       
Your command was ignored.
Type  I <command> <return>  to replace it with another command,
or  <return>  to continue without it.

Missing character: There is no T ("54) in font nullfont!
! Missing $ inserted.
<inserted text> 
                $
l.120 ^^I^^IT_
              {n,2}(x) &= B_n((t-x)^2;x)\\
I've inserted a begin-math/end-math symbol since I think
you left one out. Proceed, with fingers crossed.

! Misplaced alignment tab character &.
l.120 ^^I^^IT_{n,2}(x) &
                        = B_n((t-x)^2;x)\\
I can't figure out why you would want to use a tab mark
here. If you just want an ampersand, the remedy is
simple: Just type `I\&' now. But if some right brace
up above has ended a previous alignment prematurely,
you're probably due for more error messages, and you
might try typing `S' now just to see what is salvageable.

! Misplaced alignment tab character &.
<recently read> &
                 
l.121 ^^I^^I&
             = B_n(t^2-2xt+x^2;x)\\
I can't figure out why you would want to use a tab mark
here. If you just want an ampersand, the remedy is
simple: Just type `I\&' now. But if some right brace
up above has ended a previous alignment prematurely,
you're probably due for more error messages, and you
might try typing `S' now just to see what is salvageable.

! Misplaced alignment tab character &.
<recently read> &
                 
l.122 ^^I^^I&
             = B_n((t^2;x) - 2x B_n(t;x) + x^2B_n(1;x)\\
I can't figure out why you would want to use a tab mark
here. If you just want an ampersand, the remedy is
simple: Just type `I\&' now. But if some right brace
up above has ended a previous alignment prematurely,
you're probably due for more error messages, and you
might try typing `S' now just to see what is salvageable.

! Misplaced alignment tab character &.
<recently read> &
                 
l.123 ^^I^^I&
             = \frac{1}{n^2}\Big[n(n-1)x^2+nx\Big] - 2x\cdot x + x^2\\
I can't figure out why you would want to use a tab mark
here. If you just want an ampersand, the remedy is
simple: Just type `I\&' now. But if some right brace
up above has ended a previous alignment prematurely,
you're probably due for more error messages, and you
might try typing `S' now just to see what is salvageable.

! Misplaced alignment tab character &.
<recently read> &
                 
l.124 ^^I^^I&
             = \frac{x(1-x)}{n}
I can't figure out why you would want to use a tab mark
here. If you just want an ampersand, the remedy is
simple: Just type `I\&' now. But if some right brace
up above has ended a previous alignment prematurely,
you're probably due for more error messages, and you
might try typing `S' now just to see what is salvageable.


! LaTeX Error: \begin{enumerate} on input line 106 ended by \end{align*}.

See the LaTeX manual or LaTeX Companion for explanation.
Type  H <return>  for immediate help.
 ...                                              
                                                  
l.125 ^^I\end{align*}
                     
Your command was ignored.
Type  I <command> <return>  to replace it with another command,
or  <return>  to continue without it.

! Missing $ inserted.
<inserted text> 
                $
l.125 ^^I\end{align*}
                     
I've inserted something that you may have forgotten.
(See the <inserted text> above.)
With luck, this will get me unwedged. But if you
really didn't forget anything, try typing `2' now; then
my insertion and my current dilemma will both disappear.


Overfull \hbox (35.85304pt too wide) in paragraph at lines 120--126
[]\OT1/cmr/m/n/10 (\OML/cmm/m/it/10 x\OT1/cmr/m/n/10 ) =
 []


Overfull \hbox (32.19513pt too wide) in paragraph at lines 120--126
\OML/cmm/m/it/10 B[]\OT1/cmr/m/n/10 ((\OML/cmm/m/it/10 t \OMS/cmsy/m/n/10 ^^@
 []


Overfull \hbox (28.13889pt too wide) in paragraph at lines 120--126
\OML/cmm/m/it/10 x\OT1/cmr/m/n/10 )[]; \OML/cmm/m/it/10 x\OT1/cmr/m/n/10 )[] 
 []


Overfull \hbox (7.7778pt too wide) in paragraph at lines 120--126
\OT1/cmr/m/n/10 =
 []


Overfull \hbox (32.79236pt too wide) in paragraph at lines 120--126
\OML/cmm/m/it/10 B[]\OT1/cmr/m/n/10 (\OML/cmm/m/it/10 t[] \OMS/cmsy/m/n/10 ^^@
 []


Overfull \hbox (22.1042pt too wide) in paragraph at lines 120--126
\OT1/cmr/m/n/10 2\OML/cmm/m/it/10 xt \OT1/cmr/m/n/10 +
 []


Overfull \hbox (24.24998pt too wide) in paragraph at lines 120--126
\OML/cmm/m/it/10 x[]\OT1/cmr/m/n/10 ; \OML/cmm/m/it/10 x\OT1/cmr/m/n/10 )[] 
 []


Overfull \hbox (7.7778pt too wide) in paragraph at lines 120--126
\OT1/cmr/m/n/10 =
 []


Overfull \hbox (50.72984pt too wide) in paragraph at lines 120--126
\OML/cmm/m/it/10 B[]\OT1/cmr/m/n/10 ((\OML/cmm/m/it/10 t[]\OT1/cmr/m/n/10 ; \OM
L/cmm/m/it/10 x\OT1/cmr/m/n/10 ) \OMS/cmsy/m/n/10 ^^@
 []


Overfull \hbox (53.0701pt too wide) in paragraph at lines 120--126
\OT1/cmr/m/n/10 2\OML/cmm/m/it/10 xB[]\OT1/cmr/m/n/10 (\OML/cmm/m/it/10 t\OT1/c
mr/m/n/10 ; \OML/cmm/m/it/10 x\OT1/cmr/m/n/10 ) +
 []


Overfull \hbox (46.16731pt too wide) in paragraph at lines 120--126
\OML/cmm/m/it/10 x[]B[]\OT1/cmr/m/n/10 (1; \OML/cmm/m/it/10 x\OT1/cmr/m/n/10 )[
] 
 []


Overfull \hbox (7.7778pt too wide) in paragraph at lines 120--126
\OT1/cmr/m/n/10 =
 []


Overfull \hbox (39.63979pt too wide) in paragraph at lines 120--126
[][]\OML/cmm/m/it/10 n\OT1/cmr/m/n/10 (\OML/cmm/m/it/10 n \OMS/cmsy/m/n/10 ^^@
 []


Overfull \hbox (26.86812pt too wide) in paragraph at lines 120--126
\OT1/cmr/m/n/10 1)\OML/cmm/m/it/10 x[] \OT1/cmr/m/n/10 +
 []


Overfull \hbox (24.21765pt too wide) in paragraph at lines 120--126
\OML/cmm/m/it/10 nx[] \OMS/cmsy/m/n/10 ^^@
 []


Overfull \hbox (13.49307pt too wide) in paragraph at lines 120--126
\OT1/cmr/m/n/10 2\OML/cmm/m/it/10 x \OMS/cmsy/m/n/10 ^^A
 []


Overfull \hbox (13.49307pt too wide) in paragraph at lines 120--126
\OML/cmm/m/it/10 x \OT1/cmr/m/n/10 +
 []


Overfull \hbox (10.2014pt too wide) in paragraph at lines 120--126
\OML/cmm/m/it/10 x[][] 
 []


Overfull \hbox (7.7778pt too wide) in paragraph at lines 120--126
\OT1/cmr/m/n/10 =
 []


Overfull \hbox (27.95563pt too wide) in paragraph at lines 120--126
[]$ 
 []

Missing character: There is no م (U+0645) in font [lmroman10-bold]:mapping=tex-
text;!
Missing character: There is no ث (U+062B) in font [lmroman10-bold]:mapping=tex-
text;!
Missing character: There is no ا (U+0627) in font [lmroman10-bold]:mapping=tex-
text;!
Missing character: There is no ل (U+0644) in font [lmroman10-bold]:mapping=tex-
text;!
Missing character: There is no ا ("627) in font nullfont!
Missing character: There is no و ("648) in font nullfont!
Missing character: There is no ج ("62C) in font nullfont!
Missing character: There is no د ("62F) in font nullfont!
Missing character: There is no م ("645) in font nullfont!
Missing character: There is no ت ("62A) in font nullfont!
Missing character: There is no ع ("639) in font nullfont!
Missing character: There is no د ("62F) in font nullfont!
Missing character: There is no د ("62F) in font nullfont!
Missing character: There is no ة ("629) in font nullfont!
Missing character: There is no ح ("62D) in font nullfont!
Missing character: There is no د ("62F) in font nullfont!
Missing character: There is no و ("648) in font nullfont!
Missing character: There is no د ("62F) in font nullfont!
Missing character: There is no ت ("62A) in font nullfont!
Missing character: There is no ق ("642) in font nullfont!
Missing character: There is no ر ("631) in font nullfont!
Missing character: There is no ي ("64A) in font nullfont!
Missing character: There is no ب ("628) in font nullfont!
Missing character: There is no ي ("64A) in font nullfont!
Missing character: There is no ة ("629) in font nullfont!
Missing character: There is no م ("645) in font nullfont!
Missing character: There is no ن ("646) in font nullfont!
Missing character: There is no ا ("627) in font nullfont!
Missing character: There is no ل ("644) in font nullfont!
Missing character: There is no د ("62F) in font nullfont!
Missing character: There is no ر ("631) in font nullfont!
Missing character: There is no ج ("62C) in font nullfont!
Missing character: There is no ة ("629) in font nullfont!
Missing character: There is no ا ("627) in font nullfont!
Missing character: There is no ل ("644) in font nullfont!
Missing character: There is no ث ("62B) in font nullfont!
Missing character: There is no ا ("627) in font nullfont!
Missing character: There is no ل ("644) in font nullfont!
Missing character: There is no ث ("62B) in font nullfont!
Missing character: There is no ة ("629) in font nullfont!
Missing character: There is no ل ("644) in font nullfont!
Missing character: There is no ل ("644) in font nullfont!
Missing character: There is no د ("62F) in font nullfont!
Missing character: There is no ا ("627) in font nullfont!
Missing character: There is no ل ("644) in font nullfont!
Missing character: There is no ة ("629) in font nullfont!
Missing character: There is no ا (U+0627) in font [lmroman10-bold]:mapping=tex-
text;!
Missing character: There is no ل (U+0644) in font [lmroman10-bold]:mapping=tex-
text;!
Missing character: There is no ح (U+062D) in font [lmroman10-bold]:mapping=tex-
text;!
Missing character: There is no ل (U+0644) in font [lmroman10-bold]:mapping=tex-
text;!
Missing character: There is no ا ("627) in font nullfont!
Missing character: There is no ل ("644) in font nullfont!
Missing character: There is no ت ("62A) in font nullfont!
Missing character: There is no ق ("642) in font nullfont!
Missing character: There is no ر ("631) in font nullfont!
Missing character: There is no ي ("64A) in font nullfont!
Missing character: There is no ب ("628) in font nullfont!
Missing character: There is no ب ("628) in font nullfont!
Missing character: There is no و ("648) in font nullfont!
Missing character: There is no ا ("627) in font nullfont!
Missing character: There is no س ("633) in font nullfont!
Missing character: There is no ط ("637) in font nullfont!
Missing character: There is no ة ("629) in font nullfont!
Missing character: There is no م ("645) in font nullfont!
Missing character: There is no ؤ ("624) in font nullfont!
Missing character: There is no ث ("62B) in font nullfont!
Missing character: There is no ر ("631) in font nullfont!
Missing character: There is no ب ("628) in font nullfont!
Missing character: There is no ر ("631) in font nullfont!
Missing character: There is no ي ("64A) in font nullfont!
Missing character: There is no ن ("646) in font nullfont!
Missing character: There is no س ("633) in font nullfont!
Missing character: There is no ت ("62A) in font nullfont!
Missing character: There is no ي ("64A) in font nullfont!
Missing character: There is no ن ("646) in font nullfont!
Missing character: There is no ي ("64A) in font nullfont!
Missing character: There is no ع ("639) in font nullfont!
Missing character: There is no ط ("637) in font nullfont!
Missing character: There is no ي ("64A) in font nullfont!
Missing character: There is no م ("645) in font nullfont!
Missing character: There is no ت ("62A) in font nullfont!
Missing character: There is no ع ("639) in font nullfont!
Missing character: There is no د ("62F) in font nullfont!
Missing character: There is no د ("62F) in font nullfont!
Missing character: There is no ة ("629) in font nullfont!
Missing character: There is no ح ("62D) in font nullfont!
Missing character: There is no د ("62F) in font nullfont!
Missing character: There is no و ("648) in font nullfont!
Missing character: There is no د ("62F) in font nullfont!
Missing character: There is no ت ("62A) in font nullfont!
Missing character: There is no ق ("642) in font nullfont!
Missing character: There is no ر ("631) in font nullfont!
Missing character: There is no ي ("64A) in font nullfont!
Missing character: There is no ب ("628) in font nullfont!
Missing character: There is no ي ("64A) in font nullfont!
Missing character: There is no ة ("629) in font nullfont!
Missing character: There is no م ("645) in font nullfont!
Missing character: There is no ن ("646) in font nullfont!
Missing character: There is no ا ("627) in font nullfont!
Missing character: There is no ل ("644) in font nullfont!
Missing character: There is no د ("62F) in font nullfont!
Missing character: There is no ر ("631) in font nullfont!
Missing character: There is no ج ("62C) in font nullfont!
Missing character: There is no ة ("629) in font nullfont!
Missing character: There is no . ("2E) in font nullfont!
Missing character: There is no ا ("627) in font nullfont!
Missing character: There is no ذ ("630) in font nullfont!
Missing character: There is no ن ("646) in font nullfont!

! LaTeX Error: Environment align* undefined.

See the LaTeX manual or LaTeX Companion for explanation.
Type  H <return>  for immediate help.
 ...                                              
                                                  
l.133 \begin{align*}
                    
Your command was ignored.
Type  I <command> <return>  to replace it with another command,
or  <return>  to continue without it.

Missing character: There is no B ("42) in font nullfont!
! Missing $ inserted.
<inserted text> 
                $
l.134 ^^IB_
           3(\sin t; x) &= \sum_{k=0}^{3} b_{3,k}(x) \sin\left(\frac{k}{3}\r...
I've inserted a begin-math/end-math symbol since I think
you left one out. Proceed, with fingers crossed.

! Misplaced alignment tab character &.
l.134 ^^IB_3(\sin t; x) &
                         = \sum_{k=0}^{3} b_{3,k}(x) \sin\left(\frac{k}{3}\r...
I can't figure out why you would want to use a tab mark
here. If you just want an ampersand, the remedy is
simple: Just type `I\&' now. But if some right brace
up above has ended a previous alignment prematurely,
you're probably due for more error messages, and you
might try typing `S' now just to see what is salvageable.

! Misplaced alignment tab character &.
<recently read> &
                 
l.135 ^^I&
          = b_{3,0}(x) \sin\left(\frac{0}{3}\right) + b_{3,1}(x) \sin\left(\...
I can't figure out why you would want to use a tab mark
here. If you just want an ampersand, the remedy is
simple: Just type `I\&' now. But if some right brace
up above has ended a previous alignment prematurely,
you're probably due for more error messages, and you
might try typing `S' now just to see what is salvageable.

! Misplaced alignment tab character &.
<recently read> &
                 
l.136 ^^I &
           \qquad+ b_{3,2}(x) \sin\left(\frac{2}{3}\right) + b_{3,3}(x) \sin...
I can't figure out why you would want to use a tab mark
here. If you just want an ampersand, the remedy is
simple: Just type `I\&' now. But if some right brace
up above has ended a previous alignment prematurely,
you're probably due for more error messages, and you
might try typing `S' now just to see what is salvageable.


! LaTeX Error: \begin{document} ended by \end{align*}.

See the LaTeX manual or LaTeX Companion for explanation.
Type  H <return>  for immediate help.
 ...                                              
                                                  
l.137 \end{align*}
                  
Your command was ignored.
Type  I <command> <return>  to replace it with another command,
or  <return>  to continue without it.

! Missing $ inserted.
<inserted text> 
                $
l.137 \end{align*}
                  
I've inserted something that you may have forgotten.
(See the <inserted text> above.)
With luck, this will get me unwedged. But if you
really didn't forget anything, try typing `2' now; then
my insertion and my current dilemma will both disappear.


Overfull \hbox (11.2pt too wide) in paragraph at lines 128--138
\TU/lmr/bx/n/10 مثال 
 []


Overfull \hbox (26.99994pt too wide) in paragraph at lines 128--138
[] \OML/cmm/m/it/10 t \OMS/cmsy/m/n/10 2
 []


Overfull \hbox (27.8625pt too wide) in paragraph at lines 128--138
\OML/cmm/m/it/10 C\OT1/cmr/m/n/10 [0\OML/cmm/m/it/10 ; \OT1/cmr/m/n/10 1]$ 
 []


Overfull \hbox (11.2pt too wide) in paragraph at lines 128--138
\TU/lmr/bx/n/10 الحل 
 []


Overfull \hbox (6.00235pt too wide) in paragraph at lines 128--138
\OML/cmm/m/it/10 n$
 []


Overfull \hbox (50.53467pt too wide) in paragraph at lines 128--138
[]\OT1/cmr/m/n/10 ([] \OML/cmm/m/it/10 t\OT1/cmr/m/n/10 ; \OML/cmm/m/it/10 x\OT
1/cmr/m/n/10 ) =
 []


Overfull \hbox (89.598pt too wide) in paragraph at lines 128--138
[][] \OML/cmm/m/it/10 b[]\OT1/cmr/m/n/10 (\OML/cmm/m/it/10 x\OT1/cmr/m/n/10 ) [
] [] [] 
 []


Overfull \hbox (7.7778pt too wide) in paragraph at lines 128--138
\OT1/cmr/m/n/10 =
 []


Overfull \hbox (67.57368pt too wide) in paragraph at lines 128--138
\OML/cmm/m/it/10 b[]\OT1/cmr/m/n/10 (\OML/cmm/m/it/10 x\OT1/cmr/m/n/10 ) [] [] 
+
 []


Overfull \hbox (61.46251pt too wide) in paragraph at lines 128--138
\OML/cmm/m/it/10 b[]\OT1/cmr/m/n/10 (\OML/cmm/m/it/10 x\OT1/cmr/m/n/10 ) [] [] 
[] 
 []


Overfull \hbox (7.7778pt too wide) in paragraph at lines 128--138
\OT1/cmr/m/n/10 +
 []


Overfull \hbox (67.57368pt too wide) in paragraph at lines 128--138
\OML/cmm/m/it/10 b[]\OT1/cmr/m/n/10 (\OML/cmm/m/it/10 x\OT1/cmr/m/n/10 ) [] [] 
+
 []


Overfull \hbox (59.79588pt too wide) in paragraph at lines 128--138
\OML/cmm/m/it/10 b[]\OT1/cmr/m/n/10 (\OML/cmm/m/it/10 x\OT1/cmr/m/n/10 ) [] []$
 
 []

)
! Emergency stop.
<*> chapter2.tex
                
*** (job aborted, no legal \end found)

 
Here is how much of TeX's memory you used:
 45 strings out of 474773
 959 string characters out of 5763518
 1931839 words of memory out of 5000000
 22292 multiletter control sequences out of 15000+600000
 558093 words of font info for 39 fonts, out of 8000000 for 9000
 1348 hyphenation exceptions out of 8191
 26i,6n,25p,197b,168s stack positions out of 10000i,1000n,20000p,200000b,200000s
Output written on chapter2.pdf (2 pages).
