This is XeTeX, Version 3.141592653-2.6-0.999996 (TeX Live 2024/Arch Linux) (preloaded format=xelatex 2024.11.12)  3 JAN 2025 15:03
entering extended mode
 restricted \write18 enabled.
 %&-line parsing enabled.
**titlepage.tex
(./titlepage.tex
LaTeX2e <2023-11-01> patch level 1
L3 programming layer <2024-02-20>

! LaTeX Error: Environment titlepage undefined.

See the LaTeX manual or LaTeX Companion for explanation.
Type  H <return>  for immediate help.
 ...                                              
                                                  
l.2 \begin{titlepage}
                     
Your command was ignored.
Type  I <command> <return>  to replace it with another command,
or  <return>  to continue without it.


! LaTeX Error: Missing \begin{document}.

See the LaTeX manual or LaTeX Companion for explanation.
Type  H <return>  for immediate help.
 ...                                              
                                                  
l.3 ^^I\begin{minipage}{0.2\textwidth}
                                      
You're in trouble here.  Try typing  <return>  to proceed.
If that doesn't work, type  X <return>  to quit.

! Undefined control sequence.
l.4 ^^I^^I\raggedleft\includegraphics
                                     [scale=0.2]{Title Page/university.png}
The control sequence at the end of the top line
of your error message was never \def'ed. If you have
misspelled it (e.g., `\hobx'), type `I' and the correct
spelling (e.g., `I\hbox'). Otherwise just continue,
and I'll forget about whatever was undefined.

Missing character: There is no [ ("5B) in font nullfont!
Missing character: There is no s ("73) in font nullfont!
Missing character: There is no c ("63) in font nullfont!
Missing character: There is no a ("61) in font nullfont!
Missing character: There is no l ("6C) in font nullfont!
Missing character: There is no e ("65) in font nullfont!
Missing character: There is no = ("3D) in font nullfont!
Missing character: There is no 0 ("30) in font nullfont!
Missing character: There is no . ("2E) in font nullfont!
Missing character: There is no 2 ("32) in font nullfont!
Missing character: There is no ] ("5D) in font nullfont!
Missing character: There is no T ("54) in font nullfont!
Missing character: There is no i ("69) in font nullfont!
Missing character: There is no t ("74) in font nullfont!
Missing character: There is no l ("6C) in font nullfont!
Missing character: There is no e ("65) in font nullfont!
Missing character: There is no P ("50) in font nullfont!
Missing character: There is no a ("61) in font nullfont!
Missing character: There is no g ("67) in font nullfont!
Missing character: There is no e ("65) in font nullfont!
Missing character: There is no / ("2F) in font nullfont!
Missing character: There is no u ("75) in font nullfont!
Missing character: There is no n ("6E) in font nullfont!
Missing character: There is no i ("69) in font nullfont!
Missing character: There is no v ("76) in font nullfont!
Missing character: There is no e ("65) in font nullfont!
Missing character: There is no r ("72) in font nullfont!
Missing character: There is no s ("73) in font nullfont!
Missing character: There is no i ("69) in font nullfont!
Missing character: There is no t ("74) in font nullfont!
Missing character: There is no y ("79) in font nullfont!
Missing character: There is no . ("2E) in font nullfont!
Missing character: There is no p ("70) in font nullfont!
Missing character: There is no n ("6E) in font nullfont!
Missing character: There is no g ("67) in font nullfont!
LaTeX Font Info:    External font `cmex10' loaded for size
(Font)              <7> on input line 5.
LaTeX Font Info:    External font `cmex10' loaded for size
(Font)              <5> on input line 5.
Missing character: There is no و (U+0648) in font [lmroman10-bold]:mapping=tex-
text;!
Missing character: There is no ز (U+0632) in font [lmroman10-bold]:mapping=tex-
text;!
Missing character: There is no ا (U+0627) in font [lmroman10-bold]:mapping=tex-
text;!
Missing character: There is no ر (U+0631) in font [lmroman10-bold]:mapping=tex-
text;!
Missing character: There is no ة (U+0629) in font [lmroman10-bold]:mapping=tex-
text;!
Missing character: There is no ا (U+0627) in font [lmroman10-bold]:mapping=tex-
text;!
Missing character: There is no ل (U+0644) in font [lmroman10-bold]:mapping=tex-
text;!
Missing character: There is no ت (U+062A) in font [lmroman10-bold]:mapping=tex-
text;!
Missing character: There is no ع (U+0639) in font [lmroman10-bold]:mapping=tex-
text;!
Missing character: There is no ل (U+0644) in font [lmroman10-bold]:mapping=tex-
text;!
Missing character: There is no ي (U+064A) in font [lmroman10-bold]:mapping=tex-
text;!
Missing character: There is no م (U+0645) in font [lmroman10-bold]:mapping=tex-
text;!
Missing character: There is no ا (U+0627) in font [lmroman10-bold]:mapping=tex-
text;!
Missing character: There is no ل (U+0644) in font [lmroman10-bold]:mapping=tex-
text;!
Missing character: There is no ع (U+0639) in font [lmroman10-bold]:mapping=tex-
text;!
Missing character: There is no ا (U+0627) in font [lmroman10-bold]:mapping=tex-
text;!
Missing character: There is no ل (U+0644) in font [lmroman10-bold]:mapping=tex-
text;!
Missing character: There is no ي (U+064A) in font [lmroman10-bold]:mapping=tex-
text;!
Missing character: There is no و (U+0648) in font [lmroman10-bold]:mapping=tex-
text;!
Missing character: There is no ا (U+0627) in font [lmroman10-bold]:mapping=tex-
text;!
Missing character: There is no ل (U+0644) in font [lmroman10-bold]:mapping=tex-
text;!
Missing character: There is no ب (U+0628) in font [lmroman10-bold]:mapping=tex-
text;!
Missing character: There is no ح (U+062D) in font [lmroman10-bold]:mapping=tex-
text;!
Missing character: There is no ث (U+062B) in font [lmroman10-bold]:mapping=tex-
text;!
Missing character: There is no ا (U+0627) in font [lmroman10-bold]:mapping=tex-
text;!
Missing character: There is no ل (U+0644) in font [lmroman10-bold]:mapping=tex-
text;!
Missing character: There is no ع (U+0639) in font [lmroman10-bold]:mapping=tex-
text;!
Missing character: There is no ل (U+0644) in font [lmroman10-bold]:mapping=tex-
text;!
Missing character: There is no م (U+0645) in font [lmroman10-bold]:mapping=tex-
text;!
Missing character: There is no ي (U+064A) in font [lmroman10-bold]:mapping=tex-
text;!
Missing character: There is no ج (U+062C) in font [lmroman10-bold]:mapping=tex-
text;!
Missing character: There is no ا (U+0627) in font [lmroman10-bold]:mapping=tex-
text;!
Missing character: There is no م (U+0645) in font [lmroman10-bold]:mapping=tex-
text;!
Missing character: There is no ع (U+0639) in font [lmroman10-bold]:mapping=tex-
text;!
Missing character: There is no ة (U+0629) in font [lmroman10-bold]:mapping=tex-
text;!
Missing character: There is no ا (U+0627) in font [lmroman10-bold]:mapping=tex-
text;!
Missing character: There is no ل (U+0644) in font [lmroman10-bold]:mapping=tex-
text;!
Missing character: There is no ب (U+0628) in font [lmroman10-bold]:mapping=tex-
text;!
Missing character: There is no ص (U+0635) in font [lmroman10-bold]:mapping=tex-
text;!
Missing character: There is no ر (U+0631) in font [lmroman10-bold]:mapping=tex-
text;!
Missing character: There is no ة (U+0629) in font [lmroman10-bold]:mapping=tex-
text;!
Missing character: There is no ك (U+0643) in font [lmroman10-bold]:mapping=tex-
text;!
Missing character: There is no ل (U+0644) in font [lmroman10-bold]:mapping=tex-
text;!
Missing character: There is no ي (U+064A) in font [lmroman10-bold]:mapping=tex-
text;!
Missing character: There is no ة (U+0629) in font [lmroman10-bold]:mapping=tex-
text;!
Missing character: There is no ا (U+0627) in font [lmroman10-bold]:mapping=tex-
text;!
Missing character: There is no ل (U+0644) in font [lmroman10-bold]:mapping=tex-
text;!
Missing character: There is no ت (U+062A) in font [lmroman10-bold]:mapping=tex-
text;!
Missing character: There is no ر (U+0631) in font [lmroman10-bold]:mapping=tex-
text;!
Missing character: There is no ب (U+0628) in font [lmroman10-bold]:mapping=tex-
text;!
Missing character: There is no ي (U+064A) in font [lmroman10-bold]:mapping=tex-
text;!
Missing character: There is no ة (U+0629) in font [lmroman10-bold]:mapping=tex-
text;!
Missing character: There is no ل (U+0644) in font [lmroman10-bold]:mapping=tex-
text;!
Missing character: There is no ل (U+0644) in font [lmroman10-bold]:mapping=tex-
text;!
Missing character: There is no ع (U+0639) in font [lmroman10-bold]:mapping=tex-
text;!
Missing character: There is no ل (U+0644) in font [lmroman10-bold]:mapping=tex-
text;!
Missing character: There is no و (U+0648) in font [lmroman10-bold]:mapping=tex-
text;!
Missing character: There is no م (U+0645) in font [lmroman10-bold]:mapping=tex-
text;!
Missing character: There is no ا (U+0627) in font [lmroman10-bold]:mapping=tex-
text;!
Missing character: There is no ل (U+0644) in font [lmroman10-bold]:mapping=tex-
text;!
Missing character: There is no ص (U+0635) in font [lmroman10-bold]:mapping=tex-
text;!
Missing character: There is no ر (U+0631) in font [lmroman10-bold]:mapping=tex-
text;!
Missing character: There is no ف (U+0641) in font [lmroman10-bold]:mapping=tex-
text;!
Missing character: There is no ة (U+0629) in font [lmroman10-bold]:mapping=tex-
text;!
Missing character: There is no ق (U+0642) in font [lmroman10-bold]:mapping=tex-
text;!
Missing character: There is no س (U+0633) in font [lmroman10-bold]:mapping=tex-
text;!
Missing character: There is no م (U+0645) in font [lmroman10-bold]:mapping=tex-
text;!
Missing character: There is no ا (U+0627) in font [lmroman10-bold]:mapping=tex-
text;!
Missing character: There is no ل (U+0644) in font [lmroman10-bold]:mapping=tex-
text;!
Missing character: There is no ر (U+0631) in font [lmroman10-bold]:mapping=tex-
text;!
Missing character: There is no ي (U+064A) in font [lmroman10-bold]:mapping=tex-
text;!
Missing character: There is no ا (U+0627) in font [lmroman10-bold]:mapping=tex-
text;!
Missing character: There is no ض (U+0636) in font [lmroman10-bold]:mapping=tex-
text;!
Missing character: There is no ي (U+064A) in font [lmroman10-bold]:mapping=tex-
text;!
Missing character: There is no ا (U+0627) in font [lmroman10-bold]:mapping=tex-
text;!
Missing character: There is no ت (U+062A) in font [lmroman10-bold]:mapping=tex-
text;!
! Undefined control sequence.
l.17 ^^I^^I\raggedright\includegraphics
                                       [scale=0.16]{Title Page/college.png}
The control sequence at the end of the top line
of your error message was never \def'ed. If you have
misspelled it (e.g., `\hobx'), type `I' and the correct
spelling (e.g., `I\hbox'). Otherwise just continue,
and I'll forget about whatever was undefined.

Missing character: There is no [ ("5B) in font nullfont!
Missing character: There is no s ("73) in font nullfont!
Missing character: There is no c ("63) in font nullfont!
Missing character: There is no a ("61) in font nullfont!
Missing character: There is no l ("6C) in font nullfont!
Missing character: There is no e ("65) in font nullfont!
Missing character: There is no = ("3D) in font nullfont!
Missing character: There is no 0 ("30) in font nullfont!
Missing character: There is no . ("2E) in font nullfont!
Missing character: There is no 1 ("31) in font nullfont!
Missing character: There is no 6 ("36) in font nullfont!
Missing character: There is no ] ("5D) in font nullfont!
Missing character: There is no T ("54) in font nullfont!
Missing character: There is no i ("69) in font nullfont!
Missing character: There is no t ("74) in font nullfont!
Missing character: There is no l ("6C) in font nullfont!
Missing character: There is no e ("65) in font nullfont!
Missing character: There is no P ("50) in font nullfont!
Missing character: There is no a ("61) in font nullfont!
Missing character: There is no g ("67) in font nullfont!
Missing character: There is no e ("65) in font nullfont!
Missing character: There is no / ("2F) in font nullfont!
Missing character: There is no c ("63) in font nullfont!
Missing character: There is no o ("6F) in font nullfont!
Missing character: There is no l ("6C) in font nullfont!
Missing character: There is no l ("6C) in font nullfont!
Missing character: There is no e ("65) in font nullfont!
Missing character: There is no g ("67) in font nullfont!
Missing character: There is no e ("65) in font nullfont!
Missing character: There is no . ("2E) in font nullfont!
Missing character: There is no p ("70) in font nullfont!
Missing character: There is no n ("6E) in font nullfont!
Missing character: There is no g ("67) in font nullfont!

Overfull \hbox (1658.37498pt too wide) in paragraph at lines 3--19
[]$[]$
 []


Overfull \hbox (4095.99998pt too wide) in paragraph at lines 3--19
[]$
 []


Overfull \hbox (1638.37498pt too wide) in paragraph at lines 3--19
[]$ 
 []


! LaTeX Error: Missing \begin{document}.

See the LaTeX manual or LaTeX Companion for explanation.
Type  H <return>  for immediate help.
 ...                                              
                                                  
l.22 ^^I\begin{center}
                      
You're in trouble here.  Try typing  <return>  to proceed.
If that doesn't work, type  X <return>  to quit.


Overfull \hbox (20.0pt too wide) in paragraph at lines 22--22
[] 
 []


Overfull \hbox (284.52756pt too wide) in paragraph at lines 23--23
 [] 
 []

! Undefined control sequence.
l.25 ^^I^^I\large
                  \textbf{الرياضيات المتقطعة}\\
The control sequence at the end of the top line
of your error message was never \def'ed. If you have
misspelled it (e.g., `\hobx'), type `I' and the correct
spelling (e.g., `I\hbox'). Otherwise just continue,
and I'll forget about whatever was undefined.

Missing character: There is no ا (U+0627) in font [lmroman10-bold]:mapping=tex-
text;!
Missing character: There is no ل (U+0644) in font [lmroman10-bold]:mapping=tex-
text;!
Missing character: There is no ر (U+0631) in font [lmroman10-bold]:mapping=tex-
text;!
Missing character: There is no ي (U+064A) in font [lmroman10-bold]:mapping=tex-
text;!
Missing character: There is no ا (U+0627) in font [lmroman10-bold]:mapping=tex-
text;!
Missing character: There is no ض (U+0636) in font [lmroman10-bold]:mapping=tex-
text;!
Missing character: There is no ي (U+064A) in font [lmroman10-bold]:mapping=tex-
text;!
Missing character: There is no ا (U+0627) in font [lmroman10-bold]:mapping=tex-
text;!
Missing character: There is no ت (U+062A) in font [lmroman10-bold]:mapping=tex-
text;!
Missing character: There is no ا (U+0627) in font [lmroman10-bold]:mapping=tex-
text;!
Missing character: There is no ل (U+0644) in font [lmroman10-bold]:mapping=tex-
text;!
Missing character: There is no م (U+0645) in font [lmroman10-bold]:mapping=tex-
text;!
Missing character: There is no ت (U+062A) in font [lmroman10-bold]:mapping=tex-
text;!
Missing character: There is no ق (U+0642) in font [lmroman10-bold]:mapping=tex-
text;!
Missing character: There is no ط (U+0637) in font [lmroman10-bold]:mapping=tex-
text;!
Missing character: There is no ع (U+0639) in font [lmroman10-bold]:mapping=tex-
text;!
Missing character: There is no ة (U+0629) in font [lmroman10-bold]:mapping=tex-
text;!

Overfull \hbox (25.2pt too wide) in paragraph at lines 25--25
 []\TU/lmr/bx/n/10 الرياضيات 
 []


Overfull \hbox (22.4pt too wide) in paragraph at lines 25--25
 \TU/lmr/bx/n/10 المتقطعة 
 []

! Undefined control sequence.
<recently read> \large 
                       
l.26 ^^I^^I\large
                  \textbf{\en{Discrete Mathmematics}}\\
The control sequence at the end of the top line
of your error message was never \def'ed. If you have
misspelled it (e.g., `\hobx'), type `I' and the correct
spelling (e.g., `I\hbox'). Otherwise just continue,
and I'll forget about whatever was undefined.

! Undefined control sequence.
<recently read> \en 
                    
l.26 ...\large \textbf{\en{Discrete Mathmematics}}
                                                  \\
The control sequence at the end of the top line
of your error message was never \def'ed. If you have
misspelled it (e.g., `\hobx'), type `I' and the correct
spelling (e.g., `I\hbox'). Otherwise just continue,
and I'll forget about whatever was undefined.


Overfull \hbox (41.41pt too wide) in paragraph at lines 26--26
 []\TU/lmr/bx/n/10 Discrete 
 []


Overfull \hbox (31.2pt too wide) in paragraph at lines 26--26
 \TU/lmr/bx/n/10 Math- 
 []


Overfull \hbox (38.32pt too wide) in paragraph at lines 26--26
 \TU/lmr/bx/n/10 memat- 
 []


Overfull \hbox (12.84pt too wide) in paragraph at lines 26--26
 \TU/lmr/bx/n/10 ics 
 []


Overfull \hbox (284.52756pt too wide) in paragraph at lines 28--29
 [][] 
 []

! Undefined control sequence.
l.32 ^^I^^I\large
                 
The control sequence at the end of the top line
of your error message was never \def'ed. If you have
misspelled it (e.g., `\hobx'), type `I' and the correct
spelling (e.g., `I\hbox'). Otherwise just continue,
and I'll forget about whatever was undefined.

Missing character: There is no م (U+0645) in font [lmroman10-bold]:mapping=tex-
text;!
Missing character: There is no ق (U+0642) in font [lmroman10-bold]:mapping=tex-
text;!
Missing character: There is no د (U+062F) in font [lmroman10-bold]:mapping=tex-
text;!
Missing character: There is no م (U+0645) in font [lmroman10-bold]:mapping=tex-
text;!
Missing character: There is no إ (U+0625) in font [lmroman10-bold]:mapping=tex-
text;!
Missing character: There is no ل (U+0644) in font [lmroman10-bold]:mapping=tex-
text;!
Missing character: There is no ى (U+0649) in font [lmroman10-bold]:mapping=tex-
text;!
Missing character: There is no ق (U+0642) in font [lmroman10-bold]:mapping=tex-
text;!
Missing character: There is no س (U+0633) in font [lmroman10-bold]:mapping=tex-
text;!
Missing character: There is no م (U+0645) in font [lmroman10-bold]:mapping=tex-
text;!
Missing character: There is no ا (U+0627) in font [lmroman10-bold]:mapping=tex-
text;!
Missing character: There is no ل (U+0644) in font [lmroman10-bold]:mapping=tex-
text;!
Missing character: There is no ر (U+0631) in font [lmroman10-bold]:mapping=tex-
text;!
Missing character: There is no ي (U+064A) in font [lmroman10-bold]:mapping=tex-
text;!
Missing character: There is no ا (U+0627) in font [lmroman10-bold]:mapping=tex-
text;!
Missing character: There is no ض (U+0636) in font [lmroman10-bold]:mapping=tex-
text;!
Missing character: There is no ي (U+064A) in font [lmroman10-bold]:mapping=tex-
text;!
Missing character: There is no ا (U+0627) in font [lmroman10-bold]:mapping=tex-
text;!
Missing character: There is no ت (U+062A) in font [lmroman10-bold]:mapping=tex-
text;!
Missing character: There is no ك (U+0643) in font [lmroman10-bold]:mapping=tex-
text;!
Missing character: There is no ل (U+0644) in font [lmroman10-bold]:mapping=tex-
text;!
Missing character: There is no ي (U+064A) in font [lmroman10-bold]:mapping=tex-
text;!
Missing character: There is no ة (U+0629) in font [lmroman10-bold]:mapping=tex-
text;!
Missing character: There is no ا (U+0627) in font [lmroman10-bold]:mapping=tex-
text;!
Missing character: There is no ل (U+0644) in font [lmroman10-bold]:mapping=tex-
text;!
Missing character: There is no ت (U+062A) in font [lmroman10-bold]:mapping=tex-
text;!
Missing character: There is no ر (U+0631) in font [lmroman10-bold]:mapping=tex-
text;!
Missing character: There is no ب (U+0628) in font [lmroman10-bold]:mapping=tex-
text;!
Missing character: There is no ي (U+064A) in font [lmroman10-bold]:mapping=tex-
text;!
Missing character: There is no ة (U+0629) in font [lmroman10-bold]:mapping=tex-
text;!
Missing character: There is no ل (U+0644) in font [lmroman10-bold]:mapping=tex-
text;!
Missing character: There is no ل (U+0644) in font [lmroman10-bold]:mapping=tex-
text;!
Missing character: There is no ع (U+0639) in font [lmroman10-bold]:mapping=tex-
text;!
Missing character: There is no ل (U+0644) in font [lmroman10-bold]:mapping=tex-
text;!
Missing character: There is no و (U+0648) in font [lmroman10-bold]:mapping=tex-
text;!
Missing character: There is no م (U+0645) in font [lmroman10-bold]:mapping=tex-
text;!
Missing character: There is no ا (U+0627) in font [lmroman10-bold]:mapping=tex-
text;!
Missing character: There is no ل (U+0644) in font [lmroman10-bold]:mapping=tex-
text;!
Missing character: There is no ص (U+0635) in font [lmroman10-bold]:mapping=tex-
text;!
Missing character: There is no ر (U+0631) in font [lmroman10-bold]:mapping=tex-
text;!
Missing character: There is no ف (U+0641) in font [lmroman10-bold]:mapping=tex-
text;!
Missing character: There is no ة (U+0629) in font [lmroman10-bold]:mapping=tex-
text;!
Missing character: There is no ج (U+062C) in font [lmroman10-bold]:mapping=tex-
text;!
Missing character: There is no ا (U+0627) in font [lmroman10-bold]:mapping=tex-
text;!
Missing character: There is no م (U+0645) in font [lmroman10-bold]:mapping=tex-
text;!
Missing character: There is no ع (U+0639) in font [lmroman10-bold]:mapping=tex-
text;!
Missing character: There is no ة (U+0629) in font [lmroman10-bold]:mapping=tex-
text;!
Missing character: There is no ا (U+0627) in font [lmroman10-bold]:mapping=tex-
text;!
Missing character: There is no ل (U+0644) in font [lmroman10-bold]:mapping=tex-
text;!
Missing character: There is no ب (U+0628) in font [lmroman10-bold]:mapping=tex-
text;!
Missing character: There is no ص (U+0635) in font [lmroman10-bold]:mapping=tex-
text;!
Missing character: There is no ر (U+0631) in font [lmroman10-bold]:mapping=tex-
text;!
Missing character: There is no ة (U+0629) in font [lmroman10-bold]:mapping=tex-
text;!

Overfull \hbox (11.2pt too wide) in paragraph at lines 35--35
 \TU/lmr/bx/n/10 مقدم 
 []


Overfull \hbox (8.4pt too wide) in paragraph at lines 35--35
 \TU/lmr/bx/n/10 إلى 
 []


Overfull \hbox (8.4pt too wide) in paragraph at lines 35--35
 \TU/lmr/bx/n/10 قسم 
 []


Overfull \hbox (25.2pt too wide) in paragraph at lines 35--35
 \TU/lmr/bx/n/10 الرياضيات 
 []


Overfull \hbox (11.2pt too wide) in paragraph at lines 35--35
 \TU/lmr/bx/n/10 كلية 
 []


Overfull \hbox (19.6pt too wide) in paragraph at lines 35--35
 \TU/lmr/bx/n/10 التربية 
 []


Overfull \hbox (16.8pt too wide) in paragraph at lines 35--35
 \TU/lmr/bx/n/10 للعلوم 
 []


Overfull \hbox (16.8pt too wide) in paragraph at lines 35--35
 \TU/lmr/bx/n/10 الصرفة 
 []


Overfull \hbox (14.0pt too wide) in paragraph at lines 35--35
 \TU/lmr/bx/n/10 جامعة 
 []


Overfull \hbox (16.8pt too wide) in paragraph at lines 35--35
 \TU/lmr/bx/n/10 البصرة 
 []

Missing character: There is no و (U+0648) in font [lmroman10-bold]:mapping=tex-
text;!
Missing character: There is no ه (U+0647) in font [lmroman10-bold]:mapping=tex-
text;!
Missing character: There is no و (U+0648) in font [lmroman10-bold]:mapping=tex-
text;!
Missing character: There is no ج (U+062C) in font [lmroman10-bold]:mapping=tex-
text;!
Missing character: There is no ز (U+0632) in font [lmroman10-bold]:mapping=tex-
text;!
Missing character: There is no ء (U+0621) in font [lmroman10-bold]:mapping=tex-
text;!
Missing character: There is no م (U+0645) in font [lmroman10-bold]:mapping=tex-
text;!
Missing character: There is no ن (U+0646) in font [lmroman10-bold]:mapping=tex-
text;!
Missing character: There is no م (U+0645) in font [lmroman10-bold]:mapping=tex-
text;!
Missing character: There is no ت (U+062A) in font [lmroman10-bold]:mapping=tex-
text;!
Missing character: There is no ط (U+0637) in font [lmroman10-bold]:mapping=tex-
text;!
Missing character: There is no ل (U+0644) in font [lmroman10-bold]:mapping=tex-
text;!
Missing character: There is no ب (U+0628) in font [lmroman10-bold]:mapping=tex-
text;!
Missing character: There is no ا (U+0627) in font [lmroman10-bold]:mapping=tex-
text;!
Missing character: There is no ت (U+062A) in font [lmroman10-bold]:mapping=tex-
text;!
Missing character: There is no ن (U+0646) in font [lmroman10-bold]:mapping=tex-
text;!
Missing character: There is no ي (U+064A) in font [lmroman10-bold]:mapping=tex-
text;!
Missing character: There is no ل (U+0644) in font [lmroman10-bold]:mapping=tex-
text;!
Missing character: There is no ش (U+0634) in font [lmroman10-bold]:mapping=tex-
text;!
Missing character: There is no ه (U+0647) in font [lmroman10-bold]:mapping=tex-
text;!
Missing character: There is no ا (U+0627) in font [lmroman10-bold]:mapping=tex-
text;!
Missing character: There is no د (U+062F) in font [lmroman10-bold]:mapping=tex-
text;!
Missing character: There is no ة (U+0629) in font [lmroman10-bold]:mapping=tex-
text;!
Missing character: There is no ب (U+0628) in font [lmroman10-bold]:mapping=tex-
text;!
Missing character: There is no ك (U+0643) in font [lmroman10-bold]:mapping=tex-
text;!
Missing character: There is no ا (U+0627) in font [lmroman10-bold]:mapping=tex-
text;!
Missing character: There is no ل (U+0644) in font [lmroman10-bold]:mapping=tex-
text;!
Missing character: There is no و (U+0648) in font [lmroman10-bold]:mapping=tex-
text;!
Missing character: There is no ر (U+0631) in font [lmroman10-bold]:mapping=tex-
text;!
Missing character: There is no ي (U+064A) in font [lmroman10-bold]:mapping=tex-
text;!
Missing character: There is no و (U+0648) in font [lmroman10-bold]:mapping=tex-
text;!
Missing character: There is no س (U+0633) in font [lmroman10-bold]:mapping=tex-
text;!
Missing character: There is no ع (U+0639) in font [lmroman10-bold]:mapping=tex-
text;!
Missing character: There is no ل (U+0644) in font [lmroman10-bold]:mapping=tex-
text;!
Missing character: There is no و (U+0648) in font [lmroman10-bold]:mapping=tex-
text;!
Missing character: There is no م (U+0645) in font [lmroman10-bold]:mapping=tex-
text;!
Missing character: There is no ا (U+0627) in font [lmroman10-bold]:mapping=tex-
text;!
Missing character: There is no ل (U+0644) in font [lmroman10-bold]:mapping=tex-
text;!
Missing character: There is no ر (U+0631) in font [lmroman10-bold]:mapping=tex-
text;!
Missing character: There is no ي (U+064A) in font [lmroman10-bold]:mapping=tex-
text;!
Missing character: There is no ا (U+0627) in font [lmroman10-bold]:mapping=tex-
text;!
Missing character: There is no ض (U+0636) in font [lmroman10-bold]:mapping=tex-
text;!
Missing character: There is no ي (U+064A) in font [lmroman10-bold]:mapping=tex-
text;!
Missing character: There is no ا (U+0627) in font [lmroman10-bold]:mapping=tex-
text;!
Missing character: There is no ت (U+062A) in font [lmroman10-bold]:mapping=tex-
text;!

Overfull \hbox (8.4pt too wide) in paragraph at lines 35--36
 []\TU/lmr/bx/n/10 وهو 
 []


Overfull \hbox (8.4pt too wide) in paragraph at lines 35--36
 \TU/lmr/bx/n/10 جزء 
 []


Overfull \hbox (5.6pt too wide) in paragraph at lines 35--36
 \TU/lmr/bx/n/10 من 
 []


Overfull \hbox (19.6pt too wide) in paragraph at lines 35--36
 \TU/lmr/bx/n/10 متطلبات 
 []


Overfull \hbox (8.4pt too wide) in paragraph at lines 35--36
 \TU/lmr/bx/n/10 نيل 
 []


Overfull \hbox (14.0pt too wide) in paragraph at lines 35--36
 \TU/lmr/bx/n/10 شهادة 
 []


Overfull \hbox (25.2pt too wide) in paragraph at lines 35--36
 \TU/lmr/bx/n/10 بكالوريوس 
 []


Overfull \hbox (11.2pt too wide) in paragraph at lines 35--36
 \TU/lmr/bx/n/10 علوم 
 []


Overfull \hbox (25.2pt too wide) in paragraph at lines 35--36
 \TU/lmr/bx/n/10 الرياضيات 
 []

! Undefined control sequence.
l.39 ^^I^^I\large
                 
The control sequence at the end of the top line
of your error message was never \def'ed. If you have
misspelled it (e.g., `\hobx'), type `I' and the correct
spelling (e.g., `I\hbox'). Otherwise just continue,
and I'll forget about whatever was undefined.

Missing character: There is no م (U+0645) in font [lmroman10-bold]:mapping=tex-
text;!
Missing character: There is no ن (U+0646) in font [lmroman10-bold]:mapping=tex-
text;!
Missing character: There is no ق (U+0642) in font [lmroman10-bold]:mapping=tex-
text;!
Missing character: There is no ب (U+0628) in font [lmroman10-bold]:mapping=tex-
text;!
Missing character: There is no ل (U+0644) in font [lmroman10-bold]:mapping=tex-
text;!
Missing character: There is no ا (U+0627) in font [lmroman10-bold]:mapping=tex-
text;!
Missing character: There is no ل (U+0644) in font [lmroman10-bold]:mapping=tex-
text;!
Missing character: There is no ط (U+0637) in font [lmroman10-bold]:mapping=tex-
text;!
Missing character: There is no ا (U+0627) in font [lmroman10-bold]:mapping=tex-
text;!
Missing character: There is no ل (U+0644) in font [lmroman10-bold]:mapping=tex-
text;!
Missing character: There is no ب (U+0628) in font [lmroman10-bold]:mapping=tex-
text;!
Missing character: There is no ة (U+0629) in font [lmroman10-bold]:mapping=tex-
text;!

Overfull \hbox (5.6pt too wide) in paragraph at lines 40--40
 \TU/lmr/bx/n/10 من 
 []


Overfull \hbox (8.4pt too wide) in paragraph at lines 40--40
 \TU/lmr/bx/n/10 قبل 
 []


Overfull \hbox (19.6pt too wide) in paragraph at lines 40--40
 \TU/lmr/bx/n/10 الطالبة 
 []

! Undefined control sequence.
l.42 ^^I^^I \large
                  
The control sequence at the end of the top line
of your error message was never \def'ed. If you have
misspelled it (e.g., `\hobx'), type `I' and the correct
spelling (e.g., `I\hbox'). Otherwise just continue,
and I'll forget about whatever was undefined.

Missing character: There is no ز (U+0632) in font [lmroman10-bold]:mapping=tex-
text;!
Missing character: There is no ي (U+064A) in font [lmroman10-bold]:mapping=tex-
text;!
Missing character: There is no ن (U+0646) in font [lmroman10-bold]:mapping=tex-
text;!
Missing character: There is no ب (U+0628) in font [lmroman10-bold]:mapping=tex-
text;!
Missing character: There is no ه (U+0647) in font [lmroman10-bold]:mapping=tex-
text;!
Missing character: There is no ا (U+0627) in font [lmroman10-bold]:mapping=tex-
text;!
Missing character: There is no م (U+0645) in font [lmroman10-bold]:mapping=tex-
text;!
Missing character: There is no ل (U+0644) in font [lmroman10-bold]:mapping=tex-
text;!

Overfull \hbox (11.2pt too wide) in paragraph at lines 43--44
 []\TU/lmr/bx/n/10 زينب 
 []


Overfull \hbox (11.2pt too wide) in paragraph at lines 43--44
 \TU/lmr/bx/n/10 هامل 
 []

! Undefined control sequence.
l.47 ^^I^^I\large
                 
The control sequence at the end of the top line
of your error message was never \def'ed. If you have
misspelled it (e.g., `\hobx'), type `I' and the correct
spelling (e.g., `I\hbox'). Otherwise just continue,
and I'll forget about whatever was undefined.

Missing character: There is no إ (U+0625) in font [lmroman10-bold]:mapping=tex-
text;!
Missing character: There is no ش (U+0634) in font [lmroman10-bold]:mapping=tex-
text;!
Missing character: There is no ر (U+0631) in font [lmroman10-bold]:mapping=tex-
text;!
Missing character: There is no ا (U+0627) in font [lmroman10-bold]:mapping=tex-
text;!
Missing character: There is no ف (U+0641) in font [lmroman10-bold]:mapping=tex-
text;!

Overfull \hbox (14.0pt too wide) in paragraph at lines 48--48
 \TU/lmr/bx/n/10 إشراف 
 []

! Undefined control sequence.
l.50 ^^I^^I \large
                  
The control sequence at the end of the top line
of your error message was never \def'ed. If you have
misspelled it (e.g., `\hobx'), type `I' and the correct
spelling (e.g., `I\hbox'). Otherwise just continue,
and I'll forget about whatever was undefined.


Overfull \hbox (3.19pt too wide) in paragraph at lines 51--52
 []\TU/lmr/bx/n/10 . 
 []

! Undefined control sequence.
l.55 ^^I^^I\large
                 
The control sequence at the end of the top line
of your error message was never \def'ed. If you have
misspelled it (e.g., `\hobx'), type `I' and the correct
spelling (e.g., `I\hbox'). Otherwise just continue,
and I'll forget about whatever was undefined.

Missing character: There is no ه (U+0647) in font [lmroman10-bold]:mapping=tex-
text;!
Missing character: There is no ‍ (U+200D) in font [lmroman10-bold]:mapping=tex-
text;!
Missing character: There is no ـ (U+0640) in font [lmroman10-bold]:mapping=tex-
text;!
Missing character: There is no ـ (U+0640) in font [lmroman10-bold]:mapping=tex-
text;!
Missing character: There is no م (U+0645) in font [lmroman10-bold]:mapping=tex-
text;!

Overfull \hbox (23.0pt too wide) in paragraph at lines 56--57
 \TU/lmr/bx/n/10 1445 
 []


Overfull \hbox (8.4pt too wide) in paragraph at lines 56--57
 \TU/lmr/bx/n/10 ه‍ــ 
 []


Overfull \hbox (3.83pt too wide) in paragraph at lines 56--57
 \TU/lmr/bx/n/10 - 
 []


Overfull \hbox (23.0pt too wide) in paragraph at lines 56--57
 \TU/lmr/bx/n/10 2024 
 []


Overfull \hbox (2.8pt too wide) in paragraph at lines 56--57
 \TU/lmr/bx/n/10 م 
 []


! LaTeX Error: \begin{document} ended by \end{titlepage}.

See the LaTeX manual or LaTeX Companion for explanation.
Type  H <return>  for immediate help.
 ...                                              
                                                  
l.58 \end{titlepage}
                    
Your command was ignored.
Type  I <command> <return>  to replace it with another command,
or  <return>  to continue without it.

)
! Emergency stop.
<*> titlepage.tex
                 
*** (job aborted, no legal \end found)

 
Here is how much of TeX's memory you used:
 29 strings out of 474773
 611 string characters out of 5763518
 1920839 words of memory out of 5000000
 22281 multiletter control sequences out of 15000+600000
 558077 words of font info for 37 fonts, out of 8000000 for 9000
 1348 hyphenation exceptions out of 8191
 20i,3n,22p,116b,147s stack positions out of 10000i,1000n,20000p,200000b,200000s
No pages of output.
